<?xml version="1.0" encoding="UTF-8"?>
<!-- Generated by org.testng.reporters.JUnitXMLReporter -->
<testsuite hostname="Nallans-NewPC" ignored="0" name="LoginTest" tests="8" failures="1" timestamp="16 Feb 2018 20:18:38 GMT" time="131.119" errors="0">
  <testcase name="verifyLoginNameTest" time="0.126" classname="com.JusDone.qa.TestCases.LoginPageTest"/>
  <testcase name="verifyLForgotPwdTest" time="0.058" classname="com.JusDone.qa.TestCases.LoginPageTest"/>
  <testcase name="verifyLoginBtnTest" time="0.065" classname="com.JusDone.qa.TestCases.LoginPageTest"/>
  <testcase name="verifyLRememberMeTest" time="0.06" classname="com.JusDone.qa.TestCases.LoginPageTest">
    <failure type="java.lang.AssertionError" message="expected [true] but found [false]">
      <![CDATA[java.lang.AssertionError: expected [true] but found [false]
	at com.JusDone.qa.TestCases.LoginPageTest.verifyLRememberMeTest(LoginPageTest.java:62)
... Removed 32 stack frames]]>
    </failure>
  </testcase> <!-- verifyLRememberMeTest -->
  <testcase name="verifyLCreateAcctBtnTest" time="0.066" classname="com.JusDone.qa.TestCases.LoginPageTest"/>
  <testcase name="ValidLoginTest" time="9.159" classname="com.JusDone.qa.TestCases.LoginPageTest"/>
  <testcase name="InvalidLoginTest" time="2.039" classname="com.JusDone.qa.TestCases.LoginPageTest"/>
  <testcase name="BlankInputLoginTest" time="0.874" classname="com.JusDone.qa.TestCases.LoginPageTest"/>
</testsuite> <!-- LoginTest -->
