<?xml version="1.0" encoding="UTF-8"?>
<!-- Generated by org.testng.reporters.JUnitXMLReporter -->
<testsuite hostname="Nallans-NewPC" ignored="0" name="Surefire test" tests="47" failures="4" timestamp="06 Feb 2018 22:55:17 GMT" time="757.645" errors="0">
  <testcase name="verifyJusDoneImageTest" time="6.056" classname="com.JusDone.qa.TestCases.DashBoardPageTest"/>
  <testcase name="verifyLoginNameTest" time="0.054" classname="com.JusDone.qa.TestCases.LoginPageTest"/>
  <testcase name="verifyHomePageTitleTest" time="0.017" classname="com.JusDone.qa.TestCases.HomePageTest"/>
  <testcase name="verifyRegisterNameTest" time="0.069" classname="com.JusDone.qa.TestCases.RegisterPageTest"/>
  <testcase name="verifyCreateNewTaskLinkTest" time="3.046" classname="com.JusDone.qa.TestCases.TaskPageTest"/>
  <testcase name="verifyUserNameTest" time="0.042" classname="com.JusDone.qa.TestCases.DashBoardPageTest"/>
  <testcase name="verifyLForgotPwdTest" time="0.041" classname="com.JusDone.qa.TestCases.LoginPageTest"/>
  <testcase name="verifyJusDoneLogoTest" time="0.054" classname="com.JusDone.qa.TestCases.HomePageTest"/>
  <testcase name="verifyExistingUserBtnTest" time="0.039" classname="com.JusDone.qa.TestCases.RegisterPageTest"/>
  <testcase name="verifyMembersLinkTest" time="0.027" classname="com.JusDone.qa.TestCases.TaskPageTest"/>
  <testcase name="verifyTeamLabelTest" time="0.031" classname="com.JusDone.qa.TestCases.DashBoardPageTest"/>
  <testcase name="verifyLoginBtnTest" time="0.045" classname="com.JusDone.qa.TestCases.LoginPageTest"/>
  <testcase name="verifySignUpLogoTest" time="0.055" classname="com.JusDone.qa.TestCases.HomePageTest"/>
  <testcase name="VerifyValidAcctNameMsgTest" time="21.74" classname="com.JusDone.qa.TestCases.RegisterPageTest">
    <failure type="org.openqa.selenium.NoSuchElementException" message="no such element: Unable to locate element: {&amp;quot;method&amp;quot;:&amp;quot;xpath&amp;quot;,&amp;quot;selector&amp;quot;:&amp;quot;/html/body/div/div[1]/div/nav/div/p[1]&amp;quot;}
  (Session info: chrome=63.0.3239.132)
  (Driver info: chromedriver=2.33.506120 (e3e53437346286c0bc2d2dc9aa4915ba81d9023f),platform=Windows NT 10.0.16299 x86_64) (WARNING: The server did not provide any stacktrace information)
Command duration or timeout: 0 milliseconds
For documentation on this error, please visit: http://seleniumhq.org/exceptions/no_such_element.html
Build info: version: &amp;apos;3.7.1&amp;apos;, revision: &amp;apos;8a0099a&amp;apos;, time: &amp;apos;2017-11-06T21:01:39.354Z&amp;apos;
System info: host: &amp;apos;NALLANS-NEWPC&amp;apos;, ip: &amp;apos;192.168.186.1&amp;apos;, os.name: &amp;apos;Windows 10&amp;apos;, os.arch: &amp;apos;amd64&amp;apos;, os.version: &amp;apos;10.0&amp;apos;, java.version: &amp;apos;1.8.0_151&amp;apos;
Driver info: org.openqa.selenium.chrome.ChromeDriver
Capabilities {acceptSslCerts: true, applicationCacheEnabled: false, browserConnectionEnabled: false, browserName: chrome, chrome: {chromedriverVersion: 2.33.506120 (e3e53437346286..., userDataDir: C:\Users\venka\AppData\Loca...}, cssSelectorsEnabled: true, databaseEnabled: false, handlesAlerts: true, hasTouchScreen: false, javascriptEnabled: true, locationContextEnabled: true, mobileEmulationEnabled: false, nativeEvents: true, networkConnectionEnabled: false, pageLoadStrategy: normal, platform: XP, platformName: XP, rotatable: false, setWindowRect: true, takesHeapSnapshot: true, takesScreenshot: true, unexpectedAlertBehaviour: , unhandledPromptBehavior: , version: 63.0.3239.132, webStorageEnabled: true}
Session ID: 45560e61c641417dd174dfd9b0352340
*** Element info: {Using=xpath, value=/html/body/div/div[1]/div/nav/div/p[1]}">
      <![CDATA[org.openqa.selenium.NoSuchElementException: no such element: Unable to locate element: {"method":"xpath","selector":"/html/body/div/div[1]/div/nav/div/p[1]"}
  (Session info: chrome=63.0.3239.132)
  (Driver info: chromedriver=2.33.506120 (e3e53437346286c0bc2d2dc9aa4915ba81d9023f),platform=Windows NT 10.0.16299 x86_64) (WARNING: The server did not provide any stacktrace information)
Command duration or timeout: 0 milliseconds
For documentation on this error, please visit: http://seleniumhq.org/exceptions/no_such_element.html
Build info: version: '3.7.1', revision: '8a0099a', time: '2017-11-06T21:01:39.354Z'
System info: host: 'NALLANS-NEWPC', ip: '192.168.186.1', os.name: 'Windows 10', os.arch: 'amd64', os.version: '10.0', java.version: '1.8.0_151'
Driver info: org.openqa.selenium.chrome.ChromeDriver
Capabilities {acceptSslCerts: true, applicationCacheEnabled: false, browserConnectionEnabled: false, browserName: chrome, chrome: {chromedriverVersion: 2.33.506120 (e3e53437346286..., userDataDir: C:\Users\venka\AppData\Loca...}, cssSelectorsEnabled: true, databaseEnabled: false, handlesAlerts: true, hasTouchScreen: false, javascriptEnabled: true, locationContextEnabled: true, mobileEmulationEnabled: false, nativeEvents: true, networkConnectionEnabled: false, pageLoadStrategy: normal, platform: XP, platformName: XP, rotatable: false, setWindowRect: true, takesHeapSnapshot: true, takesScreenshot: true, unexpectedAlertBehaviour: , unhandledPromptBehavior: , version: 63.0.3239.132, webStorageEnabled: true}
Session ID: 45560e61c641417dd174dfd9b0352340
*** Element info: {Using=xpath, value=/html/body/div/div[1]/div/nav/div/p[1]}
	at org.openqa.selenium.remote.ErrorHandler.createThrowable(ErrorHandler.java:214)
	at org.openqa.selenium.remote.ErrorHandler.throwIfResponseFailed(ErrorHandler.java:166)
	at org.openqa.selenium.remote.http.JsonHttpResponseCodec.reconstructValue(JsonHttpResponseCodec.java:40)
	at org.openqa.selenium.remote.http.AbstractHttpResponseCodec.decode(AbstractHttpResponseCodec.java:80)
	at org.openqa.selenium.remote.http.AbstractHttpResponseCodec.decode(AbstractHttpResponseCodec.java:44)
	at org.openqa.selenium.remote.HttpCommandExecutor.execute(HttpCommandExecutor.java:164)
	at org.openqa.selenium.remote.service.DriverCommandExecutor.execute(DriverCommandExecutor.java:83)
	at org.openqa.selenium.remote.RemoteWebDriver.execute(RemoteWebDriver.java:600)
	at org.openqa.selenium.remote.RemoteWebDriver.findElement(RemoteWebDriver.java:370)
	at org.openqa.selenium.remote.RemoteWebDriver.findElementByXPath(RemoteWebDriver.java:472)
	at org.openqa.selenium.By$ByXPath.findElement(By.java:361)
	at org.openqa.selenium.remote.RemoteWebDriver.findElement(RemoteWebDriver.java:362)
	at org.openqa.selenium.support.pagefactory.DefaultElementLocator.findElement(DefaultElementLocator.java:69)
	at org.openqa.selenium.support.pagefactory.internal.LocatingElementHandler.invoke(LocatingElementHandler.java:38)
	at com.sun.proxy.$Proxy8.getWrappedElement(Unknown Source)
	at org.openqa.selenium.remote.internal.WebElementToJsonConverter.apply(WebElementToJsonConverter.java:51)
	at com.google.common.collect.Iterators$6.transform(Iterators.java:820)
	at com.google.common.collect.TransformedIterator.next(TransformedIterator.java:48)
	at com.google.common.collect.Iterators.addAll(Iterators.java:373)
	at com.google.common.collect.Lists.newArrayList(Lists.java:165)
	at com.google.common.collect.Lists.newArrayList(Lists.java:150)
	at org.openqa.selenium.remote.RemoteWebDriver.executeScript(RemoteWebDriver.java:534)
	at com.JusDone.qa.Pages.RegisterPage.VerifyValidAcctNameMsg(RegisterPage.java:104)
	at com.JusDone.qa.TestCases.RegisterPageTest.VerifyValidAcctNameMsgTest(RegisterPageTest.java:68)
... Removed 33 stack frames]]>
    </failure>
  </testcase> <!-- VerifyValidAcctNameMsgTest -->
  <testcase name="verifySettingsLinkTest" time="0.043" classname="com.JusDone.qa.TestCases.TaskPageTest"/>
  <testcase name="verifySearchBoxTest" time="0.031" classname="com.JusDone.qa.TestCases.DashBoardPageTest"/>
  <testcase name="verifyLRememberMeTest" time="0.04" classname="com.JusDone.qa.TestCases.LoginPageTest">
    <failure type="java.lang.AssertionError" message="expected [true] but found [false]">
      <![CDATA[java.lang.AssertionError: expected [true] but found [false]
	at com.JusDone.qa.TestCases.LoginPageTest.verifyLRememberMeTest(LoginPageTest.java:59)
... Removed 33 stack frames]]>
    </failure>
  </testcase> <!-- verifyLRememberMeTest -->
  <testcase name="verifyLoginLogoTest" time="0.047" classname="com.JusDone.qa.TestCases.HomePageTest"/>
  <testcase name="VerifyExistingAcctErrorMsgTest" time="1.665" classname="com.JusDone.qa.TestCases.RegisterPageTest"/>
  <testcase name="ClickCreateNewTaskLinkTest" time="3.863" classname="com.JusDone.qa.TestCases.TaskPageTest"/>
  <testcase name="verifyTeamNameLabelTest" time="0.053" classname="com.JusDone.qa.TestCases.DashBoardPageTest">
    <failure type="java.lang.AssertionError" message="expected [true] but found [false]">
      <![CDATA[java.lang.AssertionError: expected [true] but found [false]
	at com.JusDone.qa.TestCases.DashBoardPageTest.verifyTeamNameLabelTest(DashBoardPageTest.java:79)
... Removed 33 stack frames]]>
    </failure>
  </testcase> <!-- verifyTeamNameLabelTest -->
  <testcase name="verifyLCreateAcctBtnTest" time="0.035" classname="com.JusDone.qa.TestCases.LoginPageTest"/>
  <testcase name="verifyContactUsLogoTest" time="0.044" classname="com.JusDone.qa.TestCases.HomePageTest"/>
  <testcase name="VerifyInvalidEmailErrorMsgTest" time="1.826" classname="com.JusDone.qa.TestCases.RegisterPageTest"/>
  <testcase name="verifyDashBoardBtnTest" time="0.031" classname="com.JusDone.qa.TestCases.DashBoardPageTest"/>
  <testcase name="ValidLoginTest" time="6.748" classname="com.JusDone.qa.TestCases.LoginPageTest"/>
  <testcase name="verifyAboutUsLogoTest" time="0.043" classname="com.JusDone.qa.TestCases.HomePageTest"/>
  <testcase name="VerifyPwdMatchErrorMsgTest" time="1.724" classname="com.JusDone.qa.TestCases.RegisterPageTest"/>
  <testcase name="verifyTeamsBtnTest" time="0.031" classname="com.JusDone.qa.TestCases.DashBoardPageTest"/>
  <testcase name="InvalidLoginTest" time="1.539" classname="com.JusDone.qa.TestCases.LoginPageTest"/>
  <testcase name="VerifyBlankErrorMsgTest" time="0.941" classname="com.JusDone.qa.TestCases.RegisterPageTest"/>
  <testcase name="ClickOnSignupLogoTest" time="2.338" classname="com.JusDone.qa.TestCases.HomePageTest"/>
  <testcase name="verifyTaskBtnTest" time="0.028" classname="com.JusDone.qa.TestCases.DashBoardPageTest"/>
  <testcase name="BlankInputLoginTest" time="0.561" classname="com.JusDone.qa.TestCases.LoginPageTest"/>
  <testcase name="ClickSignInButtonTest" time="0.538" classname="com.JusDone.qa.TestCases.RegisterPageTest"/>
  <testcase name="ClickLoginBtnTest" time="6.286" classname="com.JusDone.qa.TestCases.HomePageTest"/>
  <testcase name="verifyInvitesBtnTest" time="0.031" classname="com.JusDone.qa.TestCases.DashBoardPageTest"/>
  <testcase name="verifySettingsBtnTest" time="0.025" classname="com.JusDone.qa.TestCases.DashBoardPageTest"/>
  <testcase name="verifyMenuBarTest" time="0.019" classname="com.JusDone.qa.TestCases.DashBoardPageTest"/>
  <testcase name="verifyCreateNewTeamBtnTest" time="0.017" classname="com.JusDone.qa.TestCases.DashBoardPageTest"/>
  <testcase name="verifyBellBtnTest" time="0.032" classname="com.JusDone.qa.TestCases.DashBoardPageTest"/>
  <testcase name="verifyLogOutBtnTest" time="0.013" classname="com.JusDone.qa.TestCases.DashBoardPageTest"/>
  <testcase name="verifyCreateNewTaskLinkTest" time="0.016" classname="com.JusDone.qa.TestCases.DashBoardPageTest"/>
  <testcase name="CreateTeamBtnTest" time="7.552" classname="com.JusDone.qa.TestCases.DashBoardPageTest"/>
  <testcase name="ClickCreateNewTaskLinkTest" time="0.027" classname="com.JusDone.qa.TestCases.DashBoardPageTest">
    <failure type="org.openqa.selenium.ElementNotVisibleException" message="element not visible
  (Session info: chrome=63.0.3239.132)
  (Driver info: chromedriver=2.33.506120 (e3e53437346286c0bc2d2dc9aa4915ba81d9023f),platform=Windows NT 10.0.16299 x86_64) (WARNING: The server did not provide any stacktrace information)
Command duration or timeout: 0 milliseconds
Build info: version: &amp;apos;3.7.1&amp;apos;, revision: &amp;apos;8a0099a&amp;apos;, time: &amp;apos;2017-11-06T21:01:39.354Z&amp;apos;
System info: host: &amp;apos;NALLANS-NEWPC&amp;apos;, ip: &amp;apos;192.168.186.1&amp;apos;, os.name: &amp;apos;Windows 10&amp;apos;, os.arch: &amp;apos;amd64&amp;apos;, os.version: &amp;apos;10.0&amp;apos;, java.version: &amp;apos;1.8.0_151&amp;apos;
Driver info: org.openqa.selenium.chrome.ChromeDriver
Capabilities {acceptSslCerts: true, applicationCacheEnabled: false, browserConnectionEnabled: false, browserName: chrome, chrome: {chromedriverVersion: 2.33.506120 (e3e53437346286..., userDataDir: C:\Users\venka\AppData\Loca...}, cssSelectorsEnabled: true, databaseEnabled: false, handlesAlerts: true, hasTouchScreen: false, javascriptEnabled: true, locationContextEnabled: true, mobileEmulationEnabled: false, nativeEvents: true, networkConnectionEnabled: false, pageLoadStrategy: normal, platform: XP, platformName: XP, rotatable: false, setWindowRect: true, takesHeapSnapshot: true, takesScreenshot: true, unexpectedAlertBehaviour: , unhandledPromptBehavior: , version: 63.0.3239.132, webStorageEnabled: true}
Session ID: 27c49ceb9e8ae98f6fc6cb172c44e9e4">
      <![CDATA[org.openqa.selenium.ElementNotVisibleException: element not visible
  (Session info: chrome=63.0.3239.132)
  (Driver info: chromedriver=2.33.506120 (e3e53437346286c0bc2d2dc9aa4915ba81d9023f),platform=Windows NT 10.0.16299 x86_64) (WARNING: The server did not provide any stacktrace information)
Command duration or timeout: 0 milliseconds
Build info: version: '3.7.1', revision: '8a0099a', time: '2017-11-06T21:01:39.354Z'
System info: host: 'NALLANS-NEWPC', ip: '192.168.186.1', os.name: 'Windows 10', os.arch: 'amd64', os.version: '10.0', java.version: '1.8.0_151'
Driver info: org.openqa.selenium.chrome.ChromeDriver
Capabilities {acceptSslCerts: true, applicationCacheEnabled: false, browserConnectionEnabled: false, browserName: chrome, chrome: {chromedriverVersion: 2.33.506120 (e3e53437346286..., userDataDir: C:\Users\venka\AppData\Loca...}, cssSelectorsEnabled: true, databaseEnabled: false, handlesAlerts: true, hasTouchScreen: false, javascriptEnabled: true, locationContextEnabled: true, mobileEmulationEnabled: false, nativeEvents: true, networkConnectionEnabled: false, pageLoadStrategy: normal, platform: XP, platformName: XP, rotatable: false, setWindowRect: true, takesHeapSnapshot: true, takesScreenshot: true, unexpectedAlertBehaviour: , unhandledPromptBehavior: , version: 63.0.3239.132, webStorageEnabled: true}
Session ID: 27c49ceb9e8ae98f6fc6cb172c44e9e4
	at org.openqa.selenium.remote.ErrorHandler.createThrowable(ErrorHandler.java:214)
	at org.openqa.selenium.remote.ErrorHandler.throwIfResponseFailed(ErrorHandler.java:166)
	at org.openqa.selenium.remote.http.JsonHttpResponseCodec.reconstructValue(JsonHttpResponseCodec.java:40)
	at org.openqa.selenium.remote.http.AbstractHttpResponseCodec.decode(AbstractHttpResponseCodec.java:80)
	at org.openqa.selenium.remote.http.AbstractHttpResponseCodec.decode(AbstractHttpResponseCodec.java:44)
	at org.openqa.selenium.remote.HttpCommandExecutor.execute(HttpCommandExecutor.java:164)
	at org.openqa.selenium.remote.service.DriverCommandExecutor.execute(DriverCommandExecutor.java:83)
	at org.openqa.selenium.remote.RemoteWebDriver.execute(RemoteWebDriver.java:600)
	at org.openqa.selenium.remote.RemoteWebElement.execute(RemoteWebElement.java:279)
	at org.openqa.selenium.remote.RemoteWebElement.click(RemoteWebElement.java:83)
	at org.openqa.selenium.support.pagefactory.internal.LocatingElementHandler.invoke(LocatingElementHandler.java:51)
	at com.sun.proxy.$Proxy8.click(Unknown Source)
	at com.JusDone.qa.Pages.DashBoardPage.ClickCreateNewTaskLink(DashBoardPage.java:170)
	at com.JusDone.qa.TestCases.DashBoardPageTest.ClickCreateNewTaskLinkTest(DashBoardPageTest.java:152)
... Removed 36 stack frames]]>
    </failure>
  </testcase> <!-- ClickCreateNewTaskLinkTest -->
  <testcase name="ClickTaskBtnTest" time="5.915" classname="com.JusDone.qa.TestCases.DashBoardPageTest"/>
  <testcase name="ClickLogOutBtn" time="1.02" classname="com.JusDone.qa.TestCases.DashBoardPageTest"/>
</testsuite> <!-- Surefire test -->
