<html>
<head>
<title>TestNG:  Surefire test</title>
<link href="../testng.css" rel="stylesheet" type="text/css" />
<link href="../my-testng.css" rel="stylesheet" type="text/css" />

<style type="text/css">
.log { display: none;} 
.stack-trace { display: none;} 
</style>
<script type="text/javascript">
<!--
function flip(e) {
  current = e.style.display;
  if (current == 'block') {
    e.style.display = 'none';
    return 0;
  }
  else {
    e.style.display = 'block';
    return 1;
  }
}

function toggleBox(szDivId, elem, msg1, msg2)
{
  var res = -1;  if (document.getElementById) {
    res = flip(document.getElementById(szDivId));
  }
  else if (document.all) {
    // this is the way old msie versions work
    res = flip(document.all[szDivId]);
  }
  if(elem) {
    if(res == 0) elem.innerHTML = msg1; else elem.innerHTML = msg2;
  }

}

function toggleAllBoxes() {
  if (document.getElementsByTagName) {
    d = document.getElementsByTagName('div');
    for (i = 0; i < d.length; i++) {
      if (d[i].className == 'log') {
        flip(d[i]);
      }
    }
  }
}

// -->
</script>

</head>
<body>
<h2 align='center'>Surefire test</h2><table border='1' align="center">
<tr>
<td>Tests passed/Failed/Skipped:</td><td>43/4/0</td>
</tr><tr>
<td>Started on:</td><td>Tue Feb 06 16:42:40 CST 2018</td>
</tr>
<tr><td>Total time:</td><td>757 seconds (757645 ms)</td>
</tr><tr>
<td>Included groups:</td><td></td>
</tr><tr>
<td>Excluded groups:</td><td></td>
</tr>
</table><p/>
<small><i>(Hover the method name to see the test class name)</i></small><p/>
<table width='100%' border='1' class='invocation-failed'>
<tr><td colspan='4' align='center'><b>FAILED TESTS</b></td></tr>
<tr><td><b>Test method</b></td>
<td width="30%"><b>Exception</b></td>
<td width="10%"><b>Time (seconds)</b></td>
<td><b>Instance</b></td>
</tr>
<tr>
<td title='com.JusDone.qa.TestCases.DashBoardPageTest.ClickCreateNewTaskLinkTest()'><b>ClickCreateNewTaskLinkTest</b><br>Test class: com.JusDone.qa.TestCases.DashBoardPageTest</td>
<td><div><pre>org.openqa.selenium.ElementNotVisibleException: element not visible
  (Session info: chrome=63.0.3239.132)
  (Driver info: chromedriver=2.33.506120 (e3e53437346286c0bc2d2dc9aa4915ba81d9023f),platform=Windows NT 10.0.16299 x86_64) (WARNING: The server did not provide any stacktrace information)
Command duration or timeout: 0 milliseconds
Build info: version: &apos;3.7.1&apos;, revision: &apos;8a0099a&apos;, time: &apos;2017-11-06T21:01:39.354Z&apos;
System info: host: &apos;NALLANS-NEWPC&apos;, ip: &apos;192.168.186.1&apos;, os.name: &apos;Windows 10&apos;, os.arch: &apos;amd64&apos;, os.version: &apos;10.0&apos;, java.version: &apos;1.8.0_151&apos;
Driver info: org.openqa.selenium.chrome.ChromeDriver
Capabilities {acceptSslCerts: true, applicationCacheEnabled: false, browserConnectionEnabled: false, browserName: chrome, chrome: {chromedriverVersion: 2.33.506120 (e3e53437346286..., userDataDir: C:\Users\venka\AppData\Loca...}, cssSelectorsEnabled: true, databaseEnabled: false, handlesAlerts: true, hasTouchScreen: false, javascriptEnabled: true, locationContextEnabled: true, mobileEmulationEnabled: false, nativeEvents: true, networkConnectionEnabled: false, pageLoadStrategy: normal, platform: XP, platformName: XP, rotatable: false, setWindowRect: true, takesHeapSnapshot: true, takesScreenshot: true, unexpectedAlertBehaviour: , unhandledPromptBehavior: , version: 63.0.3239.132, webStorageEnabled: true}
Session ID: 27c49ceb9e8ae98f6fc6cb172c44e9e4
	at org.openqa.selenium.remote.ErrorHandler.createThrowable(ErrorHandler.java:214)
	at org.openqa.selenium.remote.ErrorHandler.throwIfResponseFailed(ErrorHandler.java:166)
	at org.openqa.selenium.remote.http.JsonHttpResponseCodec.reconstructValue(JsonHttpResponseCodec.java:40)
	at org.openqa.selenium.remote.http.AbstractHttpResponseCodec.decode(AbstractHttpResponseCodec.java:80)
	at org.openqa.selenium.remote.http.AbstractHttpResponseCodec.decode(AbstractHttpResponseCodec.java:44)
	at org.openqa.selenium.remote.HttpCommandExecutor.execute(HttpCommandExecutor.java:164)
	at org.openqa.selenium.remote.service.DriverCommandExecutor.execute(DriverCommandExecutor.java:83)
	at org.openqa.selenium.remote.RemoteWebDriver.execute(RemoteWebDriver.java:600)
	at org.openqa.selenium.remote.RemoteWebElement.execute(RemoteWebElement.java:279)
	at org.openqa.selenium.remote.RemoteWebElement.click(RemoteWebElement.java:83)
	at org.openqa.selenium.support.pagefactory.internal.LocatingElementHandler.invoke(LocatingElementHandler.java:51)
	at com.sun.proxy.$Proxy8.click(Unknown Source)
	at com.JusDone.qa.Pages.DashBoardPage.ClickCreateNewTaskLink(DashBoardPage.java:170)
	at com.JusDone.qa.TestCases.DashBoardPageTest.ClickCreateNewTaskLinkTest(DashBoardPageTest.java:152)
... Removed 36 stack frames</pre></div><a href='#' onClick='toggleBox("stack-trace1494277749", this, "Click to show all stack frames", "Click to hide stack frames")'>Click to show all stack frames</a>
<div class='stack-trace' id='stack-trace1494277749'><pre>org.openqa.selenium.ElementNotVisibleException: element not visible
  (Session info: chrome=63.0.3239.132)
  (Driver info: chromedriver=2.33.506120 (e3e53437346286c0bc2d2dc9aa4915ba81d9023f),platform=Windows NT 10.0.16299 x86_64) (WARNING: The server did not provide any stacktrace information)
Command duration or timeout: 0 milliseconds
Build info: version: &apos;3.7.1&apos;, revision: &apos;8a0099a&apos;, time: &apos;2017-11-06T21:01:39.354Z&apos;
System info: host: &apos;NALLANS-NEWPC&apos;, ip: &apos;192.168.186.1&apos;, os.name: &apos;Windows 10&apos;, os.arch: &apos;amd64&apos;, os.version: &apos;10.0&apos;, java.version: &apos;1.8.0_151&apos;
Driver info: org.openqa.selenium.chrome.ChromeDriver
Capabilities {acceptSslCerts: true, applicationCacheEnabled: false, browserConnectionEnabled: false, browserName: chrome, chrome: {chromedriverVersion: 2.33.506120 (e3e53437346286..., userDataDir: C:\Users\venka\AppData\Loca...}, cssSelectorsEnabled: true, databaseEnabled: false, handlesAlerts: true, hasTouchScreen: false, javascriptEnabled: true, locationContextEnabled: true, mobileEmulationEnabled: false, nativeEvents: true, networkConnectionEnabled: false, pageLoadStrategy: normal, platform: XP, platformName: XP, rotatable: false, setWindowRect: true, takesHeapSnapshot: true, takesScreenshot: true, unexpectedAlertBehaviour: , unhandledPromptBehavior: , version: 63.0.3239.132, webStorageEnabled: true}
Session ID: 27c49ceb9e8ae98f6fc6cb172c44e9e4
	at sun.reflect.NativeConstructorAccessorImpl.newInstance0(Native Method)
	at sun.reflect.NativeConstructorAccessorImpl.newInstance(NativeConstructorAccessorImpl.java:62)
	at sun.reflect.DelegatingConstructorAccessorImpl.newInstance(DelegatingConstructorAccessorImpl.java:45)
	at java.lang.reflect.Constructor.newInstance(Constructor.java:423)
	at org.openqa.selenium.remote.ErrorHandler.createThrowable(ErrorHandler.java:214)
	at org.openqa.selenium.remote.ErrorHandler.throwIfResponseFailed(ErrorHandler.java:166)
	at org.openqa.selenium.remote.http.JsonHttpResponseCodec.reconstructValue(JsonHttpResponseCodec.java:40)
	at org.openqa.selenium.remote.http.AbstractHttpResponseCodec.decode(AbstractHttpResponseCodec.java:80)
	at org.openqa.selenium.remote.http.AbstractHttpResponseCodec.decode(AbstractHttpResponseCodec.java:44)
	at org.openqa.selenium.remote.HttpCommandExecutor.execute(HttpCommandExecutor.java:164)
	at org.openqa.selenium.remote.service.DriverCommandExecutor.execute(DriverCommandExecutor.java:83)
	at org.openqa.selenium.remote.RemoteWebDriver.execute(RemoteWebDriver.java:600)
	at org.openqa.selenium.remote.RemoteWebElement.execute(RemoteWebElement.java:279)
	at org.openqa.selenium.remote.RemoteWebElement.click(RemoteWebElement.java:83)
	at sun.reflect.GeneratedMethodAccessor6.invoke(Unknown Source)
	at sun.reflect.DelegatingMethodAccessorImpl.invoke(DelegatingMethodAccessorImpl.java:43)
	at java.lang.reflect.Method.invoke(Method.java:498)
	at org.openqa.selenium.support.pagefactory.internal.LocatingElementHandler.invoke(LocatingElementHandler.java:51)
	at com.sun.proxy.$Proxy8.click(Unknown Source)
	at com.JusDone.qa.Pages.DashBoardPage.ClickCreateNewTaskLink(DashBoardPage.java:170)
	at com.JusDone.qa.TestCases.DashBoardPageTest.ClickCreateNewTaskLinkTest(DashBoardPageTest.java:152)
	at sun.reflect.NativeMethodAccessorImpl.invoke0(Native Method)
	at sun.reflect.NativeMethodAccessorImpl.invoke(NativeMethodAccessorImpl.java:62)
	at sun.reflect.DelegatingMethodAccessorImpl.invoke(DelegatingMethodAccessorImpl.java:43)
	at java.lang.reflect.Method.invoke(Method.java:498)
	at org.testng.internal.MethodInvocationHelper.invokeMethod(MethodInvocationHelper.java:108)
	at org.testng.internal.Invoker.invokeMethod(Invoker.java:661)
	at org.testng.internal.Invoker.invokeTestMethod(Invoker.java:869)
	at org.testng.internal.Invoker.invokeTestMethods(Invoker.java:1193)
	at org.testng.internal.TestMethodWorker.invokeTestMethods(TestMethodWorker.java:126)
	at org.testng.internal.TestMethodWorker.run(TestMethodWorker.java:109)
	at org.testng.TestRunner.privateRun(TestRunner.java:744)
	at org.testng.TestRunner.run(TestRunner.java:602)
	at org.testng.SuiteRunner.runTest(SuiteRunner.java:380)
	at org.testng.SuiteRunner.runSequentially(SuiteRunner.java:375)
	at org.testng.SuiteRunner.privateRun(SuiteRunner.java:340)
	at org.testng.SuiteRunner.run(SuiteRunner.java:289)
	at org.testng.SuiteRunnerWorker.runSuite(SuiteRunnerWorker.java:52)
	at org.testng.SuiteRunnerWorker.run(SuiteRunnerWorker.java:86)
	at org.testng.TestNG.runSuitesSequentially(TestNG.java:1301)
	at org.testng.TestNG.runSuitesLocally(TestNG.java:1226)
	at org.testng.TestNG.runSuites(TestNG.java:1144)
	at org.testng.TestNG.run(TestNG.java:1115)
	at org.apache.maven.surefire.testng.TestNGExecutor.run(TestNGExecutor.java:135)
	at org.apache.maven.surefire.testng.TestNGDirectoryTestSuite.executeMulti(TestNGDirectoryTestSuite.java:193)
	at org.apache.maven.surefire.testng.TestNGDirectoryTestSuite.execute(TestNGDirectoryTestSuite.java:94)
	at org.apache.maven.surefire.testng.TestNGProvider.invoke(TestNGProvider.java:146)
	at org.apache.maven.surefire.booter.ForkedBooter.invokeProviderInSameClassLoader(ForkedBooter.java:386)
	at org.apache.maven.surefire.booter.ForkedBooter.runSuitesInProcess(ForkedBooter.java:323)
	at org.apache.maven.surefire.booter.ForkedBooter.main(ForkedBooter.java:143)
</pre></div></td>
<td>0</td>
<td>com.JusDone.qa.TestCases.DashBoardPageTest@d2cc05a</td></tr>
<tr>
<td title='com.JusDone.qa.TestCases.RegisterPageTest.VerifyValidAcctNameMsgTest()'><b>VerifyValidAcctNameMsgTest</b><br>Test class: com.JusDone.qa.TestCases.RegisterPageTest<br>Parameters: sv7, siri@gmail.com, Test123, Test123</td>
<td><div><pre>org.openqa.selenium.NoSuchElementException: no such element: Unable to locate element: {&quot;method&quot;:&quot;xpath&quot;,&quot;selector&quot;:&quot;/html/body/div/div[1]/div/nav/div/p[1]&quot;}
  (Session info: chrome=63.0.3239.132)
  (Driver info: chromedriver=2.33.506120 (e3e53437346286c0bc2d2dc9aa4915ba81d9023f),platform=Windows NT 10.0.16299 x86_64) (WARNING: The server did not provide any stacktrace information)
Command duration or timeout: 0 milliseconds
For documentation on this error, please visit: http://seleniumhq.org/exceptions/no_such_element.html
Build info: version: &apos;3.7.1&apos;, revision: &apos;8a0099a&apos;, time: &apos;2017-11-06T21:01:39.354Z&apos;
System info: host: &apos;NALLANS-NEWPC&apos;, ip: &apos;192.168.186.1&apos;, os.name: &apos;Windows 10&apos;, os.arch: &apos;amd64&apos;, os.version: &apos;10.0&apos;, java.version: &apos;1.8.0_151&apos;
Driver info: org.openqa.selenium.chrome.ChromeDriver
Capabilities {acceptSslCerts: true, applicationCacheEnabled: false, browserConnectionEnabled: false, browserName: chrome, chrome: {chromedriverVersion: 2.33.506120 (e3e53437346286..., userDataDir: C:\Users\venka\AppData\Loca...}, cssSelectorsEnabled: true, databaseEnabled: false, handlesAlerts: true, hasTouchScreen: false, javascriptEnabled: true, locationContextEnabled: true, mobileEmulationEnabled: false, nativeEvents: true, networkConnectionEnabled: false, pageLoadStrategy: normal, platform: XP, platformName: XP, rotatable: false, setWindowRect: true, takesHeapSnapshot: true, takesScreenshot: true, unexpectedAlertBehaviour: , unhandledPromptBehavior: , version: 63.0.3239.132, webStorageEnabled: true}
Session ID: 45560e61c641417dd174dfd9b0352340
*** Element info: {Using=xpath, value=/html/body/div/div[1]/div/nav/div/p[1]}
	at org.openqa.selenium.remote.ErrorHandler.createThrowable(ErrorHandler.java:214)
	at org.openqa.selenium.remote.ErrorHandler.throwIfResponseFailed(ErrorHandler.java:166)
	at org.openqa.selenium.remote.http.JsonHttpResponseCodec.reconstructValue(JsonHttpResponseCodec.java:40)
	at org.openqa.selenium.remote.http.AbstractHttpResponseCodec.decode(AbstractHttpResponseCodec.java:80)
	at org.openqa.selenium.remote.http.AbstractHttpResponseCodec.decode(AbstractHttpResponseCodec.java:44)
	at org.openqa.selenium.remote.HttpCommandExecutor.execute(HttpCommandExecutor.java:164)
	at org.openqa.selenium.remote.service.DriverCommandExecutor.execute(DriverCommandExecutor.java:83)
	at org.openqa.selenium.remote.RemoteWebDriver.execute(RemoteWebDriver.java:600)
	at org.openqa.selenium.remote.RemoteWebDriver.findElement(RemoteWebDriver.java:370)
	at org.openqa.selenium.remote.RemoteWebDriver.findElementByXPath(RemoteWebDriver.java:472)
	at org.openqa.selenium.By$ByXPath.findElement(By.java:361)
	at org.openqa.selenium.remote.RemoteWebDriver.findElement(RemoteWebDriver.java:362)
	at org.openqa.selenium.support.pagefactory.DefaultElementLocator.findElement(DefaultElementLocator.java:69)
	at org.openqa.selenium.support.pagefactory.internal.LocatingElementHandler.invoke(LocatingElementHandler.java:38)
	at com.sun.proxy.$Proxy8.getWrappedElement(Unknown Source)
	at org.openqa.selenium.remote.internal.WebElementToJsonConverter.apply(WebElementToJsonConverter.java:51)
	at com.google.common.collect.Iterators$6.transform(Iterators.java:820)
	at com.google.common.collect.TransformedIterator.next(TransformedIterator.java:48)
	at com.google.common.collect.Iterators.addAll(Iterators.java:373)
	at com.google.common.collect.Lists.newArrayList(Lists.java:165)
	at com.google.common.collect.Lists.newArrayList(Lists.java:150)
	at org.openqa.selenium.remote.RemoteWebDriver.executeScript(RemoteWebDriver.java:534)
	at com.JusDone.qa.Pages.RegisterPage.VerifyValidAcctNameMsg(RegisterPage.java:104)
	at com.JusDone.qa.TestCases.RegisterPageTest.VerifyValidAcctNameMsgTest(RegisterPageTest.java:68)
... Removed 33 stack frames</pre></div><a href='#' onClick='toggleBox("stack-trace588449070", this, "Click to show all stack frames", "Click to hide stack frames")'>Click to show all stack frames</a>
<div class='stack-trace' id='stack-trace588449070'><pre>org.openqa.selenium.NoSuchElementException: no such element: Unable to locate element: {&quot;method&quot;:&quot;xpath&quot;,&quot;selector&quot;:&quot;/html/body/div/div[1]/div/nav/div/p[1]&quot;}
  (Session info: chrome=63.0.3239.132)
  (Driver info: chromedriver=2.33.506120 (e3e53437346286c0bc2d2dc9aa4915ba81d9023f),platform=Windows NT 10.0.16299 x86_64) (WARNING: The server did not provide any stacktrace information)
Command duration or timeout: 0 milliseconds
For documentation on this error, please visit: http://seleniumhq.org/exceptions/no_such_element.html
Build info: version: &apos;3.7.1&apos;, revision: &apos;8a0099a&apos;, time: &apos;2017-11-06T21:01:39.354Z&apos;
System info: host: &apos;NALLANS-NEWPC&apos;, ip: &apos;192.168.186.1&apos;, os.name: &apos;Windows 10&apos;, os.arch: &apos;amd64&apos;, os.version: &apos;10.0&apos;, java.version: &apos;1.8.0_151&apos;
Driver info: org.openqa.selenium.chrome.ChromeDriver
Capabilities {acceptSslCerts: true, applicationCacheEnabled: false, browserConnectionEnabled: false, browserName: chrome, chrome: {chromedriverVersion: 2.33.506120 (e3e53437346286..., userDataDir: C:\Users\venka\AppData\Loca...}, cssSelectorsEnabled: true, databaseEnabled: false, handlesAlerts: true, hasTouchScreen: false, javascriptEnabled: true, locationContextEnabled: true, mobileEmulationEnabled: false, nativeEvents: true, networkConnectionEnabled: false, pageLoadStrategy: normal, platform: XP, platformName: XP, rotatable: false, setWindowRect: true, takesHeapSnapshot: true, takesScreenshot: true, unexpectedAlertBehaviour: , unhandledPromptBehavior: , version: 63.0.3239.132, webStorageEnabled: true}
Session ID: 45560e61c641417dd174dfd9b0352340
*** Element info: {Using=xpath, value=/html/body/div/div[1]/div/nav/div/p[1]}
	at sun.reflect.NativeConstructorAccessorImpl.newInstance0(Native Method)
	at sun.reflect.NativeConstructorAccessorImpl.newInstance(NativeConstructorAccessorImpl.java:62)
	at sun.reflect.DelegatingConstructorAccessorImpl.newInstance(DelegatingConstructorAccessorImpl.java:45)
	at java.lang.reflect.Constructor.newInstance(Constructor.java:423)
	at org.openqa.selenium.remote.ErrorHandler.createThrowable(ErrorHandler.java:214)
	at org.openqa.selenium.remote.ErrorHandler.throwIfResponseFailed(ErrorHandler.java:166)
	at org.openqa.selenium.remote.http.JsonHttpResponseCodec.reconstructValue(JsonHttpResponseCodec.java:40)
	at org.openqa.selenium.remote.http.AbstractHttpResponseCodec.decode(AbstractHttpResponseCodec.java:80)
	at org.openqa.selenium.remote.http.AbstractHttpResponseCodec.decode(AbstractHttpResponseCodec.java:44)
	at org.openqa.selenium.remote.HttpCommandExecutor.execute(HttpCommandExecutor.java:164)
	at org.openqa.selenium.remote.service.DriverCommandExecutor.execute(DriverCommandExecutor.java:83)
	at org.openqa.selenium.remote.RemoteWebDriver.execute(RemoteWebDriver.java:600)
	at org.openqa.selenium.remote.RemoteWebDriver.findElement(RemoteWebDriver.java:370)
	at org.openqa.selenium.remote.RemoteWebDriver.findElementByXPath(RemoteWebDriver.java:472)
	at org.openqa.selenium.By$ByXPath.findElement(By.java:361)
	at org.openqa.selenium.remote.RemoteWebDriver.findElement(RemoteWebDriver.java:362)
	at org.openqa.selenium.support.pagefactory.DefaultElementLocator.findElement(DefaultElementLocator.java:69)
	at org.openqa.selenium.support.pagefactory.internal.LocatingElementHandler.invoke(LocatingElementHandler.java:38)
	at com.sun.proxy.$Proxy8.getWrappedElement(Unknown Source)
	at org.openqa.selenium.remote.internal.WebElementToJsonConverter.apply(WebElementToJsonConverter.java:51)
	at com.google.common.collect.Iterators$6.transform(Iterators.java:820)
	at com.google.common.collect.TransformedIterator.next(TransformedIterator.java:48)
	at com.google.common.collect.Iterators.addAll(Iterators.java:373)
	at com.google.common.collect.Lists.newArrayList(Lists.java:165)
	at com.google.common.collect.Lists.newArrayList(Lists.java:150)
	at org.openqa.selenium.remote.RemoteWebDriver.executeScript(RemoteWebDriver.java:534)
	at com.JusDone.qa.Pages.RegisterPage.VerifyValidAcctNameMsg(RegisterPage.java:104)
	at com.JusDone.qa.TestCases.RegisterPageTest.VerifyValidAcctNameMsgTest(RegisterPageTest.java:68)
	at sun.reflect.NativeMethodAccessorImpl.invoke0(Native Method)
	at sun.reflect.NativeMethodAccessorImpl.invoke(NativeMethodAccessorImpl.java:62)
	at sun.reflect.DelegatingMethodAccessorImpl.invoke(DelegatingMethodAccessorImpl.java:43)
	at java.lang.reflect.Method.invoke(Method.java:498)
	at org.testng.internal.MethodInvocationHelper.invokeMethod(MethodInvocationHelper.java:108)
	at org.testng.internal.Invoker.invokeMethod(Invoker.java:661)
	at org.testng.internal.Invoker.invokeTestMethod(Invoker.java:869)
	at org.testng.internal.Invoker.invokeTestMethods(Invoker.java:1193)
	at org.testng.internal.TestMethodWorker.invokeTestMethods(TestMethodWorker.java:126)
	at org.testng.internal.TestMethodWorker.run(TestMethodWorker.java:109)
	at org.testng.TestRunner.privateRun(TestRunner.java:744)
	at org.testng.TestRunner.run(TestRunner.java:602)
	at org.testng.SuiteRunner.runTest(SuiteRunner.java:380)
	at org.testng.SuiteRunner.runSequentially(SuiteRunner.java:375)
	at org.testng.SuiteRunner.privateRun(SuiteRunner.java:340)
	at org.testng.SuiteRunner.run(SuiteRunner.java:289)
	at org.testng.SuiteRunnerWorker.runSuite(SuiteRunnerWorker.java:52)
	at org.testng.SuiteRunnerWorker.run(SuiteRunnerWorker.java:86)
	at org.testng.TestNG.runSuitesSequentially(TestNG.java:1301)
	at org.testng.TestNG.runSuitesLocally(TestNG.java:1226)
	at org.testng.TestNG.runSuites(TestNG.java:1144)
	at org.testng.TestNG.run(TestNG.java:1115)
	at org.apache.maven.surefire.testng.TestNGExecutor.run(TestNGExecutor.java:135)
	at org.apache.maven.surefire.testng.TestNGDirectoryTestSuite.executeMulti(TestNGDirectoryTestSuite.java:193)
	at org.apache.maven.surefire.testng.TestNGDirectoryTestSuite.execute(TestNGDirectoryTestSuite.java:94)
	at org.apache.maven.surefire.testng.TestNGProvider.invoke(TestNGProvider.java:146)
	at org.apache.maven.surefire.booter.ForkedBooter.invokeProviderInSameClassLoader(ForkedBooter.java:386)
	at org.apache.maven.surefire.booter.ForkedBooter.runSuitesInProcess(ForkedBooter.java:323)
	at org.apache.maven.surefire.booter.ForkedBooter.main(ForkedBooter.java:143)
</pre></div></td>
<td>21</td>
<td>com.JusDone.qa.TestCases.RegisterPageTest@1753acfe</td></tr>
<tr>
<td title='com.JusDone.qa.TestCases.LoginPageTest.verifyLRememberMeTest()'><b>verifyLRememberMeTest</b><br>Test class: com.JusDone.qa.TestCases.LoginPageTest</td>
<td><div><pre>java.lang.AssertionError: expected [true] but found [false]
	at com.JusDone.qa.TestCases.LoginPageTest.verifyLRememberMeTest(LoginPageTest.java:59)
... Removed 33 stack frames</pre></div><a href='#' onClick='toggleBox("stack-trace2083217543", this, "Click to show all stack frames", "Click to hide stack frames")'>Click to show all stack frames</a>
<div class='stack-trace' id='stack-trace2083217543'><pre>java.lang.AssertionError: expected [true] but found [false]
	at org.testng.Assert.fail(Assert.java:93)
	at org.testng.Assert.failNotEquals(Assert.java:512)
	at org.testng.Assert.assertTrue(Assert.java:41)
	at org.testng.Assert.assertTrue(Assert.java:51)
	at com.JusDone.qa.TestCases.LoginPageTest.verifyLRememberMeTest(LoginPageTest.java:59)
	at sun.reflect.NativeMethodAccessorImpl.invoke0(Native Method)
	at sun.reflect.NativeMethodAccessorImpl.invoke(NativeMethodAccessorImpl.java:62)
	at sun.reflect.DelegatingMethodAccessorImpl.invoke(DelegatingMethodAccessorImpl.java:43)
	at java.lang.reflect.Method.invoke(Method.java:498)
	at org.testng.internal.MethodInvocationHelper.invokeMethod(MethodInvocationHelper.java:108)
	at org.testng.internal.Invoker.invokeMethod(Invoker.java:661)
	at org.testng.internal.Invoker.invokeTestMethod(Invoker.java:869)
	at org.testng.internal.Invoker.invokeTestMethods(Invoker.java:1193)
	at org.testng.internal.TestMethodWorker.invokeTestMethods(TestMethodWorker.java:126)
	at org.testng.internal.TestMethodWorker.run(TestMethodWorker.java:109)
	at org.testng.TestRunner.privateRun(TestRunner.java:744)
	at org.testng.TestRunner.run(TestRunner.java:602)
	at org.testng.SuiteRunner.runTest(SuiteRunner.java:380)
	at org.testng.SuiteRunner.runSequentially(SuiteRunner.java:375)
	at org.testng.SuiteRunner.privateRun(SuiteRunner.java:340)
	at org.testng.SuiteRunner.run(SuiteRunner.java:289)
	at org.testng.SuiteRunnerWorker.runSuite(SuiteRunnerWorker.java:52)
	at org.testng.SuiteRunnerWorker.run(SuiteRunnerWorker.java:86)
	at org.testng.TestNG.runSuitesSequentially(TestNG.java:1301)
	at org.testng.TestNG.runSuitesLocally(TestNG.java:1226)
	at org.testng.TestNG.runSuites(TestNG.java:1144)
	at org.testng.TestNG.run(TestNG.java:1115)
	at org.apache.maven.surefire.testng.TestNGExecutor.run(TestNGExecutor.java:135)
	at org.apache.maven.surefire.testng.TestNGDirectoryTestSuite.executeMulti(TestNGDirectoryTestSuite.java:193)
	at org.apache.maven.surefire.testng.TestNGDirectoryTestSuite.execute(TestNGDirectoryTestSuite.java:94)
	at org.apache.maven.surefire.testng.TestNGProvider.invoke(TestNGProvider.java:146)
	at org.apache.maven.surefire.booter.ForkedBooter.invokeProviderInSameClassLoader(ForkedBooter.java:386)
	at org.apache.maven.surefire.booter.ForkedBooter.runSuitesInProcess(ForkedBooter.java:323)
	at org.apache.maven.surefire.booter.ForkedBooter.main(ForkedBooter.java:143)
</pre></div></td>
<td>0</td>
<td>com.JusDone.qa.TestCases.LoginPageTest@548a9f61</td></tr>
<tr>
<td title='com.JusDone.qa.TestCases.DashBoardPageTest.verifyTeamNameLabelTest()'><b>verifyTeamNameLabelTest</b><br>Test class: com.JusDone.qa.TestCases.DashBoardPageTest</td>
<td><div><pre>java.lang.AssertionError: expected [true] but found [false]
	at com.JusDone.qa.TestCases.DashBoardPageTest.verifyTeamNameLabelTest(DashBoardPageTest.java:79)
... Removed 33 stack frames</pre></div><a href='#' onClick='toggleBox("stack-trace464649704", this, "Click to show all stack frames", "Click to hide stack frames")'>Click to show all stack frames</a>
<div class='stack-trace' id='stack-trace464649704'><pre>java.lang.AssertionError: expected [true] but found [false]
	at org.testng.Assert.fail(Assert.java:93)
	at org.testng.Assert.failNotEquals(Assert.java:512)
	at org.testng.Assert.assertTrue(Assert.java:41)
	at org.testng.Assert.assertTrue(Assert.java:51)
	at com.JusDone.qa.TestCases.DashBoardPageTest.verifyTeamNameLabelTest(DashBoardPageTest.java:79)
	at sun.reflect.NativeMethodAccessorImpl.invoke0(Native Method)
	at sun.reflect.NativeMethodAccessorImpl.invoke(NativeMethodAccessorImpl.java:62)
	at sun.reflect.DelegatingMethodAccessorImpl.invoke(DelegatingMethodAccessorImpl.java:43)
	at java.lang.reflect.Method.invoke(Method.java:498)
	at org.testng.internal.MethodInvocationHelper.invokeMethod(MethodInvocationHelper.java:108)
	at org.testng.internal.Invoker.invokeMethod(Invoker.java:661)
	at org.testng.internal.Invoker.invokeTestMethod(Invoker.java:869)
	at org.testng.internal.Invoker.invokeTestMethods(Invoker.java:1193)
	at org.testng.internal.TestMethodWorker.invokeTestMethods(TestMethodWorker.java:126)
	at org.testng.internal.TestMethodWorker.run(TestMethodWorker.java:109)
	at org.testng.TestRunner.privateRun(TestRunner.java:744)
	at org.testng.TestRunner.run(TestRunner.java:602)
	at org.testng.SuiteRunner.runTest(SuiteRunner.java:380)
	at org.testng.SuiteRunner.runSequentially(SuiteRunner.java:375)
	at org.testng.SuiteRunner.privateRun(SuiteRunner.java:340)
	at org.testng.SuiteRunner.run(SuiteRunner.java:289)
	at org.testng.SuiteRunnerWorker.runSuite(SuiteRunnerWorker.java:52)
	at org.testng.SuiteRunnerWorker.run(SuiteRunnerWorker.java:86)
	at org.testng.TestNG.runSuitesSequentially(TestNG.java:1301)
	at org.testng.TestNG.runSuitesLocally(TestNG.java:1226)
	at org.testng.TestNG.runSuites(TestNG.java:1144)
	at org.testng.TestNG.run(TestNG.java:1115)
	at org.apache.maven.surefire.testng.TestNGExecutor.run(TestNGExecutor.java:135)
	at org.apache.maven.surefire.testng.TestNGDirectoryTestSuite.executeMulti(TestNGDirectoryTestSuite.java:193)
	at org.apache.maven.surefire.testng.TestNGDirectoryTestSuite.execute(TestNGDirectoryTestSuite.java:94)
	at org.apache.maven.surefire.testng.TestNGProvider.invoke(TestNGProvider.java:146)
	at org.apache.maven.surefire.booter.ForkedBooter.invokeProviderInSameClassLoader(ForkedBooter.java:386)
	at org.apache.maven.surefire.booter.ForkedBooter.runSuitesInProcess(ForkedBooter.java:323)
	at org.apache.maven.surefire.booter.ForkedBooter.main(ForkedBooter.java:143)
</pre></div></td>
<td>0</td>
<td>com.JusDone.qa.TestCases.DashBoardPageTest@d2cc05a</td></tr>
</table><p>
<table width='100%' border='1' class='invocation-passed'>
<tr><td colspan='4' align='center'><b>PASSED TESTS</b></td></tr>
<tr><td><b>Test method</b></td>
<td width="30%"><b>Exception</b></td>
<td width="10%"><b>Time (seconds)</b></td>
<td><b>Instance</b></td>
</tr>
<tr>
<td title='com.JusDone.qa.TestCases.LoginPageTest.BlankInputLoginTest()'><b>BlankInputLoginTest</b><br>Test class: com.JusDone.qa.TestCases.LoginPageTest</td>
<td></td>
<td>0</td>
<td>com.JusDone.qa.TestCases.LoginPageTest@548a9f61</td></tr>
<tr>
<td title='com.JusDone.qa.TestCases.TaskPageTest.ClickCreateNewTaskLinkTest()'><b>ClickCreateNewTaskLinkTest</b><br>Test class: com.JusDone.qa.TestCases.TaskPageTest</td>
<td></td>
<td>3</td>
<td>com.JusDone.qa.TestCases.TaskPageTest@7c16905e</td></tr>
<tr>
<td title='com.JusDone.qa.TestCases.DashBoardPageTest.ClickLogOutBtn()'><b>ClickLogOutBtn</b><br>Test class: com.JusDone.qa.TestCases.DashBoardPageTest</td>
<td></td>
<td>1</td>
<td>com.JusDone.qa.TestCases.DashBoardPageTest@d2cc05a</td></tr>
<tr>
<td title='com.JusDone.qa.TestCases.HomePageTest.ClickLoginBtnTest()'><b>ClickLoginBtnTest</b><br>Test class: com.JusDone.qa.TestCases.HomePageTest</td>
<td></td>
<td>6</td>
<td>com.JusDone.qa.TestCases.HomePageTest@4f933fd1</td></tr>
<tr>
<td title='com.JusDone.qa.TestCases.HomePageTest.ClickOnSignupLogoTest()'><b>ClickOnSignupLogoTest</b><br>Test class: com.JusDone.qa.TestCases.HomePageTest</td>
<td></td>
<td>2</td>
<td>com.JusDone.qa.TestCases.HomePageTest@4f933fd1</td></tr>
<tr>
<td title='com.JusDone.qa.TestCases.RegisterPageTest.ClickSignInButtonTest()'><b>ClickSignInButtonTest</b><br>Test class: com.JusDone.qa.TestCases.RegisterPageTest</td>
<td></td>
<td>0</td>
<td>com.JusDone.qa.TestCases.RegisterPageTest@1753acfe</td></tr>
<tr>
<td title='com.JusDone.qa.TestCases.DashBoardPageTest.ClickTaskBtnTest()'><b>ClickTaskBtnTest</b><br>Test class: com.JusDone.qa.TestCases.DashBoardPageTest</td>
<td></td>
<td>5</td>
<td>com.JusDone.qa.TestCases.DashBoardPageTest@d2cc05a</td></tr>
<tr>
<td title='com.JusDone.qa.TestCases.DashBoardPageTest.CreateTeamBtnTest()'><b>CreateTeamBtnTest</b><br>Test class: com.JusDone.qa.TestCases.DashBoardPageTest</td>
<td></td>
<td>7</td>
<td>com.JusDone.qa.TestCases.DashBoardPageTest@d2cc05a</td></tr>
<tr>
<td title='com.JusDone.qa.TestCases.LoginPageTest.InvalidLoginTest()'><b>InvalidLoginTest</b><br>Test class: com.JusDone.qa.TestCases.LoginPageTest</td>
<td></td>
<td>1</td>
<td>com.JusDone.qa.TestCases.LoginPageTest@548a9f61</td></tr>
<tr>
<td title='com.JusDone.qa.TestCases.LoginPageTest.ValidLoginTest()'><b>ValidLoginTest</b><br>Test class: com.JusDone.qa.TestCases.LoginPageTest</td>
<td></td>
<td>6</td>
<td>com.JusDone.qa.TestCases.LoginPageTest@548a9f61</td></tr>
<tr>
<td title='com.JusDone.qa.TestCases.RegisterPageTest.VerifyBlankErrorMsgTest()'><b>VerifyBlankErrorMsgTest</b><br>Test class: com.JusDone.qa.TestCases.RegisterPageTest<br>Parameters: svsv, , Test123, Test123</td>
<td></td>
<td>0</td>
<td>com.JusDone.qa.TestCases.RegisterPageTest@1753acfe</td></tr>
<tr>
<td title='com.JusDone.qa.TestCases.RegisterPageTest.VerifyExistingAcctErrorMsgTest()'><b>VerifyExistingAcctErrorMsgTest</b><br>Test class: com.JusDone.qa.TestCases.RegisterPageTest<br>Parameters: ab12, ab12@gmail.com, Test123, Test123</td>
<td></td>
<td>1</td>
<td>com.JusDone.qa.TestCases.RegisterPageTest@1753acfe</td></tr>
<tr>
<td title='com.JusDone.qa.TestCases.RegisterPageTest.VerifyInvalidEmailErrorMsgTest()'><b>VerifyInvalidEmailErrorMsgTest</b><br>Test class: com.JusDone.qa.TestCases.RegisterPageTest<br>Parameters: sr123, sr123@123, Test123, Test123</td>
<td></td>
<td>1</td>
<td>com.JusDone.qa.TestCases.RegisterPageTest@1753acfe</td></tr>
<tr>
<td title='com.JusDone.qa.TestCases.RegisterPageTest.VerifyPwdMatchErrorMsgTest()'><b>VerifyPwdMatchErrorMsgTest</b><br>Test class: com.JusDone.qa.TestCases.RegisterPageTest<br>Parameters: sri123, sri123@gmail.com, Test123, Tes123</td>
<td></td>
<td>1</td>
<td>com.JusDone.qa.TestCases.RegisterPageTest@1753acfe</td></tr>
<tr>
<td title='com.JusDone.qa.TestCases.HomePageTest.verifyAboutUsLogoTest()'><b>verifyAboutUsLogoTest</b><br>Test class: com.JusDone.qa.TestCases.HomePageTest</td>
<td></td>
<td>0</td>
<td>com.JusDone.qa.TestCases.HomePageTest@4f933fd1</td></tr>
<tr>
<td title='com.JusDone.qa.TestCases.DashBoardPageTest.verifyBellBtnTest()'><b>verifyBellBtnTest</b><br>Test class: com.JusDone.qa.TestCases.DashBoardPageTest</td>
<td></td>
<td>0</td>
<td>com.JusDone.qa.TestCases.DashBoardPageTest@d2cc05a</td></tr>
<tr>
<td title='com.JusDone.qa.TestCases.HomePageTest.verifyContactUsLogoTest()'><b>verifyContactUsLogoTest</b><br>Test class: com.JusDone.qa.TestCases.HomePageTest</td>
<td></td>
<td>0</td>
<td>com.JusDone.qa.TestCases.HomePageTest@4f933fd1</td></tr>
<tr>
<td title='com.JusDone.qa.TestCases.TaskPageTest.verifyCreateNewTaskLinkTest()'><b>verifyCreateNewTaskLinkTest</b><br>Test class: com.JusDone.qa.TestCases.TaskPageTest</td>
<td></td>
<td>3</td>
<td>com.JusDone.qa.TestCases.TaskPageTest@7c16905e</td></tr>
<tr>
<td title='com.JusDone.qa.TestCases.DashBoardPageTest.verifyCreateNewTaskLinkTest()'><b>verifyCreateNewTaskLinkTest</b><br>Test class: com.JusDone.qa.TestCases.DashBoardPageTest</td>
<td></td>
<td>0</td>
<td>com.JusDone.qa.TestCases.DashBoardPageTest@d2cc05a</td></tr>
<tr>
<td title='com.JusDone.qa.TestCases.DashBoardPageTest.verifyCreateNewTeamBtnTest()'><b>verifyCreateNewTeamBtnTest</b><br>Test class: com.JusDone.qa.TestCases.DashBoardPageTest</td>
<td></td>
<td>0</td>
<td>com.JusDone.qa.TestCases.DashBoardPageTest@d2cc05a</td></tr>
<tr>
<td title='com.JusDone.qa.TestCases.DashBoardPageTest.verifyDashBoardBtnTest()'><b>verifyDashBoardBtnTest</b><br>Test class: com.JusDone.qa.TestCases.DashBoardPageTest</td>
<td></td>
<td>0</td>
<td>com.JusDone.qa.TestCases.DashBoardPageTest@d2cc05a</td></tr>
<tr>
<td title='com.JusDone.qa.TestCases.RegisterPageTest.verifyExistingUserBtnTest()'><b>verifyExistingUserBtnTest</b><br>Test class: com.JusDone.qa.TestCases.RegisterPageTest</td>
<td></td>
<td>0</td>
<td>com.JusDone.qa.TestCases.RegisterPageTest@1753acfe</td></tr>
<tr>
<td title='com.JusDone.qa.TestCases.HomePageTest.verifyHomePageTitleTest()'><b>verifyHomePageTitleTest</b><br>Test class: com.JusDone.qa.TestCases.HomePageTest</td>
<td></td>
<td>0</td>
<td>com.JusDone.qa.TestCases.HomePageTest@4f933fd1</td></tr>
<tr>
<td title='com.JusDone.qa.TestCases.DashBoardPageTest.verifyInvitesBtnTest()'><b>verifyInvitesBtnTest</b><br>Test class: com.JusDone.qa.TestCases.DashBoardPageTest</td>
<td></td>
<td>0</td>
<td>com.JusDone.qa.TestCases.DashBoardPageTest@d2cc05a</td></tr>
<tr>
<td title='com.JusDone.qa.TestCases.DashBoardPageTest.verifyJusDoneImageTest()'><b>verifyJusDoneImageTest</b><br>Test class: com.JusDone.qa.TestCases.DashBoardPageTest</td>
<td></td>
<td>6</td>
<td>com.JusDone.qa.TestCases.DashBoardPageTest@d2cc05a</td></tr>
<tr>
<td title='com.JusDone.qa.TestCases.HomePageTest.verifyJusDoneLogoTest()'><b>verifyJusDoneLogoTest</b><br>Test class: com.JusDone.qa.TestCases.HomePageTest</td>
<td></td>
<td>0</td>
<td>com.JusDone.qa.TestCases.HomePageTest@4f933fd1</td></tr>
<tr>
<td title='com.JusDone.qa.TestCases.LoginPageTest.verifyLCreateAcctBtnTest()'><b>verifyLCreateAcctBtnTest</b><br>Test class: com.JusDone.qa.TestCases.LoginPageTest</td>
<td></td>
<td>0</td>
<td>com.JusDone.qa.TestCases.LoginPageTest@548a9f61</td></tr>
<tr>
<td title='com.JusDone.qa.TestCases.LoginPageTest.verifyLForgotPwdTest()'><b>verifyLForgotPwdTest</b><br>Test class: com.JusDone.qa.TestCases.LoginPageTest</td>
<td></td>
<td>0</td>
<td>com.JusDone.qa.TestCases.LoginPageTest@548a9f61</td></tr>
<tr>
<td title='com.JusDone.qa.TestCases.DashBoardPageTest.verifyLogOutBtnTest()'><b>verifyLogOutBtnTest</b><br>Test class: com.JusDone.qa.TestCases.DashBoardPageTest</td>
<td></td>
<td>0</td>
<td>com.JusDone.qa.TestCases.DashBoardPageTest@d2cc05a</td></tr>
<tr>
<td title='com.JusDone.qa.TestCases.LoginPageTest.verifyLoginBtnTest()'><b>verifyLoginBtnTest</b><br>Test class: com.JusDone.qa.TestCases.LoginPageTest</td>
<td></td>
<td>0</td>
<td>com.JusDone.qa.TestCases.LoginPageTest@548a9f61</td></tr>
<tr>
<td title='com.JusDone.qa.TestCases.HomePageTest.verifyLoginLogoTest()'><b>verifyLoginLogoTest</b><br>Test class: com.JusDone.qa.TestCases.HomePageTest</td>
<td></td>
<td>0</td>
<td>com.JusDone.qa.TestCases.HomePageTest@4f933fd1</td></tr>
<tr>
<td title='com.JusDone.qa.TestCases.LoginPageTest.verifyLoginNameTest()'><b>verifyLoginNameTest</b><br>Test class: com.JusDone.qa.TestCases.LoginPageTest</td>
<td></td>
<td>0</td>
<td>com.JusDone.qa.TestCases.LoginPageTest@548a9f61</td></tr>
<tr>
<td title='com.JusDone.qa.TestCases.TaskPageTest.verifyMembersLinkTest()'><b>verifyMembersLinkTest</b><br>Test class: com.JusDone.qa.TestCases.TaskPageTest</td>
<td></td>
<td>0</td>
<td>com.JusDone.qa.TestCases.TaskPageTest@7c16905e</td></tr>
<tr>
<td title='com.JusDone.qa.TestCases.DashBoardPageTest.verifyMenuBarTest()'><b>verifyMenuBarTest</b><br>Test class: com.JusDone.qa.TestCases.DashBoardPageTest</td>
<td></td>
<td>0</td>
<td>com.JusDone.qa.TestCases.DashBoardPageTest@d2cc05a</td></tr>
<tr>
<td title='com.JusDone.qa.TestCases.RegisterPageTest.verifyRegisterNameTest()'><b>verifyRegisterNameTest</b><br>Test class: com.JusDone.qa.TestCases.RegisterPageTest</td>
<td></td>
<td>0</td>
<td>com.JusDone.qa.TestCases.RegisterPageTest@1753acfe</td></tr>
<tr>
<td title='com.JusDone.qa.TestCases.DashBoardPageTest.verifySearchBoxTest()'><b>verifySearchBoxTest</b><br>Test class: com.JusDone.qa.TestCases.DashBoardPageTest</td>
<td></td>
<td>0</td>
<td>com.JusDone.qa.TestCases.DashBoardPageTest@d2cc05a</td></tr>
<tr>
<td title='com.JusDone.qa.TestCases.DashBoardPageTest.verifySettingsBtnTest()'><b>verifySettingsBtnTest</b><br>Test class: com.JusDone.qa.TestCases.DashBoardPageTest</td>
<td></td>
<td>0</td>
<td>com.JusDone.qa.TestCases.DashBoardPageTest@d2cc05a</td></tr>
<tr>
<td title='com.JusDone.qa.TestCases.TaskPageTest.verifySettingsLinkTest()'><b>verifySettingsLinkTest</b><br>Test class: com.JusDone.qa.TestCases.TaskPageTest</td>
<td></td>
<td>0</td>
<td>com.JusDone.qa.TestCases.TaskPageTest@7c16905e</td></tr>
<tr>
<td title='com.JusDone.qa.TestCases.HomePageTest.verifySignUpLogoTest()'><b>verifySignUpLogoTest</b><br>Test class: com.JusDone.qa.TestCases.HomePageTest</td>
<td></td>
<td>0</td>
<td>com.JusDone.qa.TestCases.HomePageTest@4f933fd1</td></tr>
<tr>
<td title='com.JusDone.qa.TestCases.DashBoardPageTest.verifyTaskBtnTest()'><b>verifyTaskBtnTest</b><br>Test class: com.JusDone.qa.TestCases.DashBoardPageTest</td>
<td></td>
<td>0</td>
<td>com.JusDone.qa.TestCases.DashBoardPageTest@d2cc05a</td></tr>
<tr>
<td title='com.JusDone.qa.TestCases.DashBoardPageTest.verifyTeamLabelTest()'><b>verifyTeamLabelTest</b><br>Test class: com.JusDone.qa.TestCases.DashBoardPageTest</td>
<td></td>
<td>0</td>
<td>com.JusDone.qa.TestCases.DashBoardPageTest@d2cc05a</td></tr>
<tr>
<td title='com.JusDone.qa.TestCases.DashBoardPageTest.verifyTeamsBtnTest()'><b>verifyTeamsBtnTest</b><br>Test class: com.JusDone.qa.TestCases.DashBoardPageTest</td>
<td></td>
<td>0</td>
<td>com.JusDone.qa.TestCases.DashBoardPageTest@d2cc05a</td></tr>
<tr>
<td title='com.JusDone.qa.TestCases.DashBoardPageTest.verifyUserNameTest()'><b>verifyUserNameTest</b><br>Test class: com.JusDone.qa.TestCases.DashBoardPageTest</td>
<td></td>
<td>0</td>
<td>com.JusDone.qa.TestCases.DashBoardPageTest@d2cc05a</td></tr>
</table><p>
</body>
</html>