<!DOCTYPE html PUBLIC "-//W3C//DTD XHTML 1.1//EN" "http://www.w3.org/TR/xhtml11/DTD/xhtml11.dtd">
<html xmlns="http://www.w3.org/1999/xhtml"><head><title>TestNG Report</title><style type="text/css">table {margin-bottom:10px;border-collapse:collapse;empty-cells:show}th,td {border:1px solid #009;padding:.25em .5em}th {vertical-align:bottom}td {vertical-align:top}table a {font-weight:bold}.stripe td {background-color: #E6EBF9}.num {text-align:right}.passedodd td {background-color: #3F3}.passedeven td {background-color: #0A0}.skippedodd td {background-color: #DDD}.skippedeven td {background-color: #CCC}.failedodd td,.attn {background-color: #F33}.failedeven td,.stripe .attn {background-color: #D00}.stacktrace {white-space:pre;font-family:monospace}.totop {font-size:85%;text-align:center;border-bottom:2px solid #000}</style></head><body><table><tr><th>Test</th><th># Passed</th><th># Skipped</th><th># Failed</th><th>Time (ms)</th><th>Included Groups</th><th>Excluded Groups</th></tr><tr><th colspan="7">JusDone Application Test Automation Test Suite</th></tr><tr><td><a href="#t0">LoginTest</a></td><td class="num">7</td><td class="num">0</td><td class="num attn">1</td><td class="num">131,119</td><td></td><td></td></tr><tr class="stripe"><td><a href="#t1">HomepageTest</a></td><td class="num">8</td><td class="num">0</td><td class="num">0</td><td class="num">126,247</td><td></td><td></td></tr><tr><td><a href="#t2">RegisterPageTest</a></td><td class="num">4</td><td class="num attn">3</td><td class="num attn">1</td><td class="num">96,864</td><td></td><td></td></tr><tr class="stripe"><td><a href="#t3">DashBoardPageTest</a></td><td class="num">18</td><td class="num">0</td><td class="num attn">1</td><td class="num">472,287</td><td></td><td></td></tr><tr><td><a href="#t4">TaskPageTest</a></td><td class="num">4</td><td class="num">0</td><td class="num">0</td><td class="num">140,020</td><td></td><td></td></tr><tr><th>Total</th><th class="num">41</th><th class="num attn">3</th><th class="num attn">3</th><th class="num">966,537</th><th colspan="2"></th></tr></table><table id='summary'><thead><tr><th>Class</th><th>Method</th><th>Start</th><th>Time (ms)</th></tr></thead><tbody><tr><th colspan="4">JusDone Application Test Automation Test Suite</th></tr></tbody><tbody id="t0"><tr><th colspan="4">LoginTest &#8212; failed</th></tr><tr class="failedeven"><td rowspan="1">com.JusDone.qa.TestCases.LoginPageTest</td><td><a href="#m0">verifyLRememberMeTest</a></td><td rowspan="1">1518812243851</td><td rowspan="1">60</td></tr><tr><th colspan="4">LoginTest &#8212; passed</th></tr><tr class="passedeven"><td rowspan="7">com.JusDone.qa.TestCases.LoginPageTest</td><td><a href="#m1">BlankInputLoginTest</a></td><td rowspan="1">1518812315989</td><td rowspan="1">874</td></tr><tr class="passedeven"><td><a href="#m2">InvalidLoginTest</a></td><td rowspan="1">1518812294934</td><td rowspan="1">2039</td></tr><tr class="passedeven"><td><a href="#m3">ValidLoginTest</a></td><td rowspan="1">1518812271983</td><td rowspan="1">9159</td></tr><tr class="passedeven"><td><a href="#m4">verifyLCreateAcctBtnTest</a></td><td rowspan="1">1518812258031</td><td rowspan="1">66</td></tr><tr class="passedeven"><td><a href="#m5">verifyLForgotPwdTest</a></td><td rowspan="1">1518812217496</td><td rowspan="1">58</td></tr><tr class="passedeven"><td><a href="#m6">verifyLoginBtnTest</a></td><td rowspan="1">1518812230142</td><td rowspan="1">65</td></tr><tr class="passedeven"><td><a href="#m7">verifyLoginNameTest</a></td><td rowspan="1">1518812200856</td><td rowspan="1">126</td></tr></tbody><tbody id="t1"><tr><th colspan="4">HomepageTest &#8212; passed</th></tr><tr class="passedeven"><td rowspan="8">com.JusDone.qa.TestCases.HomePageTest</td><td><a href="#m8">ClickLoginBtnTest</a></td><td rowspan="1">1518812438569</td><td rowspan="1">5548</td></tr><tr class="passedeven"><td><a href="#m9">ClickOnSignupLogoTest</a></td><td rowspan="1">1518812426509</td><td rowspan="1">2584</td></tr><tr class="passedeven"><td><a href="#m10">verifyAboutUsLogoTest</a></td><td rowspan="1">1518812412159</td><td rowspan="1">63</td></tr><tr class="passedeven"><td><a href="#m11">verifyContactUsLogoTest</a></td><td rowspan="1">1518812400318</td><td rowspan="1">62</td></tr><tr class="passedeven"><td><a href="#m12">verifyHomePageTitleTest</a></td><td rowspan="1">1518812335730</td><td rowspan="1">9</td></tr><tr class="passedeven"><td><a href="#m13">verifyJusDoneLogoTest</a></td><td rowspan="1">1518812353421</td><td rowspan="1">64</td></tr><tr class="passedeven"><td><a href="#m14">verifyLoginLogoTest</a></td><td rowspan="1">1518812385527</td><td rowspan="1">70</td></tr><tr class="passedeven"><td><a href="#m15">verifySignUpLogoTest</a></td><td rowspan="1">1518812371260</td><td rowspan="1">78</td></tr></tbody><tbody id="t2"><tr><th colspan="4">RegisterPageTest &#8212; failed (configuration methods)</th></tr><tr class="failedeven"><td rowspan="1">com.JusDone.qa.TestCases.RegisterPageTest</td><td><a href="#m16">setUp</a></td><td rowspan="1">1518812532355</td><td rowspan="1">8975</td></tr><tr><th colspan="4">RegisterPageTest &#8212; failed</th></tr><tr class="failedeven"><td rowspan="1">com.JusDone.qa.TestCases.RegisterPageTest</td><td><a href="#m17">VerifyValidAcctNameMsgTest</a></td><td rowspan="1">1518812481446</td><td rowspan="1">23132</td></tr><tr><th colspan="4">RegisterPageTest &#8212; skipped (configuration methods)</th></tr><tr class="skippedeven"><td rowspan="2">com.JusDone.qa.TestCases.RegisterPageTest</td><td><a href="#m18">setUp</a></td><td rowspan="2">1518812541358</td><td rowspan="2">0</td></tr><tr class="skippedeven"><td><a href="#m19">setUp</a></td></tr><tr><th colspan="4">RegisterPageTest &#8212; skipped</th></tr><tr class="skippedeven"><td rowspan="3">com.JusDone.qa.TestCases.RegisterPageTest</td><td><a href="#m20">ClickSignInButtonTest</a></td><td rowspan="1">1518812541358</td><td rowspan="1">0</td></tr><tr class="skippedeven"><td><a href="#m21">VerifyBlankErrorMsgTest</a></td><td rowspan="1">1518812541357</td><td rowspan="1">0</td></tr><tr class="skippedeven"><td><a href="#m22">VerifyPwdMatchErrorMsgTest</a></td><td rowspan="1">1518812541331</td><td rowspan="1">0</td></tr><tr><th colspan="4">RegisterPageTest &#8212; passed</th></tr><tr class="passedeven"><td rowspan="4">com.JusDone.qa.TestCases.RegisterPageTest</td><td><a href="#m23">VerifyExistingAcctErrorMsgTest</a></td><td rowspan="1">1518812516124</td><td rowspan="1">2368</td></tr><tr class="passedeven"><td><a href="#m24">VerifyInvalidEmailErrorMsgTest</a></td><td rowspan="1">1518812529655</td><td rowspan="1">2330</td></tr><tr class="passedeven"><td><a href="#m25">verifyExistingUserBtnTest</a></td><td rowspan="1">1518812469648</td><td rowspan="1">53</td></tr><tr class="passedeven"><td><a href="#m26">verifyRegisterNameTest</a></td><td rowspan="1">1518812455352</td><td rowspan="1">170</td></tr></tbody><tbody id="t3"><tr><th colspan="4">DashBoardPageTest &#8212; failed</th></tr><tr class="failedeven"><td rowspan="1">com.JusDone.qa.TestCases.DashBoardPageTest</td><td><a href="#m27">ClickCreateNewTaskLinkTest</a></td><td rowspan="1">1518812949264</td><td rowspan="1">32</td></tr><tr><th colspan="4">DashBoardPageTest &#8212; passed</th></tr><tr class="passedeven"><td rowspan="18">com.JusDone.qa.TestCases.DashBoardPageTest</td><td><a href="#m28">ClickLogOutBtn</a></td><td rowspan="1">1518813012574</td><td rowspan="1">783</td></tr><tr class="passedeven"><td><a href="#m29">ClickTaskBtnTest</a></td><td rowspan="1">1518812977413</td><td rowspan="1">6667</td></tr><tr class="passedeven"><td><a href="#m30">CreateTeamBtnTest</a></td><td rowspan="1">1518812911046</td><td rowspan="1">8508</td></tr><tr class="passedeven"><td><a href="#m31">verifyBellBtnTest</a></td><td rowspan="1">1518812826545</td><td rowspan="1">22</td></tr><tr class="passedeven"><td><a href="#m32">verifyCreateNewTaskLinkTest</a></td><td rowspan="1">1518812882946</td><td rowspan="1">31</td></tr><tr class="passedeven"><td><a href="#m33">verifyCreateNewTeamBtnTest</a></td><td rowspan="1">1518812803530</td><td rowspan="1">15</td></tr><tr class="passedeven"><td><a href="#m34">verifyDashBoardBtnTest</a></td><td rowspan="1">1518812678261</td><td rowspan="1">16</td></tr><tr class="passedeven"><td><a href="#m35">verifyInvitesBtnTest</a></td><td rowspan="1">1518812742008</td><td rowspan="1">16</td></tr><tr class="passedeven"><td><a href="#m36">verifyJusDoneImageTest</a></td><td rowspan="1">1518812565944</td><td rowspan="1">6050</td></tr><tr class="passedeven"><td><a href="#m37">verifyLogOutBtnTest</a></td><td rowspan="1">1518812854810</td><td rowspan="1">32</td></tr><tr class="passedeven"><td><a href="#m38">verifyMenuBarTest</a></td><td rowspan="1">1518812783887</td><td rowspan="1">16</td></tr><tr class="passedeven"><td><a href="#m39">verifySearchBoxTest</a></td><td rowspan="1">1518812636244</td><td rowspan="1">31</td></tr><tr class="passedeven"><td><a href="#m40">verifySettingsBtnTest</a></td><td rowspan="1">1518812762515</td><td rowspan="1">31</td></tr><tr class="passedeven"><td><a href="#m41">verifyTaskBtnTest</a></td><td rowspan="1">1518812720155</td><td rowspan="1">16</td></tr><tr class="passedeven"><td><a href="#m42">verifyTeamLabelTest</a></td><td rowspan="1">1518812614913</td><td rowspan="1">37</td></tr><tr class="passedeven"><td><a href="#m43">verifyTeamNameLabelTest</a></td><td rowspan="1">1518812656600</td><td rowspan="1">63</td></tr><tr class="passedeven"><td><a href="#m44">verifyTeamsBtnTest</a></td><td rowspan="1">1518812699712</td><td rowspan="1">29</td></tr><tr class="passedeven"><td><a href="#m45">verifyUserNameTest</a></td><td rowspan="1">1518812593694</td><td rowspan="1">37</td></tr></tbody><tbody id="t4"><tr><th colspan="4">TaskPageTest &#8212; passed</th></tr><tr class="passedeven"><td rowspan="4">com.JusDone.qa.TestCases.TaskPageTest</td><td><a href="#m46">ClickCreateNewTaskLinkTest</a></td><td rowspan="1">1518813149160</td><td rowspan="1">4307</td></tr><tr class="passedeven"><td><a href="#m47">verifyCreateNewTaskLinkTest</a></td><td rowspan="1">1518813046043</td><td rowspan="1">3049</td></tr><tr class="passedeven"><td><a href="#m48">verifyMembersLinkTest</a></td><td rowspan="1">1518813081826</td><td rowspan="1">47</td></tr><tr class="passedeven"><td><a href="#m49">verifySettingsLinkTest</a></td><td rowspan="1">1518813116521</td><td rowspan="1">47</td></tr></tbody></table><h2>LoginTest</h2><h3 id="m0">com.JusDone.qa.TestCases.LoginPageTest#verifyLRememberMeTest</h3><table class="result"><tr><th>Exception</th></tr><tr><td><div class="stacktrace">java.lang.AssertionError: expected [true] but found [false]
	at com.JusDone.qa.TestCases.LoginPageTest.verifyLRememberMeTest(LoginPageTest.java:62)
... Removed 32 stack frames</div></td></tr></table><p class="totop"><a href="#summary">back to summary</a></p><h3 id="m1">com.JusDone.qa.TestCases.LoginPageTest#BlankInputLoginTest</h3><table class="result"></table><p class="totop"><a href="#summary">back to summary</a></p><h3 id="m2">com.JusDone.qa.TestCases.LoginPageTest#InvalidLoginTest</h3><table class="result"></table><p class="totop"><a href="#summary">back to summary</a></p><h3 id="m3">com.JusDone.qa.TestCases.LoginPageTest#ValidLoginTest</h3><table class="result"></table><p class="totop"><a href="#summary">back to summary</a></p><h3 id="m4">com.JusDone.qa.TestCases.LoginPageTest#verifyLCreateAcctBtnTest</h3><table class="result"></table><p class="totop"><a href="#summary">back to summary</a></p><h3 id="m5">com.JusDone.qa.TestCases.LoginPageTest#verifyLForgotPwdTest</h3><table class="result"></table><p class="totop"><a href="#summary">back to summary</a></p><h3 id="m6">com.JusDone.qa.TestCases.LoginPageTest#verifyLoginBtnTest</h3><table class="result"></table><p class="totop"><a href="#summary">back to summary</a></p><h3 id="m7">com.JusDone.qa.TestCases.LoginPageTest#verifyLoginNameTest</h3><table class="result"></table><p class="totop"><a href="#summary">back to summary</a></p><h2>HomepageTest</h2><h3 id="m8">com.JusDone.qa.TestCases.HomePageTest#ClickLoginBtnTest</h3><table class="result"></table><p class="totop"><a href="#summary">back to summary</a></p><h3 id="m9">com.JusDone.qa.TestCases.HomePageTest#ClickOnSignupLogoTest</h3><table class="result"></table><p class="totop"><a href="#summary">back to summary</a></p><h3 id="m10">com.JusDone.qa.TestCases.HomePageTest#verifyAboutUsLogoTest</h3><table class="result"></table><p class="totop"><a href="#summary">back to summary</a></p><h3 id="m11">com.JusDone.qa.TestCases.HomePageTest#verifyContactUsLogoTest</h3><table class="result"></table><p class="totop"><a href="#summary">back to summary</a></p><h3 id="m12">com.JusDone.qa.TestCases.HomePageTest#verifyHomePageTitleTest</h3><table class="result"></table><p class="totop"><a href="#summary">back to summary</a></p><h3 id="m13">com.JusDone.qa.TestCases.HomePageTest#verifyJusDoneLogoTest</h3><table class="result"></table><p class="totop"><a href="#summary">back to summary</a></p><h3 id="m14">com.JusDone.qa.TestCases.HomePageTest#verifyLoginLogoTest</h3><table class="result"></table><p class="totop"><a href="#summary">back to summary</a></p><h3 id="m15">com.JusDone.qa.TestCases.HomePageTest#verifySignUpLogoTest</h3><table class="result"></table><p class="totop"><a href="#summary">back to summary</a></p><h2>RegisterPageTest</h2><h3 id="m16">com.JusDone.qa.TestCases.RegisterPageTest#setUp</h3><table class="result"><tr><th>Exception</th></tr><tr><td><div class="stacktrace">org.openqa.selenium.ElementNotInteractableException: 
Build info: version: &apos;3.7.1&apos;, revision: &apos;8a0099a&apos;, time: &apos;2017-11-06T21:01:39.354Z&apos;
System info: host: &apos;NALLANS-NEWPC&apos;, ip: &apos;192.168.186.1&apos;, os.name: &apos;Windows 10&apos;, os.arch: &apos;amd64&apos;, os.version: &apos;10.0&apos;, java.version: &apos;1.8.0_151&apos;
Driver info: org.openqa.selenium.firefox.FirefoxDriver
Capabilities {acceptInsecureCerts: true, browserName: firefox, browserVersion: 56.0, javascriptEnabled: true, moz:accessibilityChecks: false, moz:headless: false, moz:processID: 20876, moz:profile: C:\Users\venka\AppData\Loca..., pageLoadStrategy: normal, platform: XP, platformName: XP, platformVersion: 10.0, rotatable: false, specificationLevel: 0, timeouts: {implicit: 0, pageLoad: 300000, script: 30000}}
Session ID: c0ff8e6e-a212-4920-9b51-9c55f02b31ab
	at org.openqa.selenium.remote.http.W3CHttpResponseCodec.createException(W3CHttpResponseCodec.java:187)
	at org.openqa.selenium.remote.http.W3CHttpResponseCodec.decode(W3CHttpResponseCodec.java:122)
	at org.openqa.selenium.remote.http.W3CHttpResponseCodec.decode(W3CHttpResponseCodec.java:49)
	at org.openqa.selenium.remote.HttpCommandExecutor.execute(HttpCommandExecutor.java:164)
	at org.openqa.selenium.remote.service.DriverCommandExecutor.execute(DriverCommandExecutor.java:83)
	at org.openqa.selenium.remote.RemoteWebDriver.execute(RemoteWebDriver.java:600)
	at org.openqa.selenium.remote.RemoteWebElement.execute(RemoteWebElement.java:279)
	at org.openqa.selenium.remote.RemoteWebElement.click(RemoteWebElement.java:83)
	at org.openqa.selenium.support.pagefactory.internal.LocatingElementHandler.invoke(LocatingElementHandler.java:51)
	at com.sun.proxy.$Proxy10.click(Unknown Source)
	at com.JusDone.qa.Pages.HomePage.clickOnSignUpLogo(HomePage.java:67)
	at com.JusDone.qa.TestCases.RegisterPageTest.setUp(RegisterPageTest.java:45)
... Removed 37 stack frames</div></td></tr></table><p class="totop"><a href="#summary">back to summary</a></p><h3 id="m17">com.JusDone.qa.TestCases.RegisterPageTest#VerifyValidAcctNameMsgTest</h3><table class="result"><tr class="param"><th>Parameter #1</th><th>Parameter #2</th><th>Parameter #3</th><th>Parameter #4</th></tr><tr class="param stripe"><td>sv7</td><td>siri@gmail.com</td><td>Test123</td><td>Test123</td></tr><tr><th colspan="4">Exception</th></tr><tr><td colspan="4"><div class="stacktrace">org.openqa.selenium.NoSuchElementException: Unable to locate element: /html/body/div/div[1]/div/nav/div/p[1]
For documentation on this error, please visit: http://seleniumhq.org/exceptions/no_such_element.html
Build info: version: &apos;3.7.1&apos;, revision: &apos;8a0099a&apos;, time: &apos;2017-11-06T21:01:39.354Z&apos;
System info: host: &apos;NALLANS-NEWPC&apos;, ip: &apos;192.168.186.1&apos;, os.name: &apos;Windows 10&apos;, os.arch: &apos;amd64&apos;, os.version: &apos;10.0&apos;, java.version: &apos;1.8.0_151&apos;
Driver info: org.openqa.selenium.firefox.FirefoxDriver
Capabilities {acceptInsecureCerts: true, browserName: firefox, browserVersion: 56.0, javascriptEnabled: true, moz:accessibilityChecks: false, moz:headless: false, moz:processID: 31672, moz:profile: C:\Users\venka\AppData\Loca..., pageLoadStrategy: normal, platform: XP, platformName: XP, platformVersion: 10.0, rotatable: false, specificationLevel: 0, timeouts: {implicit: 0, pageLoad: 300000, script: 30000}}
Session ID: 3ff07c7a-ab37-4634-826d-871e445d6fbd
*** Element info: {Using=xpath, value=/html/body/div/div[1]/div/nav/div/p[1]}
	at org.openqa.selenium.remote.http.W3CHttpResponseCodec.createException(W3CHttpResponseCodec.java:187)
	at org.openqa.selenium.remote.http.W3CHttpResponseCodec.decode(W3CHttpResponseCodec.java:122)
	at org.openqa.selenium.remote.http.W3CHttpResponseCodec.decode(W3CHttpResponseCodec.java:49)
	at org.openqa.selenium.remote.HttpCommandExecutor.execute(HttpCommandExecutor.java:164)
	at org.openqa.selenium.remote.service.DriverCommandExecutor.execute(DriverCommandExecutor.java:83)
	at org.openqa.selenium.remote.RemoteWebDriver.execute(RemoteWebDriver.java:600)
	at org.openqa.selenium.remote.RemoteWebDriver.findElement(RemoteWebDriver.java:370)
	at org.openqa.selenium.remote.RemoteWebDriver.findElementByXPath(RemoteWebDriver.java:472)
	at org.openqa.selenium.By$ByXPath.findElement(By.java:361)
	at org.openqa.selenium.remote.RemoteWebDriver.findElement(RemoteWebDriver.java:362)
	at org.openqa.selenium.support.pagefactory.DefaultElementLocator.findElement(DefaultElementLocator.java:69)
	at org.openqa.selenium.support.pagefactory.internal.LocatingElementHandler.invoke(LocatingElementHandler.java:38)
	at com.sun.proxy.$Proxy10.getWrappedElement(Unknown Source)
	at org.openqa.selenium.remote.internal.WebElementToJsonConverter.apply(WebElementToJsonConverter.java:51)
	at com.google.common.collect.Iterators$6.transform(Iterators.java:820)
	at com.google.common.collect.TransformedIterator.next(TransformedIterator.java:48)
	at com.google.common.collect.Iterators.addAll(Iterators.java:373)
	at com.google.common.collect.Lists.newArrayList(Lists.java:165)
	at com.google.common.collect.Lists.newArrayList(Lists.java:150)
	at org.openqa.selenium.remote.RemoteWebDriver.executeScript(RemoteWebDriver.java:534)
	at com.JusDone.qa.Pages.RegisterPage.VerifyValidAcctNameMsg(RegisterPage.java:104)
	at com.JusDone.qa.TestCases.RegisterPageTest.VerifyValidAcctNameMsgTest(RegisterPageTest.java:73)
... Removed 32 stack frames</div></td></tr></table><p class="totop"><a href="#summary">back to summary</a></p><h3 id="m18">com.JusDone.qa.TestCases.RegisterPageTest#setUp</h3><table class="result"></table><p class="totop"><a href="#summary">back to summary</a></p><h3 id="m19">com.JusDone.qa.TestCases.RegisterPageTest#setUp</h3><table class="result"></table><p class="totop"><a href="#summary">back to summary</a></p><h3 id="m20">com.JusDone.qa.TestCases.RegisterPageTest#ClickSignInButtonTest</h3><table class="result"><tr><th>Exception</th></tr><tr><td><div class="stacktrace">org.openqa.selenium.ElementNotInteractableException: 
Build info: version: &apos;3.7.1&apos;, revision: &apos;8a0099a&apos;, time: &apos;2017-11-06T21:01:39.354Z&apos;
System info: host: &apos;NALLANS-NEWPC&apos;, ip: &apos;192.168.186.1&apos;, os.name: &apos;Windows 10&apos;, os.arch: &apos;amd64&apos;, os.version: &apos;10.0&apos;, java.version: &apos;1.8.0_151&apos;
Driver info: org.openqa.selenium.firefox.FirefoxDriver
Capabilities {acceptInsecureCerts: true, browserName: firefox, browserVersion: 56.0, javascriptEnabled: true, moz:accessibilityChecks: false, moz:headless: false, moz:processID: 20876, moz:profile: C:\Users\venka\AppData\Loca..., pageLoadStrategy: normal, platform: XP, platformName: XP, platformVersion: 10.0, rotatable: false, specificationLevel: 0, timeouts: {implicit: 0, pageLoad: 300000, script: 30000}}
Session ID: c0ff8e6e-a212-4920-9b51-9c55f02b31ab
	at org.openqa.selenium.remote.http.W3CHttpResponseCodec.createException(W3CHttpResponseCodec.java:187)
	at org.openqa.selenium.remote.http.W3CHttpResponseCodec.decode(W3CHttpResponseCodec.java:122)
	at org.openqa.selenium.remote.http.W3CHttpResponseCodec.decode(W3CHttpResponseCodec.java:49)
	at org.openqa.selenium.remote.HttpCommandExecutor.execute(HttpCommandExecutor.java:164)
	at org.openqa.selenium.remote.service.DriverCommandExecutor.execute(DriverCommandExecutor.java:83)
	at org.openqa.selenium.remote.RemoteWebDriver.execute(RemoteWebDriver.java:600)
	at org.openqa.selenium.remote.RemoteWebElement.execute(RemoteWebElement.java:279)
	at org.openqa.selenium.remote.RemoteWebElement.click(RemoteWebElement.java:83)
	at org.openqa.selenium.support.pagefactory.internal.LocatingElementHandler.invoke(LocatingElementHandler.java:51)
	at com.sun.proxy.$Proxy10.click(Unknown Source)
	at com.JusDone.qa.Pages.HomePage.clickOnSignUpLogo(HomePage.java:67)
	at com.JusDone.qa.TestCases.RegisterPageTest.setUp(RegisterPageTest.java:45)
... Removed 37 stack frames</div></td></tr></table><p class="totop"><a href="#summary">back to summary</a></p><h3 id="m21">com.JusDone.qa.TestCases.RegisterPageTest#VerifyBlankErrorMsgTest</h3><table class="result"><tr><th>Exception</th></tr><tr><td><div class="stacktrace">org.openqa.selenium.ElementNotInteractableException: 
Build info: version: &apos;3.7.1&apos;, revision: &apos;8a0099a&apos;, time: &apos;2017-11-06T21:01:39.354Z&apos;
System info: host: &apos;NALLANS-NEWPC&apos;, ip: &apos;192.168.186.1&apos;, os.name: &apos;Windows 10&apos;, os.arch: &apos;amd64&apos;, os.version: &apos;10.0&apos;, java.version: &apos;1.8.0_151&apos;
Driver info: org.openqa.selenium.firefox.FirefoxDriver
Capabilities {acceptInsecureCerts: true, browserName: firefox, browserVersion: 56.0, javascriptEnabled: true, moz:accessibilityChecks: false, moz:headless: false, moz:processID: 20876, moz:profile: C:\Users\venka\AppData\Loca..., pageLoadStrategy: normal, platform: XP, platformName: XP, platformVersion: 10.0, rotatable: false, specificationLevel: 0, timeouts: {implicit: 0, pageLoad: 300000, script: 30000}}
Session ID: c0ff8e6e-a212-4920-9b51-9c55f02b31ab
	at org.openqa.selenium.remote.http.W3CHttpResponseCodec.createException(W3CHttpResponseCodec.java:187)
	at org.openqa.selenium.remote.http.W3CHttpResponseCodec.decode(W3CHttpResponseCodec.java:122)
	at org.openqa.selenium.remote.http.W3CHttpResponseCodec.decode(W3CHttpResponseCodec.java:49)
	at org.openqa.selenium.remote.HttpCommandExecutor.execute(HttpCommandExecutor.java:164)
	at org.openqa.selenium.remote.service.DriverCommandExecutor.execute(DriverCommandExecutor.java:83)
	at org.openqa.selenium.remote.RemoteWebDriver.execute(RemoteWebDriver.java:600)
	at org.openqa.selenium.remote.RemoteWebElement.execute(RemoteWebElement.java:279)
	at org.openqa.selenium.remote.RemoteWebElement.click(RemoteWebElement.java:83)
	at org.openqa.selenium.support.pagefactory.internal.LocatingElementHandler.invoke(LocatingElementHandler.java:51)
	at com.sun.proxy.$Proxy10.click(Unknown Source)
	at com.JusDone.qa.Pages.HomePage.clickOnSignUpLogo(HomePage.java:67)
	at com.JusDone.qa.TestCases.RegisterPageTest.setUp(RegisterPageTest.java:45)
... Removed 37 stack frames</div></td></tr></table><p class="totop"><a href="#summary">back to summary</a></p><h3 id="m22">com.JusDone.qa.TestCases.RegisterPageTest#VerifyPwdMatchErrorMsgTest</h3><table class="result"><tr><th>Exception</th></tr><tr><td><div class="stacktrace">org.openqa.selenium.ElementNotInteractableException: 
Build info: version: &apos;3.7.1&apos;, revision: &apos;8a0099a&apos;, time: &apos;2017-11-06T21:01:39.354Z&apos;
System info: host: &apos;NALLANS-NEWPC&apos;, ip: &apos;192.168.186.1&apos;, os.name: &apos;Windows 10&apos;, os.arch: &apos;amd64&apos;, os.version: &apos;10.0&apos;, java.version: &apos;1.8.0_151&apos;
Driver info: org.openqa.selenium.firefox.FirefoxDriver
Capabilities {acceptInsecureCerts: true, browserName: firefox, browserVersion: 56.0, javascriptEnabled: true, moz:accessibilityChecks: false, moz:headless: false, moz:processID: 20876, moz:profile: C:\Users\venka\AppData\Loca..., pageLoadStrategy: normal, platform: XP, platformName: XP, platformVersion: 10.0, rotatable: false, specificationLevel: 0, timeouts: {implicit: 0, pageLoad: 300000, script: 30000}}
Session ID: c0ff8e6e-a212-4920-9b51-9c55f02b31ab
	at org.openqa.selenium.remote.http.W3CHttpResponseCodec.createException(W3CHttpResponseCodec.java:187)
	at org.openqa.selenium.remote.http.W3CHttpResponseCodec.decode(W3CHttpResponseCodec.java:122)
	at org.openqa.selenium.remote.http.W3CHttpResponseCodec.decode(W3CHttpResponseCodec.java:49)
	at org.openqa.selenium.remote.HttpCommandExecutor.execute(HttpCommandExecutor.java:164)
	at org.openqa.selenium.remote.service.DriverCommandExecutor.execute(DriverCommandExecutor.java:83)
	at org.openqa.selenium.remote.RemoteWebDriver.execute(RemoteWebDriver.java:600)
	at org.openqa.selenium.remote.RemoteWebElement.execute(RemoteWebElement.java:279)
	at org.openqa.selenium.remote.RemoteWebElement.click(RemoteWebElement.java:83)
	at org.openqa.selenium.support.pagefactory.internal.LocatingElementHandler.invoke(LocatingElementHandler.java:51)
	at com.sun.proxy.$Proxy10.click(Unknown Source)
	at com.JusDone.qa.Pages.HomePage.clickOnSignUpLogo(HomePage.java:67)
	at com.JusDone.qa.TestCases.RegisterPageTest.setUp(RegisterPageTest.java:45)
... Removed 37 stack frames</div></td></tr></table><p class="totop"><a href="#summary">back to summary</a></p><h3 id="m23">com.JusDone.qa.TestCases.RegisterPageTest#VerifyExistingAcctErrorMsgTest</h3><table class="result"><tr class="param"><th>Parameter #1</th><th>Parameter #2</th><th>Parameter #3</th><th>Parameter #4</th></tr><tr class="param stripe"><td>ab12</td><td>ab12@gmail.com</td><td>Test123</td><td>Test123</td></tr></table><p class="totop"><a href="#summary">back to summary</a></p><h3 id="m24">com.JusDone.qa.TestCases.RegisterPageTest#VerifyInvalidEmailErrorMsgTest</h3><table class="result"><tr class="param"><th>Parameter #1</th><th>Parameter #2</th><th>Parameter #3</th><th>Parameter #4</th></tr><tr class="param stripe"><td>sr123</td><td>sr123@123</td><td>Test123</td><td>Test123</td></tr></table><p class="totop"><a href="#summary">back to summary</a></p><h3 id="m25">com.JusDone.qa.TestCases.RegisterPageTest#verifyExistingUserBtnTest</h3><table class="result"></table><p class="totop"><a href="#summary">back to summary</a></p><h3 id="m26">com.JusDone.qa.TestCases.RegisterPageTest#verifyRegisterNameTest</h3><table class="result"></table><p class="totop"><a href="#summary">back to summary</a></p><h2>DashBoardPageTest</h2><h3 id="m27">com.JusDone.qa.TestCases.DashBoardPageTest#ClickCreateNewTaskLinkTest</h3><table class="result"><tr><th>Exception</th></tr><tr><td><div class="stacktrace">org.openqa.selenium.ElementNotInteractableException: 
Build info: version: &apos;3.7.1&apos;, revision: &apos;8a0099a&apos;, time: &apos;2017-11-06T21:01:39.354Z&apos;
System info: host: &apos;NALLANS-NEWPC&apos;, ip: &apos;192.168.186.1&apos;, os.name: &apos;Windows 10&apos;, os.arch: &apos;amd64&apos;, os.version: &apos;10.0&apos;, java.version: &apos;1.8.0_151&apos;
Driver info: org.openqa.selenium.firefox.FirefoxDriver
Capabilities {acceptInsecureCerts: true, browserName: firefox, browserVersion: 56.0, javascriptEnabled: true, moz:accessibilityChecks: false, moz:headless: false, moz:processID: 14472, moz:profile: C:\Users\venka\AppData\Loca..., pageLoadStrategy: normal, platform: XP, platformName: XP, platformVersion: 10.0, rotatable: false, specificationLevel: 0, timeouts: {implicit: 0, pageLoad: 300000, script: 30000}}
Session ID: ae7bbef1-9c64-42c4-b5e6-e387daa5a745
	at org.openqa.selenium.remote.http.W3CHttpResponseCodec.createException(W3CHttpResponseCodec.java:187)
	at org.openqa.selenium.remote.http.W3CHttpResponseCodec.decode(W3CHttpResponseCodec.java:122)
	at org.openqa.selenium.remote.http.W3CHttpResponseCodec.decode(W3CHttpResponseCodec.java:49)
	at org.openqa.selenium.remote.HttpCommandExecutor.execute(HttpCommandExecutor.java:164)
	at org.openqa.selenium.remote.service.DriverCommandExecutor.execute(DriverCommandExecutor.java:83)
	at org.openqa.selenium.remote.RemoteWebDriver.execute(RemoteWebDriver.java:600)
	at org.openqa.selenium.remote.RemoteWebElement.execute(RemoteWebElement.java:279)
	at org.openqa.selenium.remote.RemoteWebElement.click(RemoteWebElement.java:83)
	at org.openqa.selenium.support.pagefactory.internal.LocatingElementHandler.invoke(LocatingElementHandler.java:51)
	at com.sun.proxy.$Proxy10.click(Unknown Source)
	at com.JusDone.qa.Pages.DashBoardPage.ClickCreateNewTaskLink(DashBoardPage.java:173)
	at com.JusDone.qa.TestCases.DashBoardPageTest.ClickCreateNewTaskLinkTest(DashBoardPageTest.java:184)
... Removed 35 stack frames</div></td></tr></table><p class="totop"><a href="#summary">back to summary</a></p><h3 id="m28">com.JusDone.qa.TestCases.DashBoardPageTest#ClickLogOutBtn</h3><table class="result"></table><p class="totop"><a href="#summary">back to summary</a></p><h3 id="m29">com.JusDone.qa.TestCases.DashBoardPageTest#ClickTaskBtnTest</h3><table class="result"></table><p class="totop"><a href="#summary">back to summary</a></p><h3 id="m30">com.JusDone.qa.TestCases.DashBoardPageTest#CreateTeamBtnTest</h3><table class="result"></table><p class="totop"><a href="#summary">back to summary</a></p><h3 id="m31">com.JusDone.qa.TestCases.DashBoardPageTest#verifyBellBtnTest</h3><table class="result"></table><p class="totop"><a href="#summary">back to summary</a></p><h3 id="m32">com.JusDone.qa.TestCases.DashBoardPageTest#verifyCreateNewTaskLinkTest</h3><table class="result"></table><p class="totop"><a href="#summary">back to summary</a></p><h3 id="m33">com.JusDone.qa.TestCases.DashBoardPageTest#verifyCreateNewTeamBtnTest</h3><table class="result"></table><p class="totop"><a href="#summary">back to summary</a></p><h3 id="m34">com.JusDone.qa.TestCases.DashBoardPageTest#verifyDashBoardBtnTest</h3><table class="result"></table><p class="totop"><a href="#summary">back to summary</a></p><h3 id="m35">com.JusDone.qa.TestCases.DashBoardPageTest#verifyInvitesBtnTest</h3><table class="result"></table><p class="totop"><a href="#summary">back to summary</a></p><h3 id="m36">com.JusDone.qa.TestCases.DashBoardPageTest#verifyJusDoneImageTest</h3><table class="result"></table><p class="totop"><a href="#summary">back to summary</a></p><h3 id="m37">com.JusDone.qa.TestCases.DashBoardPageTest#verifyLogOutBtnTest</h3><table class="result"></table><p class="totop"><a href="#summary">back to summary</a></p><h3 id="m38">com.JusDone.qa.TestCases.DashBoardPageTest#verifyMenuBarTest</h3><table class="result"></table><p class="totop"><a href="#summary">back to summary</a></p><h3 id="m39">com.JusDone.qa.TestCases.DashBoardPageTest#verifySearchBoxTest</h3><table class="result"></table><p class="totop"><a href="#summary">back to summary</a></p><h3 id="m40">com.JusDone.qa.TestCases.DashBoardPageTest#verifySettingsBtnTest</h3><table class="result"></table><p class="totop"><a href="#summary">back to summary</a></p><h3 id="m41">com.JusDone.qa.TestCases.DashBoardPageTest#verifyTaskBtnTest</h3><table class="result"></table><p class="totop"><a href="#summary">back to summary</a></p><h3 id="m42">com.JusDone.qa.TestCases.DashBoardPageTest#verifyTeamLabelTest</h3><table class="result"></table><p class="totop"><a href="#summary">back to summary</a></p><h3 id="m43">com.JusDone.qa.TestCases.DashBoardPageTest#verifyTeamNameLabelTest</h3><table class="result"></table><p class="totop"><a href="#summary">back to summary</a></p><h3 id="m44">com.JusDone.qa.TestCases.DashBoardPageTest#verifyTeamsBtnTest</h3><table class="result"></table><p class="totop"><a href="#summary">back to summary</a></p><h3 id="m45">com.JusDone.qa.TestCases.DashBoardPageTest#verifyUserNameTest</h3><table class="result"></table><p class="totop"><a href="#summary">back to summary</a></p><h2>TaskPageTest</h2><h3 id="m46">com.JusDone.qa.TestCases.TaskPageTest#ClickCreateNewTaskLinkTest</h3><table class="result"></table><p class="totop"><a href="#summary">back to summary</a></p><h3 id="m47">com.JusDone.qa.TestCases.TaskPageTest#verifyCreateNewTaskLinkTest</h3><table class="result"></table><p class="totop"><a href="#summary">back to summary</a></p><h3 id="m48">com.JusDone.qa.TestCases.TaskPageTest#verifyMembersLinkTest</h3><table class="result"></table><p class="totop"><a href="#summary">back to summary</a></p><h3 id="m49">com.JusDone.qa.TestCases.TaskPageTest#verifySettingsLinkTest</h3><table class="result"></table><p class="totop"><a href="#summary">back to summary</a></p></body></html>