<?xml version="1.0" encoding="UTF-8"?>
<testng-results skipped="3" failed="3" ignored="0" total="47" passed="41">
  <reporter-output>
  </reporter-output>
  <suite name="JusDone Application Test Automation Test Suite" duration-ms="966601" started-at="2018-02-16T20:16:27Z" finished-at="2018-02-16T20:32:33Z">
    <groups>
    </groups>
    <test name="LoginTest" duration-ms="131119" started-at="2018-02-16T20:16:27Z" finished-at="2018-02-16T20:18:38Z">
      <class name="com.JusDone.qa.TestCases.LoginPageTest">
        <test-method status="PASS" signature="setUp()[pri:0, instance:com.JusDone.qa.TestCases.LoginPageTest@42d3bd8b]" name="setUp" is-config="true" duration-ms="13769" started-at="2018-02-16T14:16:27Z" finished-at="2018-02-16T14:16:40Z">
          <reporter-output>
          </reporter-output>
        </test-method> <!-- setUp -->
        <test-method status="PASS" signature="verifyLoginNameTest()[pri:1, instance:com.JusDone.qa.TestCases.LoginPageTest@42d3bd8b]" name="verifyLoginNameTest" duration-ms="126" started-at="2018-02-16T14:16:40Z" finished-at="2018-02-16T14:16:40Z">
          <reporter-output>
          </reporter-output>
        </test-method> <!-- verifyLoginNameTest -->
        <test-method status="PASS" signature="setResults(org.testng.ITestResult)[pri:0, instance:com.JusDone.qa.TestCases.LoginPageTest@42d3bd8b]" name="setResults" is-config="true" duration-ms="255" started-at="2018-02-16T14:16:40Z" finished-at="2018-02-16T14:16:41Z">
          <params>
            <param index="0">
              <value>
                <![CDATA[[TestResult name=verifyLoginNameTest status=SUCCESS method=LoginPageTest.verifyLoginNameTest()[pri:1, instance:com.JusDone.qa.TestCases.LoginPageTest@42d3bd8b] output={null}]]]>
              </value>
            </param>
          </params>
          <reporter-output>
          </reporter-output>
        </test-method> <!-- setResults -->
        <test-method status="PASS" signature="setUp()[pri:0, instance:com.JusDone.qa.TestCases.LoginPageTest@42d3bd8b]" name="setUp" is-config="true" duration-ms="16257" started-at="2018-02-16T14:16:41Z" finished-at="2018-02-16T14:16:57Z">
          <reporter-output>
          </reporter-output>
        </test-method> <!-- setUp -->
        <test-method status="PASS" signature="verifyLForgotPwdTest()[pri:2, instance:com.JusDone.qa.TestCases.LoginPageTest@42d3bd8b]" name="verifyLForgotPwdTest" duration-ms="58" started-at="2018-02-16T14:16:57Z" finished-at="2018-02-16T14:16:57Z">
          <reporter-output>
          </reporter-output>
        </test-method> <!-- verifyLForgotPwdTest -->
        <test-method status="PASS" signature="setResults(org.testng.ITestResult)[pri:0, instance:com.JusDone.qa.TestCases.LoginPageTest@42d3bd8b]" name="setResults" is-config="true" duration-ms="264" started-at="2018-02-16T14:16:57Z" finished-at="2018-02-16T14:16:57Z">
          <params>
            <param index="0">
              <value>
                <![CDATA[[TestResult name=verifyLForgotPwdTest status=SUCCESS method=LoginPageTest.verifyLForgotPwdTest()[pri:2, instance:com.JusDone.qa.TestCases.LoginPageTest@42d3bd8b] output={null}]]]>
              </value>
            </param>
          </params>
          <reporter-output>
          </reporter-output>
        </test-method> <!-- setResults -->
        <test-method status="PASS" signature="setUp()[pri:0, instance:com.JusDone.qa.TestCases.LoginPageTest@42d3bd8b]" name="setUp" is-config="true" duration-ms="12324" started-at="2018-02-16T14:16:57Z" finished-at="2018-02-16T14:17:10Z">
          <reporter-output>
          </reporter-output>
        </test-method> <!-- setUp -->
        <test-method status="PASS" signature="verifyLoginBtnTest()[pri:3, instance:com.JusDone.qa.TestCases.LoginPageTest@42d3bd8b]" name="verifyLoginBtnTest" duration-ms="65" started-at="2018-02-16T14:17:10Z" finished-at="2018-02-16T14:17:10Z">
          <reporter-output>
          </reporter-output>
        </test-method> <!-- verifyLoginBtnTest -->
        <test-method status="PASS" signature="setResults(org.testng.ITestResult)[pri:0, instance:com.JusDone.qa.TestCases.LoginPageTest@42d3bd8b]" name="setResults" is-config="true" duration-ms="249" started-at="2018-02-16T14:17:10Z" finished-at="2018-02-16T14:17:10Z">
          <params>
            <param index="0">
              <value>
                <![CDATA[[TestResult name=verifyLoginBtnTest status=SUCCESS method=LoginPageTest.verifyLoginBtnTest()[pri:3, instance:com.JusDone.qa.TestCases.LoginPageTest@42d3bd8b] output={null}]]]>
              </value>
            </param>
          </params>
          <reporter-output>
          </reporter-output>
        </test-method> <!-- setResults -->
        <test-method status="PASS" signature="setUp()[pri:0, instance:com.JusDone.qa.TestCases.LoginPageTest@42d3bd8b]" name="setUp" is-config="true" duration-ms="13394" started-at="2018-02-16T14:17:10Z" finished-at="2018-02-16T14:17:23Z">
          <reporter-output>
          </reporter-output>
        </test-method> <!-- setUp -->
        <test-method status="FAIL" signature="verifyLRememberMeTest()[pri:4, instance:com.JusDone.qa.TestCases.LoginPageTest@42d3bd8b]" name="verifyLRememberMeTest" duration-ms="60" started-at="2018-02-16T14:17:23Z" finished-at="2018-02-16T14:17:23Z">
          <exception class="java.lang.AssertionError">
            <message>
              <![CDATA[expected [true] but found [false]]]>
            </message>
            <full-stacktrace>
              <![CDATA[java.lang.AssertionError: expected [true] but found [false]
	at org.testng.Assert.fail(Assert.java:93)
	at org.testng.Assert.failNotEquals(Assert.java:512)
	at org.testng.Assert.assertTrue(Assert.java:41)
	at org.testng.Assert.assertTrue(Assert.java:51)
	at com.JusDone.qa.TestCases.LoginPageTest.verifyLRememberMeTest(LoginPageTest.java:62)
	at sun.reflect.NativeMethodAccessorImpl.invoke0(Native Method)
	at sun.reflect.NativeMethodAccessorImpl.invoke(NativeMethodAccessorImpl.java:62)
	at sun.reflect.DelegatingMethodAccessorImpl.invoke(DelegatingMethodAccessorImpl.java:43)
	at java.lang.reflect.Method.invoke(Method.java:498)
	at org.testng.internal.MethodInvocationHelper.invokeMethod(MethodInvocationHelper.java:108)
	at org.testng.internal.Invoker.invokeMethod(Invoker.java:661)
	at org.testng.internal.Invoker.invokeTestMethod(Invoker.java:869)
	at org.testng.internal.Invoker.invokeTestMethods(Invoker.java:1193)
	at org.testng.internal.TestMethodWorker.invokeTestMethods(TestMethodWorker.java:126)
	at org.testng.internal.TestMethodWorker.run(TestMethodWorker.java:109)
	at org.testng.TestRunner.privateRun(TestRunner.java:744)
	at org.testng.TestRunner.run(TestRunner.java:602)
	at org.testng.SuiteRunner.runTest(SuiteRunner.java:380)
	at org.testng.SuiteRunner.runSequentially(SuiteRunner.java:375)
	at org.testng.SuiteRunner.privateRun(SuiteRunner.java:340)
	at org.testng.SuiteRunner.run(SuiteRunner.java:289)
	at org.testng.SuiteRunnerWorker.runSuite(SuiteRunnerWorker.java:52)
	at org.testng.SuiteRunnerWorker.run(SuiteRunnerWorker.java:86)
	at org.testng.TestNG.runSuitesSequentially(TestNG.java:1301)
	at org.testng.TestNG.runSuitesLocally(TestNG.java:1226)
	at org.testng.TestNG.runSuites(TestNG.java:1144)
	at org.testng.TestNG.run(TestNG.java:1115)
	at org.apache.maven.surefire.testng.TestNGExecutor.run(TestNGExecutor.java:283)
	at org.apache.maven.surefire.testng.TestNGXmlTestSuite.execute(TestNGXmlTestSuite.java:75)
	at org.apache.maven.surefire.testng.TestNGProvider.invoke(TestNGProvider.java:120)
	at org.apache.maven.surefire.booter.ForkedBooter.invokeProviderInSameClassLoader(ForkedBooter.java:386)
	at org.apache.maven.surefire.booter.ForkedBooter.runSuitesInProcess(ForkedBooter.java:323)
	at org.apache.maven.surefire.booter.ForkedBooter.main(ForkedBooter.java:143)
]]>
            </full-stacktrace>
          </exception> <!-- java.lang.AssertionError -->
          <reporter-output>
          </reporter-output>
        </test-method> <!-- verifyLRememberMeTest -->
        <test-method status="PASS" signature="setResults(org.testng.ITestResult)[pri:0, instance:com.JusDone.qa.TestCases.LoginPageTest@42d3bd8b]" name="setResults" is-config="true" duration-ms="369" started-at="2018-02-16T14:17:23Z" finished-at="2018-02-16T14:17:24Z">
          <params>
            <param index="0">
              <value>
                <![CDATA[[TestResult name=verifyLRememberMeTest status=FAILURE method=LoginPageTest.verifyLRememberMeTest()[pri:4, instance:com.JusDone.qa.TestCases.LoginPageTest@42d3bd8b] output={null}]]]>
              </value>
            </param>
          </params>
          <reporter-output>
          </reporter-output>
        </test-method> <!-- setResults -->
        <test-method status="PASS" signature="setUp()[pri:0, instance:com.JusDone.qa.TestCases.LoginPageTest@42d3bd8b]" name="setUp" is-config="true" duration-ms="13732" started-at="2018-02-16T14:17:24Z" finished-at="2018-02-16T14:17:38Z">
          <reporter-output>
          </reporter-output>
        </test-method> <!-- setUp -->
        <test-method status="PASS" signature="verifyLCreateAcctBtnTest()[pri:5, instance:com.JusDone.qa.TestCases.LoginPageTest@42d3bd8b]" name="verifyLCreateAcctBtnTest" duration-ms="66" started-at="2018-02-16T14:17:38Z" finished-at="2018-02-16T14:17:38Z">
          <reporter-output>
          </reporter-output>
        </test-method> <!-- verifyLCreateAcctBtnTest -->
        <test-method status="PASS" signature="setResults(org.testng.ITestResult)[pri:0, instance:com.JusDone.qa.TestCases.LoginPageTest@42d3bd8b]" name="setResults" is-config="true" duration-ms="286" started-at="2018-02-16T14:17:38Z" finished-at="2018-02-16T14:17:38Z">
          <params>
            <param index="0">
              <value>
                <![CDATA[[TestResult name=verifyLCreateAcctBtnTest status=SUCCESS method=LoginPageTest.verifyLCreateAcctBtnTest()[pri:5, instance:com.JusDone.qa.TestCases.LoginPageTest@42d3bd8b] output={null}]]]>
              </value>
            </param>
          </params>
          <reporter-output>
          </reporter-output>
        </test-method> <!-- setResults -->
        <test-method status="PASS" signature="setUp()[pri:0, instance:com.JusDone.qa.TestCases.LoginPageTest@42d3bd8b]" name="setUp" is-config="true" duration-ms="13599" started-at="2018-02-16T14:17:38Z" finished-at="2018-02-16T14:17:51Z">
          <reporter-output>
          </reporter-output>
        </test-method> <!-- setUp -->
        <test-method status="PASS" signature="ValidLoginTest()[pri:6, instance:com.JusDone.qa.TestCases.LoginPageTest@42d3bd8b]" name="ValidLoginTest" duration-ms="9159" started-at="2018-02-16T14:17:51Z" finished-at="2018-02-16T14:18:01Z">
          <reporter-output>
          </reporter-output>
        </test-method> <!-- ValidLoginTest -->
        <test-method status="PASS" signature="setResults(org.testng.ITestResult)[pri:0, instance:com.JusDone.qa.TestCases.LoginPageTest@42d3bd8b]" name="setResults" is-config="true" duration-ms="238" started-at="2018-02-16T14:18:01Z" finished-at="2018-02-16T14:18:01Z">
          <params>
            <param index="0">
              <value>
                <![CDATA[[TestResult name=ValidLoginTest status=SUCCESS method=LoginPageTest.ValidLoginTest()[pri:6, instance:com.JusDone.qa.TestCases.LoginPageTest@42d3bd8b] output={null}]]]>
              </value>
            </param>
          </params>
          <reporter-output>
          </reporter-output>
        </test-method> <!-- setResults -->
        <test-method status="PASS" signature="setUp()[pri:0, instance:com.JusDone.qa.TestCases.LoginPageTest@42d3bd8b]" name="setUp" is-config="true" duration-ms="13553" started-at="2018-02-16T14:18:01Z" finished-at="2018-02-16T14:18:14Z">
          <reporter-output>
          </reporter-output>
        </test-method> <!-- setUp -->
        <test-method status="PASS" signature="InvalidLoginTest()[pri:7, instance:com.JusDone.qa.TestCases.LoginPageTest@42d3bd8b]" name="InvalidLoginTest" duration-ms="2039" started-at="2018-02-16T14:18:14Z" finished-at="2018-02-16T14:18:16Z">
          <reporter-output>
          </reporter-output>
        </test-method> <!-- InvalidLoginTest -->
        <test-method status="PASS" signature="setResults(org.testng.ITestResult)[pri:0, instance:com.JusDone.qa.TestCases.LoginPageTest@42d3bd8b]" name="setResults" is-config="true" duration-ms="250" started-at="2018-02-16T14:18:16Z" finished-at="2018-02-16T14:18:17Z">
          <params>
            <param index="0">
              <value>
                <![CDATA[[TestResult name=InvalidLoginTest status=SUCCESS method=LoginPageTest.InvalidLoginTest()[pri:7, instance:com.JusDone.qa.TestCases.LoginPageTest@42d3bd8b] output={null}]]]>
              </value>
            </param>
          </params>
          <reporter-output>
          </reporter-output>
        </test-method> <!-- setResults -->
        <test-method status="PASS" signature="setUp()[pri:0, instance:com.JusDone.qa.TestCases.LoginPageTest@42d3bd8b]" name="setUp" is-config="true" duration-ms="18765" started-at="2018-02-16T14:18:17Z" finished-at="2018-02-16T14:18:35Z">
          <reporter-output>
          </reporter-output>
        </test-method> <!-- setUp -->
        <test-method status="PASS" signature="BlankInputLoginTest()[pri:8, instance:com.JusDone.qa.TestCases.LoginPageTest@42d3bd8b]" name="BlankInputLoginTest" duration-ms="874" started-at="2018-02-16T14:18:35Z" finished-at="2018-02-16T14:18:36Z">
          <reporter-output>
          </reporter-output>
        </test-method> <!-- BlankInputLoginTest -->
        <test-method status="PASS" signature="setResults(org.testng.ITestResult)[pri:0, instance:com.JusDone.qa.TestCases.LoginPageTest@42d3bd8b]" name="setResults" is-config="true" duration-ms="1340" started-at="2018-02-16T14:18:36Z" finished-at="2018-02-16T14:18:38Z">
          <params>
            <param index="0">
              <value>
                <![CDATA[[TestResult name=BlankInputLoginTest status=SUCCESS method=LoginPageTest.BlankInputLoginTest()[pri:8, instance:com.JusDone.qa.TestCases.LoginPageTest@42d3bd8b] output={null}]]]>
              </value>
            </param>
          </params>
          <reporter-output>
          </reporter-output>
        </test-method> <!-- setResults -->
      </class> <!-- com.JusDone.qa.TestCases.LoginPageTest -->
    </test> <!-- LoginTest -->
    <test name="HomepageTest" duration-ms="126247" started-at="2018-02-16T20:18:38Z" finished-at="2018-02-16T20:20:44Z">
      <class name="com.JusDone.qa.TestCases.HomePageTest">
        <test-method status="PASS" signature="setUp()[pri:0, instance:com.JusDone.qa.TestCases.HomePageTest@4c70fda8]" name="setUp" is-config="true" duration-ms="17502" started-at="2018-02-16T14:18:38Z" finished-at="2018-02-16T14:18:55Z">
          <reporter-output>
          </reporter-output>
        </test-method> <!-- setUp -->
        <test-method status="PASS" signature="verifyHomePageTitleTest()[pri:1, instance:com.JusDone.qa.TestCases.HomePageTest@4c70fda8]" name="verifyHomePageTitleTest" duration-ms="9" started-at="2018-02-16T14:18:55Z" finished-at="2018-02-16T14:18:55Z">
          <reporter-output>
          </reporter-output>
        </test-method> <!-- verifyHomePageTitleTest -->
        <test-method status="PASS" signature="setResults(org.testng.ITestResult)[pri:0, instance:com.JusDone.qa.TestCases.HomePageTest@4c70fda8]" name="setResults" is-config="true" duration-ms="434" started-at="2018-02-16T14:18:55Z" finished-at="2018-02-16T14:18:56Z">
          <params>
            <param index="0">
              <value>
                <![CDATA[[TestResult name=verifyHomePageTitleTest status=SUCCESS method=HomePageTest.verifyHomePageTitleTest()[pri:1, instance:com.JusDone.qa.TestCases.HomePageTest@4c70fda8] output={null}]]]>
              </value>
            </param>
          </params>
          <reporter-output>
          </reporter-output>
        </test-method> <!-- setResults -->
        <test-method status="PASS" signature="setUp()[pri:0, instance:com.JusDone.qa.TestCases.HomePageTest@4c70fda8]" name="setUp" is-config="true" duration-ms="17248" started-at="2018-02-16T14:18:56Z" finished-at="2018-02-16T14:19:13Z">
          <reporter-output>
          </reporter-output>
        </test-method> <!-- setUp -->
        <test-method status="PASS" signature="verifyJusDoneLogoTest()[pri:2, instance:com.JusDone.qa.TestCases.HomePageTest@4c70fda8]" name="verifyJusDoneLogoTest" duration-ms="64" started-at="2018-02-16T14:19:13Z" finished-at="2018-02-16T14:19:13Z">
          <reporter-output>
          </reporter-output>
        </test-method> <!-- verifyJusDoneLogoTest -->
        <test-method status="PASS" signature="setResults(org.testng.ITestResult)[pri:0, instance:com.JusDone.qa.TestCases.HomePageTest@4c70fda8]" name="setResults" is-config="true" duration-ms="508" started-at="2018-02-16T14:19:13Z" finished-at="2018-02-16T14:19:13Z">
          <params>
            <param index="0">
              <value>
                <![CDATA[[TestResult name=verifyJusDoneLogoTest status=SUCCESS method=HomePageTest.verifyJusDoneLogoTest()[pri:2, instance:com.JusDone.qa.TestCases.HomePageTest@4c70fda8] output={null}]]]>
              </value>
            </param>
          </params>
          <reporter-output>
          </reporter-output>
        </test-method> <!-- setResults -->
        <test-method status="PASS" signature="setUp()[pri:0, instance:com.JusDone.qa.TestCases.HomePageTest@4c70fda8]" name="setUp" is-config="true" duration-ms="17267" started-at="2018-02-16T14:19:13Z" finished-at="2018-02-16T14:19:31Z">
          <reporter-output>
          </reporter-output>
        </test-method> <!-- setUp -->
        <test-method status="PASS" signature="verifySignUpLogoTest()[pri:3, instance:com.JusDone.qa.TestCases.HomePageTest@4c70fda8]" name="verifySignUpLogoTest" duration-ms="78" started-at="2018-02-16T14:19:31Z" finished-at="2018-02-16T14:19:31Z">
          <reporter-output>
          </reporter-output>
        </test-method> <!-- verifySignUpLogoTest -->
        <test-method status="PASS" signature="setResults(org.testng.ITestResult)[pri:0, instance:com.JusDone.qa.TestCases.HomePageTest@4c70fda8]" name="setResults" is-config="true" duration-ms="1337" started-at="2018-02-16T14:19:31Z" finished-at="2018-02-16T14:19:32Z">
          <params>
            <param index="0">
              <value>
                <![CDATA[[TestResult name=verifySignUpLogoTest status=SUCCESS method=HomePageTest.verifySignUpLogoTest()[pri:3, instance:com.JusDone.qa.TestCases.HomePageTest@4c70fda8] output={null}]]]>
              </value>
            </param>
          </params>
          <reporter-output>
          </reporter-output>
        </test-method> <!-- setResults -->
        <test-method status="PASS" signature="setUp()[pri:0, instance:com.JusDone.qa.TestCases.HomePageTest@4c70fda8]" name="setUp" is-config="true" duration-ms="12852" started-at="2018-02-16T14:19:32Z" finished-at="2018-02-16T14:19:45Z">
          <reporter-output>
          </reporter-output>
        </test-method> <!-- setUp -->
        <test-method status="PASS" signature="verifyLoginLogoTest()[pri:4, instance:com.JusDone.qa.TestCases.HomePageTest@4c70fda8]" name="verifyLoginLogoTest" duration-ms="70" started-at="2018-02-16T14:19:45Z" finished-at="2018-02-16T14:19:45Z">
          <reporter-output>
          </reporter-output>
        </test-method> <!-- verifyLoginLogoTest -->
        <test-method status="PASS" signature="setResults(org.testng.ITestResult)[pri:0, instance:com.JusDone.qa.TestCases.HomePageTest@4c70fda8]" name="setResults" is-config="true" duration-ms="301" started-at="2018-02-16T14:19:45Z" finished-at="2018-02-16T14:19:45Z">
          <params>
            <param index="0">
              <value>
                <![CDATA[[TestResult name=verifyLoginLogoTest status=SUCCESS method=HomePageTest.verifyLoginLogoTest()[pri:4, instance:com.JusDone.qa.TestCases.HomePageTest@4c70fda8] output={null}]]]>
              </value>
            </param>
          </params>
          <reporter-output>
          </reporter-output>
        </test-method> <!-- setResults -->
        <test-method status="PASS" signature="setUp()[pri:0, instance:com.JusDone.qa.TestCases.HomePageTest@4c70fda8]" name="setUp" is-config="true" duration-ms="14420" started-at="2018-02-16T14:19:45Z" finished-at="2018-02-16T14:20:00Z">
          <reporter-output>
          </reporter-output>
        </test-method> <!-- setUp -->
        <test-method status="PASS" signature="verifyContactUsLogoTest()[pri:5, instance:com.JusDone.qa.TestCases.HomePageTest@4c70fda8]" name="verifyContactUsLogoTest" duration-ms="62" started-at="2018-02-16T14:20:00Z" finished-at="2018-02-16T14:20:00Z">
          <reporter-output>
          </reporter-output>
        </test-method> <!-- verifyContactUsLogoTest -->
        <test-method status="PASS" signature="setResults(org.testng.ITestResult)[pri:0, instance:com.JusDone.qa.TestCases.HomePageTest@4c70fda8]" name="setResults" is-config="true" duration-ms="379" started-at="2018-02-16T14:20:00Z" finished-at="2018-02-16T14:20:00Z">
          <params>
            <param index="0">
              <value>
                <![CDATA[[TestResult name=verifyContactUsLogoTest status=SUCCESS method=HomePageTest.verifyContactUsLogoTest()[pri:5, instance:com.JusDone.qa.TestCases.HomePageTest@4c70fda8] output={null}]]]>
              </value>
            </param>
          </params>
          <reporter-output>
          </reporter-output>
        </test-method> <!-- setResults -->
        <test-method status="PASS" signature="setUp()[pri:0, instance:com.JusDone.qa.TestCases.HomePageTest@4c70fda8]" name="setUp" is-config="true" duration-ms="11400" started-at="2018-02-16T14:20:00Z" finished-at="2018-02-16T14:20:12Z">
          <reporter-output>
          </reporter-output>
        </test-method> <!-- setUp -->
        <test-method status="PASS" signature="verifyAboutUsLogoTest()[pri:6, instance:com.JusDone.qa.TestCases.HomePageTest@4c70fda8]" name="verifyAboutUsLogoTest" duration-ms="63" started-at="2018-02-16T14:20:12Z" finished-at="2018-02-16T14:20:12Z">
          <reporter-output>
          </reporter-output>
        </test-method> <!-- verifyAboutUsLogoTest -->
        <test-method status="PASS" signature="setResults(org.testng.ITestResult)[pri:0, instance:com.JusDone.qa.TestCases.HomePageTest@4c70fda8]" name="setResults" is-config="true" duration-ms="633" started-at="2018-02-16T14:20:12Z" finished-at="2018-02-16T14:20:12Z">
          <params>
            <param index="0">
              <value>
                <![CDATA[[TestResult name=verifyAboutUsLogoTest status=SUCCESS method=HomePageTest.verifyAboutUsLogoTest()[pri:6, instance:com.JusDone.qa.TestCases.HomePageTest@4c70fda8] output={null}]]]>
              </value>
            </param>
          </params>
          <reporter-output>
          </reporter-output>
        </test-method> <!-- setResults -->
        <test-method status="PASS" signature="setUp()[pri:0, instance:com.JusDone.qa.TestCases.HomePageTest@4c70fda8]" name="setUp" is-config="true" duration-ms="13654" started-at="2018-02-16T14:20:12Z" finished-at="2018-02-16T14:20:26Z">
          <reporter-output>
          </reporter-output>
        </test-method> <!-- setUp -->
        <test-method status="PASS" signature="ClickOnSignupLogoTest()[pri:7, instance:com.JusDone.qa.TestCases.HomePageTest@4c70fda8]" name="ClickOnSignupLogoTest" duration-ms="2584" started-at="2018-02-16T14:20:26Z" finished-at="2018-02-16T14:20:29Z">
          <reporter-output>
          </reporter-output>
        </test-method> <!-- ClickOnSignupLogoTest -->
        <test-method status="PASS" signature="setResults(org.testng.ITestResult)[pri:0, instance:com.JusDone.qa.TestCases.HomePageTest@4c70fda8]" name="setResults" is-config="true" duration-ms="321" started-at="2018-02-16T14:20:29Z" finished-at="2018-02-16T14:20:29Z">
          <params>
            <param index="0">
              <value>
                <![CDATA[[TestResult name=ClickOnSignupLogoTest status=SUCCESS method=HomePageTest.ClickOnSignupLogoTest()[pri:7, instance:com.JusDone.qa.TestCases.HomePageTest@4c70fda8] output={null}]]]>
              </value>
            </param>
          </params>
          <reporter-output>
          </reporter-output>
        </test-method> <!-- setResults -->
        <test-method status="PASS" signature="setUp()[pri:0, instance:com.JusDone.qa.TestCases.HomePageTest@4c70fda8]" name="setUp" is-config="true" duration-ms="9155" started-at="2018-02-16T14:20:29Z" finished-at="2018-02-16T14:20:38Z">
          <reporter-output>
          </reporter-output>
        </test-method> <!-- setUp -->
        <test-method status="PASS" signature="ClickLoginBtnTest()[pri:8, instance:com.JusDone.qa.TestCases.HomePageTest@4c70fda8]" name="ClickLoginBtnTest" duration-ms="5548" started-at="2018-02-16T14:20:38Z" finished-at="2018-02-16T14:20:44Z">
          <reporter-output>
          </reporter-output>
        </test-method> <!-- ClickLoginBtnTest -->
        <test-method status="PASS" signature="setResults(org.testng.ITestResult)[pri:0, instance:com.JusDone.qa.TestCases.HomePageTest@4c70fda8]" name="setResults" is-config="true" duration-ms="357" started-at="2018-02-16T14:20:44Z" finished-at="2018-02-16T14:20:44Z">
          <params>
            <param index="0">
              <value>
                <![CDATA[[TestResult name=ClickLoginBtnTest status=SUCCESS method=HomePageTest.ClickLoginBtnTest()[pri:8, instance:com.JusDone.qa.TestCases.HomePageTest@4c70fda8] output={null}]]]>
              </value>
            </param>
          </params>
          <reporter-output>
          </reporter-output>
        </test-method> <!-- setResults -->
      </class> <!-- com.JusDone.qa.TestCases.HomePageTest -->
    </test> <!-- HomepageTest -->
    <test name="RegisterPageTest" duration-ms="96864" started-at="2018-02-16T20:20:44Z" finished-at="2018-02-16T20:22:21Z">
      <class name="com.JusDone.qa.TestCases.RegisterPageTest">
        <test-method status="PASS" signature="setUp()[pri:0, instance:com.JusDone.qa.TestCases.RegisterPageTest@5b275dab]" name="setUp" is-config="true" duration-ms="10858" started-at="2018-02-16T14:20:44Z" finished-at="2018-02-16T14:20:55Z">
          <reporter-output>
          </reporter-output>
        </test-method> <!-- setUp -->
        <test-method status="PASS" signature="verifyRegisterNameTest()[pri:1, instance:com.JusDone.qa.TestCases.RegisterPageTest@5b275dab]" name="verifyRegisterNameTest" duration-ms="170" started-at="2018-02-16T14:20:55Z" finished-at="2018-02-16T14:20:55Z">
          <reporter-output>
          </reporter-output>
        </test-method> <!-- verifyRegisterNameTest -->
        <test-method status="PASS" signature="setResults(org.testng.ITestResult)[pri:0, instance:com.JusDone.qa.TestCases.RegisterPageTest@5b275dab]" name="setResults" is-config="true" duration-ms="406" started-at="2018-02-16T14:20:55Z" finished-at="2018-02-16T14:20:55Z">
          <params>
            <param index="0">
              <value>
                <![CDATA[[TestResult name=verifyRegisterNameTest status=SUCCESS method=RegisterPageTest.verifyRegisterNameTest()[pri:1, instance:com.JusDone.qa.TestCases.RegisterPageTest@5b275dab] output={null}]]]>
              </value>
            </param>
          </params>
          <reporter-output>
          </reporter-output>
        </test-method> <!-- setResults -->
        <test-method status="PASS" signature="setUp()[pri:0, instance:com.JusDone.qa.TestCases.RegisterPageTest@5b275dab]" name="setUp" is-config="true" duration-ms="13720" started-at="2018-02-16T14:20:55Z" finished-at="2018-02-16T14:21:09Z">
          <reporter-output>
          </reporter-output>
        </test-method> <!-- setUp -->
        <test-method status="PASS" signature="verifyExistingUserBtnTest()[pri:2, instance:com.JusDone.qa.TestCases.RegisterPageTest@5b275dab]" name="verifyExistingUserBtnTest" duration-ms="53" started-at="2018-02-16T14:21:09Z" finished-at="2018-02-16T14:21:09Z">
          <reporter-output>
          </reporter-output>
        </test-method> <!-- verifyExistingUserBtnTest -->
        <test-method status="PASS" signature="setResults(org.testng.ITestResult)[pri:0, instance:com.JusDone.qa.TestCases.RegisterPageTest@5b275dab]" name="setResults" is-config="true" duration-ms="319" started-at="2018-02-16T14:21:09Z" finished-at="2018-02-16T14:21:10Z">
          <params>
            <param index="0">
              <value>
                <![CDATA[[TestResult name=verifyExistingUserBtnTest status=SUCCESS method=RegisterPageTest.verifyExistingUserBtnTest()[pri:2, instance:com.JusDone.qa.TestCases.RegisterPageTest@5b275dab] output={null}]]]>
              </value>
            </param>
          </params>
          <reporter-output>
          </reporter-output>
        </test-method> <!-- setResults -->
        <test-method status="PASS" signature="setUp()[pri:0, instance:com.JusDone.qa.TestCases.RegisterPageTest@5b275dab]" name="setUp" is-config="true" duration-ms="10968" started-at="2018-02-16T14:21:10Z" finished-at="2018-02-16T14:21:21Z">
          <reporter-output>
          </reporter-output>
        </test-method> <!-- setUp -->
        <test-method status="FAIL" signature="VerifyValidAcctNameMsgTest(java.lang.String, java.lang.String, java.lang.String, java.lang.String)[pri:3, instance:com.JusDone.qa.TestCases.RegisterPageTest@5b275dab]" name="VerifyValidAcctNameMsgTest" duration-ms="23132" started-at="2018-02-16T14:21:21Z" data-provider="VerifyValidAcctNameMsg" finished-at="2018-02-16T14:21:44Z">
          <params>
            <param index="0">
              <value>
                <![CDATA[sv7]]>
              </value>
            </param>
            <param index="1">
              <value>
                <![CDATA[siri@gmail.com]]>
              </value>
            </param>
            <param index="2">
              <value>
                <![CDATA[Test123]]>
              </value>
            </param>
            <param index="3">
              <value>
                <![CDATA[Test123]]>
              </value>
            </param>
          </params>
          <exception class="org.openqa.selenium.NoSuchElementException">
            <message>
              <![CDATA[Unable to locate element: /html/body/div/div[1]/div/nav/div/p[1]
For documentation on this error, please visit: http://seleniumhq.org/exceptions/no_such_element.html
Build info: version: '3.7.1', revision: '8a0099a', time: '2017-11-06T21:01:39.354Z'
System info: host: 'NALLANS-NEWPC', ip: '192.168.186.1', os.name: 'Windows 10', os.arch: 'amd64', os.version: '10.0', java.version: '1.8.0_151'
Driver info: org.openqa.selenium.firefox.FirefoxDriver
Capabilities {acceptInsecureCerts: true, browserName: firefox, browserVersion: 56.0, javascriptEnabled: true, moz:accessibilityChecks: false, moz:headless: false, moz:processID: 31672, moz:profile: C:\Users\venka\AppData\Loca..., pageLoadStrategy: normal, platform: XP, platformName: XP, platformVersion: 10.0, rotatable: false, specificationLevel: 0, timeouts: {implicit: 0, pageLoad: 300000, script: 30000}}
Session ID: 3ff07c7a-ab37-4634-826d-871e445d6fbd
*** Element info: {Using=xpath, value=/html/body/div/div[1]/div/nav/div/p[1]}]]>
            </message>
            <full-stacktrace>
              <![CDATA[org.openqa.selenium.NoSuchElementException: Unable to locate element: /html/body/div/div[1]/div/nav/div/p[1]
For documentation on this error, please visit: http://seleniumhq.org/exceptions/no_such_element.html
Build info: version: '3.7.1', revision: '8a0099a', time: '2017-11-06T21:01:39.354Z'
System info: host: 'NALLANS-NEWPC', ip: '192.168.186.1', os.name: 'Windows 10', os.arch: 'amd64', os.version: '10.0', java.version: '1.8.0_151'
Driver info: org.openqa.selenium.firefox.FirefoxDriver
Capabilities {acceptInsecureCerts: true, browserName: firefox, browserVersion: 56.0, javascriptEnabled: true, moz:accessibilityChecks: false, moz:headless: false, moz:processID: 31672, moz:profile: C:\Users\venka\AppData\Loca..., pageLoadStrategy: normal, platform: XP, platformName: XP, platformVersion: 10.0, rotatable: false, specificationLevel: 0, timeouts: {implicit: 0, pageLoad: 300000, script: 30000}}
Session ID: 3ff07c7a-ab37-4634-826d-871e445d6fbd
*** Element info: {Using=xpath, value=/html/body/div/div[1]/div/nav/div/p[1]}
	at sun.reflect.NativeConstructorAccessorImpl.newInstance0(Native Method)
	at sun.reflect.NativeConstructorAccessorImpl.newInstance(NativeConstructorAccessorImpl.java:62)
	at sun.reflect.DelegatingConstructorAccessorImpl.newInstance(DelegatingConstructorAccessorImpl.java:45)
	at java.lang.reflect.Constructor.newInstance(Constructor.java:423)
	at org.openqa.selenium.remote.http.W3CHttpResponseCodec.createException(W3CHttpResponseCodec.java:187)
	at org.openqa.selenium.remote.http.W3CHttpResponseCodec.decode(W3CHttpResponseCodec.java:122)
	at org.openqa.selenium.remote.http.W3CHttpResponseCodec.decode(W3CHttpResponseCodec.java:49)
	at org.openqa.selenium.remote.HttpCommandExecutor.execute(HttpCommandExecutor.java:164)
	at org.openqa.selenium.remote.service.DriverCommandExecutor.execute(DriverCommandExecutor.java:83)
	at org.openqa.selenium.remote.RemoteWebDriver.execute(RemoteWebDriver.java:600)
	at org.openqa.selenium.remote.RemoteWebDriver.findElement(RemoteWebDriver.java:370)
	at org.openqa.selenium.remote.RemoteWebDriver.findElementByXPath(RemoteWebDriver.java:472)
	at org.openqa.selenium.By$ByXPath.findElement(By.java:361)
	at org.openqa.selenium.remote.RemoteWebDriver.findElement(RemoteWebDriver.java:362)
	at org.openqa.selenium.support.pagefactory.DefaultElementLocator.findElement(DefaultElementLocator.java:69)
	at org.openqa.selenium.support.pagefactory.internal.LocatingElementHandler.invoke(LocatingElementHandler.java:38)
	at com.sun.proxy.$Proxy10.getWrappedElement(Unknown Source)
	at org.openqa.selenium.remote.internal.WebElementToJsonConverter.apply(WebElementToJsonConverter.java:51)
	at com.google.common.collect.Iterators$6.transform(Iterators.java:820)
	at com.google.common.collect.TransformedIterator.next(TransformedIterator.java:48)
	at com.google.common.collect.Iterators.addAll(Iterators.java:373)
	at com.google.common.collect.Lists.newArrayList(Lists.java:165)
	at com.google.common.collect.Lists.newArrayList(Lists.java:150)
	at org.openqa.selenium.remote.RemoteWebDriver.executeScript(RemoteWebDriver.java:534)
	at com.JusDone.qa.Pages.RegisterPage.VerifyValidAcctNameMsg(RegisterPage.java:104)
	at com.JusDone.qa.TestCases.RegisterPageTest.VerifyValidAcctNameMsgTest(RegisterPageTest.java:73)
	at sun.reflect.NativeMethodAccessorImpl.invoke0(Native Method)
	at sun.reflect.NativeMethodAccessorImpl.invoke(NativeMethodAccessorImpl.java:62)
	at sun.reflect.DelegatingMethodAccessorImpl.invoke(DelegatingMethodAccessorImpl.java:43)
	at java.lang.reflect.Method.invoke(Method.java:498)
	at org.testng.internal.MethodInvocationHelper.invokeMethod(MethodInvocationHelper.java:108)
	at org.testng.internal.Invoker.invokeMethod(Invoker.java:661)
	at org.testng.internal.Invoker.invokeTestMethod(Invoker.java:869)
	at org.testng.internal.Invoker.invokeTestMethods(Invoker.java:1193)
	at org.testng.internal.TestMethodWorker.invokeTestMethods(TestMethodWorker.java:126)
	at org.testng.internal.TestMethodWorker.run(TestMethodWorker.java:109)
	at org.testng.TestRunner.privateRun(TestRunner.java:744)
	at org.testng.TestRunner.run(TestRunner.java:602)
	at org.testng.SuiteRunner.runTest(SuiteRunner.java:380)
	at org.testng.SuiteRunner.runSequentially(SuiteRunner.java:375)
	at org.testng.SuiteRunner.privateRun(SuiteRunner.java:340)
	at org.testng.SuiteRunner.run(SuiteRunner.java:289)
	at org.testng.SuiteRunnerWorker.runSuite(SuiteRunnerWorker.java:52)
	at org.testng.SuiteRunnerWorker.run(SuiteRunnerWorker.java:86)
	at org.testng.TestNG.runSuitesSequentially(TestNG.java:1301)
	at org.testng.TestNG.runSuitesLocally(TestNG.java:1226)
	at org.testng.TestNG.runSuites(TestNG.java:1144)
	at org.testng.TestNG.run(TestNG.java:1115)
	at org.apache.maven.surefire.testng.TestNGExecutor.run(TestNGExecutor.java:283)
	at org.apache.maven.surefire.testng.TestNGXmlTestSuite.execute(TestNGXmlTestSuite.java:75)
	at org.apache.maven.surefire.testng.TestNGProvider.invoke(TestNGProvider.java:120)
	at org.apache.maven.surefire.booter.ForkedBooter.invokeProviderInSameClassLoader(ForkedBooter.java:386)
	at org.apache.maven.surefire.booter.ForkedBooter.runSuitesInProcess(ForkedBooter.java:323)
	at org.apache.maven.surefire.booter.ForkedBooter.main(ForkedBooter.java:143)
]]>
            </full-stacktrace>
          </exception> <!-- org.openqa.selenium.NoSuchElementException -->
          <reporter-output>
          </reporter-output>
        </test-method> <!-- VerifyValidAcctNameMsgTest -->
        <test-method status="PASS" signature="setResults(org.testng.ITestResult)[pri:0, instance:com.JusDone.qa.TestCases.RegisterPageTest@5b275dab]" name="setResults" is-config="true" duration-ms="435" started-at="2018-02-16T14:21:44Z" finished-at="2018-02-16T14:21:45Z">
          <params>
            <param index="0">
              <value>
                <![CDATA[[TestResult name=VerifyValidAcctNameMsgTest status=FAILURE method=RegisterPageTest.VerifyValidAcctNameMsgTest(java.lang.String, java.lang.String, java.lang.String, java.lang.String)[pri:3, instance:com.JusDone.qa.TestCases.RegisterPageTest@5b275dab] output={null}]]]>
              </value>
            </param>
          </params>
          <reporter-output>
          </reporter-output>
        </test-method> <!-- setResults -->
        <test-method status="PASS" signature="setUp()[pri:0, instance:com.JusDone.qa.TestCases.RegisterPageTest@5b275dab]" name="setUp" is-config="true" duration-ms="11070" started-at="2018-02-16T14:21:45Z" finished-at="2018-02-16T14:21:56Z">
          <reporter-output>
          </reporter-output>
        </test-method> <!-- setUp -->
        <test-method status="PASS" signature="VerifyExistingAcctErrorMsgTest(java.lang.String, java.lang.String, java.lang.String, java.lang.String)[pri:4, instance:com.JusDone.qa.TestCases.RegisterPageTest@5b275dab]" name="VerifyExistingAcctErrorMsgTest" duration-ms="2368" started-at="2018-02-16T14:21:56Z" data-provider="VerifyExistingAcctErrorMsg" finished-at="2018-02-16T14:21:58Z">
          <params>
            <param index="0">
              <value>
                <![CDATA[ab12]]>
              </value>
            </param>
            <param index="1">
              <value>
                <![CDATA[ab12@gmail.com]]>
              </value>
            </param>
            <param index="2">
              <value>
                <![CDATA[Test123]]>
              </value>
            </param>
            <param index="3">
              <value>
                <![CDATA[Test123]]>
              </value>
            </param>
          </params>
          <reporter-output>
          </reporter-output>
        </test-method> <!-- VerifyExistingAcctErrorMsgTest -->
        <test-method status="PASS" signature="setResults(org.testng.ITestResult)[pri:0, instance:com.JusDone.qa.TestCases.RegisterPageTest@5b275dab]" name="setResults" is-config="true" duration-ms="290" started-at="2018-02-16T14:21:58Z" finished-at="2018-02-16T14:21:58Z">
          <params>
            <param index="0">
              <value>
                <![CDATA[[TestResult name=VerifyExistingAcctErrorMsgTest status=SUCCESS method=RegisterPageTest.VerifyExistingAcctErrorMsgTest(java.lang.String, java.lang.String, java.lang.String, java.lang.String)[pri:4, instance:com.JusDone.qa.TestCases.RegisterPageTest@5b275dab] output={null}]]]>
              </value>
            </param>
          </params>
          <reporter-output>
          </reporter-output>
        </test-method> <!-- setResults -->
        <test-method status="PASS" signature="setUp()[pri:0, instance:com.JusDone.qa.TestCases.RegisterPageTest@5b275dab]" name="setUp" is-config="true" duration-ms="10809" started-at="2018-02-16T14:21:58Z" finished-at="2018-02-16T14:22:09Z">
          <reporter-output>
          </reporter-output>
        </test-method> <!-- setUp -->
        <test-method status="PASS" signature="VerifyInvalidEmailErrorMsgTest(java.lang.String, java.lang.String, java.lang.String, java.lang.String)[pri:5, instance:com.JusDone.qa.TestCases.RegisterPageTest@5b275dab]" name="VerifyInvalidEmailErrorMsgTest" duration-ms="2330" started-at="2018-02-16T14:22:09Z" data-provider="VerifyInvalidEmailErrorMsg" finished-at="2018-02-16T14:22:11Z">
          <params>
            <param index="0">
              <value>
                <![CDATA[sr123]]>
              </value>
            </param>
            <param index="1">
              <value>
                <![CDATA[sr123@123]]>
              </value>
            </param>
            <param index="2">
              <value>
                <![CDATA[Test123]]>
              </value>
            </param>
            <param index="3">
              <value>
                <![CDATA[Test123]]>
              </value>
            </param>
          </params>
          <reporter-output>
          </reporter-output>
        </test-method> <!-- VerifyInvalidEmailErrorMsgTest -->
        <test-method status="PASS" signature="setResults(org.testng.ITestResult)[pri:0, instance:com.JusDone.qa.TestCases.RegisterPageTest@5b275dab]" name="setResults" is-config="true" duration-ms="306" started-at="2018-02-16T14:22:11Z" finished-at="2018-02-16T14:22:12Z">
          <params>
            <param index="0">
              <value>
                <![CDATA[[TestResult name=VerifyInvalidEmailErrorMsgTest status=SUCCESS method=RegisterPageTest.VerifyInvalidEmailErrorMsgTest(java.lang.String, java.lang.String, java.lang.String, java.lang.String)[pri:5, instance:com.JusDone.qa.TestCases.RegisterPageTest@5b275dab] output={null}]]]>
              </value>
            </param>
          </params>
          <reporter-output>
          </reporter-output>
        </test-method> <!-- setResults -->
        <test-method status="FAIL" signature="setUp()[pri:0, instance:com.JusDone.qa.TestCases.RegisterPageTest@5b275dab]" name="setUp" is-config="true" duration-ms="8975" started-at="2018-02-16T14:22:12Z" finished-at="2018-02-16T14:22:21Z">
          <exception class="org.openqa.selenium.ElementNotInteractableException">
            <message>
              <![CDATA[
Build info: version: '3.7.1', revision: '8a0099a', time: '2017-11-06T21:01:39.354Z'
System info: host: 'NALLANS-NEWPC', ip: '192.168.186.1', os.name: 'Windows 10', os.arch: 'amd64', os.version: '10.0', java.version: '1.8.0_151'
Driver info: org.openqa.selenium.firefox.FirefoxDriver
Capabilities {acceptInsecureCerts: true, browserName: firefox, browserVersion: 56.0, javascriptEnabled: true, moz:accessibilityChecks: false, moz:headless: false, moz:processID: 20876, moz:profile: C:\Users\venka\AppData\Loca..., pageLoadStrategy: normal, platform: XP, platformName: XP, platformVersion: 10.0, rotatable: false, specificationLevel: 0, timeouts: {implicit: 0, pageLoad: 300000, script: 30000}}
Session ID: c0ff8e6e-a212-4920-9b51-9c55f02b31ab]]>
            </message>
            <full-stacktrace>
              <![CDATA[org.openqa.selenium.ElementNotInteractableException: 
Build info: version: '3.7.1', revision: '8a0099a', time: '2017-11-06T21:01:39.354Z'
System info: host: 'NALLANS-NEWPC', ip: '192.168.186.1', os.name: 'Windows 10', os.arch: 'amd64', os.version: '10.0', java.version: '1.8.0_151'
Driver info: org.openqa.selenium.firefox.FirefoxDriver
Capabilities {acceptInsecureCerts: true, browserName: firefox, browserVersion: 56.0, javascriptEnabled: true, moz:accessibilityChecks: false, moz:headless: false, moz:processID: 20876, moz:profile: C:\Users\venka\AppData\Loca..., pageLoadStrategy: normal, platform: XP, platformName: XP, platformVersion: 10.0, rotatable: false, specificationLevel: 0, timeouts: {implicit: 0, pageLoad: 300000, script: 30000}}
Session ID: c0ff8e6e-a212-4920-9b51-9c55f02b31ab
	at sun.reflect.NativeConstructorAccessorImpl.newInstance0(Native Method)
	at sun.reflect.NativeConstructorAccessorImpl.newInstance(NativeConstructorAccessorImpl.java:62)
	at sun.reflect.DelegatingConstructorAccessorImpl.newInstance(DelegatingConstructorAccessorImpl.java:45)
	at java.lang.reflect.Constructor.newInstance(Constructor.java:423)
	at org.openqa.selenium.remote.http.W3CHttpResponseCodec.createException(W3CHttpResponseCodec.java:187)
	at org.openqa.selenium.remote.http.W3CHttpResponseCodec.decode(W3CHttpResponseCodec.java:122)
	at org.openqa.selenium.remote.http.W3CHttpResponseCodec.decode(W3CHttpResponseCodec.java:49)
	at org.openqa.selenium.remote.HttpCommandExecutor.execute(HttpCommandExecutor.java:164)
	at org.openqa.selenium.remote.service.DriverCommandExecutor.execute(DriverCommandExecutor.java:83)
	at org.openqa.selenium.remote.RemoteWebDriver.execute(RemoteWebDriver.java:600)
	at org.openqa.selenium.remote.RemoteWebElement.execute(RemoteWebElement.java:279)
	at org.openqa.selenium.remote.RemoteWebElement.click(RemoteWebElement.java:83)
	at sun.reflect.GeneratedMethodAccessor7.invoke(Unknown Source)
	at sun.reflect.DelegatingMethodAccessorImpl.invoke(DelegatingMethodAccessorImpl.java:43)
	at java.lang.reflect.Method.invoke(Method.java:498)
	at org.openqa.selenium.support.pagefactory.internal.LocatingElementHandler.invoke(LocatingElementHandler.java:51)
	at com.sun.proxy.$Proxy10.click(Unknown Source)
	at com.JusDone.qa.Pages.HomePage.clickOnSignUpLogo(HomePage.java:67)
	at com.JusDone.qa.TestCases.RegisterPageTest.setUp(RegisterPageTest.java:45)
	at sun.reflect.NativeMethodAccessorImpl.invoke0(Native Method)
	at sun.reflect.NativeMethodAccessorImpl.invoke(NativeMethodAccessorImpl.java:62)
	at sun.reflect.DelegatingMethodAccessorImpl.invoke(DelegatingMethodAccessorImpl.java:43)
	at java.lang.reflect.Method.invoke(Method.java:498)
	at org.testng.internal.MethodInvocationHelper.invokeMethod(MethodInvocationHelper.java:108)
	at org.testng.internal.Invoker.invokeConfigurationMethod(Invoker.java:523)
	at org.testng.internal.Invoker.invokeConfigurations(Invoker.java:224)
	at org.testng.internal.Invoker.invokeMethod(Invoker.java:599)
	at org.testng.internal.Invoker.invokeTestMethod(Invoker.java:869)
	at org.testng.internal.Invoker.invokeTestMethods(Invoker.java:1193)
	at org.testng.internal.TestMethodWorker.invokeTestMethods(TestMethodWorker.java:126)
	at org.testng.internal.TestMethodWorker.run(TestMethodWorker.java:109)
	at org.testng.TestRunner.privateRun(TestRunner.java:744)
	at org.testng.TestRunner.run(TestRunner.java:602)
	at org.testng.SuiteRunner.runTest(SuiteRunner.java:380)
	at org.testng.SuiteRunner.runSequentially(SuiteRunner.java:375)
	at org.testng.SuiteRunner.privateRun(SuiteRunner.java:340)
	at org.testng.SuiteRunner.run(SuiteRunner.java:289)
	at org.testng.SuiteRunnerWorker.runSuite(SuiteRunnerWorker.java:52)
	at org.testng.SuiteRunnerWorker.run(SuiteRunnerWorker.java:86)
	at org.testng.TestNG.runSuitesSequentially(TestNG.java:1301)
	at org.testng.TestNG.runSuitesLocally(TestNG.java:1226)
	at org.testng.TestNG.runSuites(TestNG.java:1144)
	at org.testng.TestNG.run(TestNG.java:1115)
	at org.apache.maven.surefire.testng.TestNGExecutor.run(TestNGExecutor.java:283)
	at org.apache.maven.surefire.testng.TestNGXmlTestSuite.execute(TestNGXmlTestSuite.java:75)
	at org.apache.maven.surefire.testng.TestNGProvider.invoke(TestNGProvider.java:120)
	at org.apache.maven.surefire.booter.ForkedBooter.invokeProviderInSameClassLoader(ForkedBooter.java:386)
	at org.apache.maven.surefire.booter.ForkedBooter.runSuitesInProcess(ForkedBooter.java:323)
	at org.apache.maven.surefire.booter.ForkedBooter.main(ForkedBooter.java:143)
]]>
            </full-stacktrace>
          </exception> <!-- org.openqa.selenium.ElementNotInteractableException -->
          <reporter-output>
          </reporter-output>
        </test-method> <!-- setUp -->
        <test-method status="SKIP" signature="VerifyPwdMatchErrorMsgTest(java.lang.String, java.lang.String, java.lang.String, java.lang.String)[pri:6, instance:com.JusDone.qa.TestCases.RegisterPageTest@5b275dab]" name="VerifyPwdMatchErrorMsgTest" duration-ms="0" started-at="2018-02-16T14:22:21Z" data-provider="VerifyPwdMatchErrorMsg" finished-at="2018-02-16T14:22:21Z">
          <exception class="org.openqa.selenium.ElementNotInteractableException">
            <message>
              <![CDATA[
Build info: version: '3.7.1', revision: '8a0099a', time: '2017-11-06T21:01:39.354Z'
System info: host: 'NALLANS-NEWPC', ip: '192.168.186.1', os.name: 'Windows 10', os.arch: 'amd64', os.version: '10.0', java.version: '1.8.0_151'
Driver info: org.openqa.selenium.firefox.FirefoxDriver
Capabilities {acceptInsecureCerts: true, browserName: firefox, browserVersion: 56.0, javascriptEnabled: true, moz:accessibilityChecks: false, moz:headless: false, moz:processID: 20876, moz:profile: C:\Users\venka\AppData\Loca..., pageLoadStrategy: normal, platform: XP, platformName: XP, platformVersion: 10.0, rotatable: false, specificationLevel: 0, timeouts: {implicit: 0, pageLoad: 300000, script: 30000}}
Session ID: c0ff8e6e-a212-4920-9b51-9c55f02b31ab]]>
            </message>
            <full-stacktrace>
              <![CDATA[org.openqa.selenium.ElementNotInteractableException: 
Build info: version: '3.7.1', revision: '8a0099a', time: '2017-11-06T21:01:39.354Z'
System info: host: 'NALLANS-NEWPC', ip: '192.168.186.1', os.name: 'Windows 10', os.arch: 'amd64', os.version: '10.0', java.version: '1.8.0_151'
Driver info: org.openqa.selenium.firefox.FirefoxDriver
Capabilities {acceptInsecureCerts: true, browserName: firefox, browserVersion: 56.0, javascriptEnabled: true, moz:accessibilityChecks: false, moz:headless: false, moz:processID: 20876, moz:profile: C:\Users\venka\AppData\Loca..., pageLoadStrategy: normal, platform: XP, platformName: XP, platformVersion: 10.0, rotatable: false, specificationLevel: 0, timeouts: {implicit: 0, pageLoad: 300000, script: 30000}}
Session ID: c0ff8e6e-a212-4920-9b51-9c55f02b31ab
	at sun.reflect.NativeConstructorAccessorImpl.newInstance0(Native Method)
	at sun.reflect.NativeConstructorAccessorImpl.newInstance(NativeConstructorAccessorImpl.java:62)
	at sun.reflect.DelegatingConstructorAccessorImpl.newInstance(DelegatingConstructorAccessorImpl.java:45)
	at java.lang.reflect.Constructor.newInstance(Constructor.java:423)
	at org.openqa.selenium.remote.http.W3CHttpResponseCodec.createException(W3CHttpResponseCodec.java:187)
	at org.openqa.selenium.remote.http.W3CHttpResponseCodec.decode(W3CHttpResponseCodec.java:122)
	at org.openqa.selenium.remote.http.W3CHttpResponseCodec.decode(W3CHttpResponseCodec.java:49)
	at org.openqa.selenium.remote.HttpCommandExecutor.execute(HttpCommandExecutor.java:164)
	at org.openqa.selenium.remote.service.DriverCommandExecutor.execute(DriverCommandExecutor.java:83)
	at org.openqa.selenium.remote.RemoteWebDriver.execute(RemoteWebDriver.java:600)
	at org.openqa.selenium.remote.RemoteWebElement.execute(RemoteWebElement.java:279)
	at org.openqa.selenium.remote.RemoteWebElement.click(RemoteWebElement.java:83)
	at sun.reflect.GeneratedMethodAccessor7.invoke(Unknown Source)
	at sun.reflect.DelegatingMethodAccessorImpl.invoke(DelegatingMethodAccessorImpl.java:43)
	at java.lang.reflect.Method.invoke(Method.java:498)
	at org.openqa.selenium.support.pagefactory.internal.LocatingElementHandler.invoke(LocatingElementHandler.java:51)
	at com.sun.proxy.$Proxy10.click(Unknown Source)
	at com.JusDone.qa.Pages.HomePage.clickOnSignUpLogo(HomePage.java:67)
	at com.JusDone.qa.TestCases.RegisterPageTest.setUp(RegisterPageTest.java:45)
	at sun.reflect.NativeMethodAccessorImpl.invoke0(Native Method)
	at sun.reflect.NativeMethodAccessorImpl.invoke(NativeMethodAccessorImpl.java:62)
	at sun.reflect.DelegatingMethodAccessorImpl.invoke(DelegatingMethodAccessorImpl.java:43)
	at java.lang.reflect.Method.invoke(Method.java:498)
	at org.testng.internal.MethodInvocationHelper.invokeMethod(MethodInvocationHelper.java:108)
	at org.testng.internal.Invoker.invokeConfigurationMethod(Invoker.java:523)
	at org.testng.internal.Invoker.invokeConfigurations(Invoker.java:224)
	at org.testng.internal.Invoker.invokeMethod(Invoker.java:599)
	at org.testng.internal.Invoker.invokeTestMethod(Invoker.java:869)
	at org.testng.internal.Invoker.invokeTestMethods(Invoker.java:1193)
	at org.testng.internal.TestMethodWorker.invokeTestMethods(TestMethodWorker.java:126)
	at org.testng.internal.TestMethodWorker.run(TestMethodWorker.java:109)
	at org.testng.TestRunner.privateRun(TestRunner.java:744)
	at org.testng.TestRunner.run(TestRunner.java:602)
	at org.testng.SuiteRunner.runTest(SuiteRunner.java:380)
	at org.testng.SuiteRunner.runSequentially(SuiteRunner.java:375)
	at org.testng.SuiteRunner.privateRun(SuiteRunner.java:340)
	at org.testng.SuiteRunner.run(SuiteRunner.java:289)
	at org.testng.SuiteRunnerWorker.runSuite(SuiteRunnerWorker.java:52)
	at org.testng.SuiteRunnerWorker.run(SuiteRunnerWorker.java:86)
	at org.testng.TestNG.runSuitesSequentially(TestNG.java:1301)
	at org.testng.TestNG.runSuitesLocally(TestNG.java:1226)
	at org.testng.TestNG.runSuites(TestNG.java:1144)
	at org.testng.TestNG.run(TestNG.java:1115)
	at org.apache.maven.surefire.testng.TestNGExecutor.run(TestNGExecutor.java:283)
	at org.apache.maven.surefire.testng.TestNGXmlTestSuite.execute(TestNGXmlTestSuite.java:75)
	at org.apache.maven.surefire.testng.TestNGProvider.invoke(TestNGProvider.java:120)
	at org.apache.maven.surefire.booter.ForkedBooter.invokeProviderInSameClassLoader(ForkedBooter.java:386)
	at org.apache.maven.surefire.booter.ForkedBooter.runSuitesInProcess(ForkedBooter.java:323)
	at org.apache.maven.surefire.booter.ForkedBooter.main(ForkedBooter.java:143)
]]>
            </full-stacktrace>
          </exception> <!-- org.openqa.selenium.ElementNotInteractableException -->
          <reporter-output>
          </reporter-output>
        </test-method> <!-- VerifyPwdMatchErrorMsgTest -->
        <test-method status="SKIP" signature="VerifyBlankErrorMsgTest(java.lang.String, java.lang.String, java.lang.String, java.lang.String)[pri:7, instance:com.JusDone.qa.TestCases.RegisterPageTest@5b275dab]" name="VerifyBlankErrorMsgTest" duration-ms="0" started-at="2018-02-16T14:22:21Z" data-provider="VerifyBlankErrorMsg" finished-at="2018-02-16T14:22:21Z">
          <exception class="org.openqa.selenium.ElementNotInteractableException">
            <message>
              <![CDATA[
Build info: version: '3.7.1', revision: '8a0099a', time: '2017-11-06T21:01:39.354Z'
System info: host: 'NALLANS-NEWPC', ip: '192.168.186.1', os.name: 'Windows 10', os.arch: 'amd64', os.version: '10.0', java.version: '1.8.0_151'
Driver info: org.openqa.selenium.firefox.FirefoxDriver
Capabilities {acceptInsecureCerts: true, browserName: firefox, browserVersion: 56.0, javascriptEnabled: true, moz:accessibilityChecks: false, moz:headless: false, moz:processID: 20876, moz:profile: C:\Users\venka\AppData\Loca..., pageLoadStrategy: normal, platform: XP, platformName: XP, platformVersion: 10.0, rotatable: false, specificationLevel: 0, timeouts: {implicit: 0, pageLoad: 300000, script: 30000}}
Session ID: c0ff8e6e-a212-4920-9b51-9c55f02b31ab]]>
            </message>
            <full-stacktrace>
              <![CDATA[org.openqa.selenium.ElementNotInteractableException: 
Build info: version: '3.7.1', revision: '8a0099a', time: '2017-11-06T21:01:39.354Z'
System info: host: 'NALLANS-NEWPC', ip: '192.168.186.1', os.name: 'Windows 10', os.arch: 'amd64', os.version: '10.0', java.version: '1.8.0_151'
Driver info: org.openqa.selenium.firefox.FirefoxDriver
Capabilities {acceptInsecureCerts: true, browserName: firefox, browserVersion: 56.0, javascriptEnabled: true, moz:accessibilityChecks: false, moz:headless: false, moz:processID: 20876, moz:profile: C:\Users\venka\AppData\Loca..., pageLoadStrategy: normal, platform: XP, platformName: XP, platformVersion: 10.0, rotatable: false, specificationLevel: 0, timeouts: {implicit: 0, pageLoad: 300000, script: 30000}}
Session ID: c0ff8e6e-a212-4920-9b51-9c55f02b31ab
	at sun.reflect.NativeConstructorAccessorImpl.newInstance0(Native Method)
	at sun.reflect.NativeConstructorAccessorImpl.newInstance(NativeConstructorAccessorImpl.java:62)
	at sun.reflect.DelegatingConstructorAccessorImpl.newInstance(DelegatingConstructorAccessorImpl.java:45)
	at java.lang.reflect.Constructor.newInstance(Constructor.java:423)
	at org.openqa.selenium.remote.http.W3CHttpResponseCodec.createException(W3CHttpResponseCodec.java:187)
	at org.openqa.selenium.remote.http.W3CHttpResponseCodec.decode(W3CHttpResponseCodec.java:122)
	at org.openqa.selenium.remote.http.W3CHttpResponseCodec.decode(W3CHttpResponseCodec.java:49)
	at org.openqa.selenium.remote.HttpCommandExecutor.execute(HttpCommandExecutor.java:164)
	at org.openqa.selenium.remote.service.DriverCommandExecutor.execute(DriverCommandExecutor.java:83)
	at org.openqa.selenium.remote.RemoteWebDriver.execute(RemoteWebDriver.java:600)
	at org.openqa.selenium.remote.RemoteWebElement.execute(RemoteWebElement.java:279)
	at org.openqa.selenium.remote.RemoteWebElement.click(RemoteWebElement.java:83)
	at sun.reflect.GeneratedMethodAccessor7.invoke(Unknown Source)
	at sun.reflect.DelegatingMethodAccessorImpl.invoke(DelegatingMethodAccessorImpl.java:43)
	at java.lang.reflect.Method.invoke(Method.java:498)
	at org.openqa.selenium.support.pagefactory.internal.LocatingElementHandler.invoke(LocatingElementHandler.java:51)
	at com.sun.proxy.$Proxy10.click(Unknown Source)
	at com.JusDone.qa.Pages.HomePage.clickOnSignUpLogo(HomePage.java:67)
	at com.JusDone.qa.TestCases.RegisterPageTest.setUp(RegisterPageTest.java:45)
	at sun.reflect.NativeMethodAccessorImpl.invoke0(Native Method)
	at sun.reflect.NativeMethodAccessorImpl.invoke(NativeMethodAccessorImpl.java:62)
	at sun.reflect.DelegatingMethodAccessorImpl.invoke(DelegatingMethodAccessorImpl.java:43)
	at java.lang.reflect.Method.invoke(Method.java:498)
	at org.testng.internal.MethodInvocationHelper.invokeMethod(MethodInvocationHelper.java:108)
	at org.testng.internal.Invoker.invokeConfigurationMethod(Invoker.java:523)
	at org.testng.internal.Invoker.invokeConfigurations(Invoker.java:224)
	at org.testng.internal.Invoker.invokeMethod(Invoker.java:599)
	at org.testng.internal.Invoker.invokeTestMethod(Invoker.java:869)
	at org.testng.internal.Invoker.invokeTestMethods(Invoker.java:1193)
	at org.testng.internal.TestMethodWorker.invokeTestMethods(TestMethodWorker.java:126)
	at org.testng.internal.TestMethodWorker.run(TestMethodWorker.java:109)
	at org.testng.TestRunner.privateRun(TestRunner.java:744)
	at org.testng.TestRunner.run(TestRunner.java:602)
	at org.testng.SuiteRunner.runTest(SuiteRunner.java:380)
	at org.testng.SuiteRunner.runSequentially(SuiteRunner.java:375)
	at org.testng.SuiteRunner.privateRun(SuiteRunner.java:340)
	at org.testng.SuiteRunner.run(SuiteRunner.java:289)
	at org.testng.SuiteRunnerWorker.runSuite(SuiteRunnerWorker.java:52)
	at org.testng.SuiteRunnerWorker.run(SuiteRunnerWorker.java:86)
	at org.testng.TestNG.runSuitesSequentially(TestNG.java:1301)
	at org.testng.TestNG.runSuitesLocally(TestNG.java:1226)
	at org.testng.TestNG.runSuites(TestNG.java:1144)
	at org.testng.TestNG.run(TestNG.java:1115)
	at org.apache.maven.surefire.testng.TestNGExecutor.run(TestNGExecutor.java:283)
	at org.apache.maven.surefire.testng.TestNGXmlTestSuite.execute(TestNGXmlTestSuite.java:75)
	at org.apache.maven.surefire.testng.TestNGProvider.invoke(TestNGProvider.java:120)
	at org.apache.maven.surefire.booter.ForkedBooter.invokeProviderInSameClassLoader(ForkedBooter.java:386)
	at org.apache.maven.surefire.booter.ForkedBooter.runSuitesInProcess(ForkedBooter.java:323)
	at org.apache.maven.surefire.booter.ForkedBooter.main(ForkedBooter.java:143)
]]>
            </full-stacktrace>
          </exception> <!-- org.openqa.selenium.ElementNotInteractableException -->
          <reporter-output>
          </reporter-output>
        </test-method> <!-- VerifyBlankErrorMsgTest -->
        <test-method status="SKIP" signature="setUp()[pri:0, instance:com.JusDone.qa.TestCases.RegisterPageTest@5b275dab]" name="setUp" is-config="true" duration-ms="0" started-at="2018-02-16T14:22:21Z" finished-at="2018-02-16T14:22:21Z">
          <reporter-output>
          </reporter-output>
        </test-method> <!-- setUp -->
        <test-method status="SKIP" signature="ClickSignInButtonTest()[pri:8, instance:com.JusDone.qa.TestCases.RegisterPageTest@5b275dab]" name="ClickSignInButtonTest" duration-ms="0" started-at="2018-02-16T14:22:21Z" finished-at="2018-02-16T14:22:21Z">
          <exception class="org.openqa.selenium.ElementNotInteractableException">
            <message>
              <![CDATA[
Build info: version: '3.7.1', revision: '8a0099a', time: '2017-11-06T21:01:39.354Z'
System info: host: 'NALLANS-NEWPC', ip: '192.168.186.1', os.name: 'Windows 10', os.arch: 'amd64', os.version: '10.0', java.version: '1.8.0_151'
Driver info: org.openqa.selenium.firefox.FirefoxDriver
Capabilities {acceptInsecureCerts: true, browserName: firefox, browserVersion: 56.0, javascriptEnabled: true, moz:accessibilityChecks: false, moz:headless: false, moz:processID: 20876, moz:profile: C:\Users\venka\AppData\Loca..., pageLoadStrategy: normal, platform: XP, platformName: XP, platformVersion: 10.0, rotatable: false, specificationLevel: 0, timeouts: {implicit: 0, pageLoad: 300000, script: 30000}}
Session ID: c0ff8e6e-a212-4920-9b51-9c55f02b31ab]]>
            </message>
            <full-stacktrace>
              <![CDATA[org.openqa.selenium.ElementNotInteractableException: 
Build info: version: '3.7.1', revision: '8a0099a', time: '2017-11-06T21:01:39.354Z'
System info: host: 'NALLANS-NEWPC', ip: '192.168.186.1', os.name: 'Windows 10', os.arch: 'amd64', os.version: '10.0', java.version: '1.8.0_151'
Driver info: org.openqa.selenium.firefox.FirefoxDriver
Capabilities {acceptInsecureCerts: true, browserName: firefox, browserVersion: 56.0, javascriptEnabled: true, moz:accessibilityChecks: false, moz:headless: false, moz:processID: 20876, moz:profile: C:\Users\venka\AppData\Loca..., pageLoadStrategy: normal, platform: XP, platformName: XP, platformVersion: 10.0, rotatable: false, specificationLevel: 0, timeouts: {implicit: 0, pageLoad: 300000, script: 30000}}
Session ID: c0ff8e6e-a212-4920-9b51-9c55f02b31ab
	at sun.reflect.NativeConstructorAccessorImpl.newInstance0(Native Method)
	at sun.reflect.NativeConstructorAccessorImpl.newInstance(NativeConstructorAccessorImpl.java:62)
	at sun.reflect.DelegatingConstructorAccessorImpl.newInstance(DelegatingConstructorAccessorImpl.java:45)
	at java.lang.reflect.Constructor.newInstance(Constructor.java:423)
	at org.openqa.selenium.remote.http.W3CHttpResponseCodec.createException(W3CHttpResponseCodec.java:187)
	at org.openqa.selenium.remote.http.W3CHttpResponseCodec.decode(W3CHttpResponseCodec.java:122)
	at org.openqa.selenium.remote.http.W3CHttpResponseCodec.decode(W3CHttpResponseCodec.java:49)
	at org.openqa.selenium.remote.HttpCommandExecutor.execute(HttpCommandExecutor.java:164)
	at org.openqa.selenium.remote.service.DriverCommandExecutor.execute(DriverCommandExecutor.java:83)
	at org.openqa.selenium.remote.RemoteWebDriver.execute(RemoteWebDriver.java:600)
	at org.openqa.selenium.remote.RemoteWebElement.execute(RemoteWebElement.java:279)
	at org.openqa.selenium.remote.RemoteWebElement.click(RemoteWebElement.java:83)
	at sun.reflect.GeneratedMethodAccessor7.invoke(Unknown Source)
	at sun.reflect.DelegatingMethodAccessorImpl.invoke(DelegatingMethodAccessorImpl.java:43)
	at java.lang.reflect.Method.invoke(Method.java:498)
	at org.openqa.selenium.support.pagefactory.internal.LocatingElementHandler.invoke(LocatingElementHandler.java:51)
	at com.sun.proxy.$Proxy10.click(Unknown Source)
	at com.JusDone.qa.Pages.HomePage.clickOnSignUpLogo(HomePage.java:67)
	at com.JusDone.qa.TestCases.RegisterPageTest.setUp(RegisterPageTest.java:45)
	at sun.reflect.NativeMethodAccessorImpl.invoke0(Native Method)
	at sun.reflect.NativeMethodAccessorImpl.invoke(NativeMethodAccessorImpl.java:62)
	at sun.reflect.DelegatingMethodAccessorImpl.invoke(DelegatingMethodAccessorImpl.java:43)
	at java.lang.reflect.Method.invoke(Method.java:498)
	at org.testng.internal.MethodInvocationHelper.invokeMethod(MethodInvocationHelper.java:108)
	at org.testng.internal.Invoker.invokeConfigurationMethod(Invoker.java:523)
	at org.testng.internal.Invoker.invokeConfigurations(Invoker.java:224)
	at org.testng.internal.Invoker.invokeMethod(Invoker.java:599)
	at org.testng.internal.Invoker.invokeTestMethod(Invoker.java:869)
	at org.testng.internal.Invoker.invokeTestMethods(Invoker.java:1193)
	at org.testng.internal.TestMethodWorker.invokeTestMethods(TestMethodWorker.java:126)
	at org.testng.internal.TestMethodWorker.run(TestMethodWorker.java:109)
	at org.testng.TestRunner.privateRun(TestRunner.java:744)
	at org.testng.TestRunner.run(TestRunner.java:602)
	at org.testng.SuiteRunner.runTest(SuiteRunner.java:380)
	at org.testng.SuiteRunner.runSequentially(SuiteRunner.java:375)
	at org.testng.SuiteRunner.privateRun(SuiteRunner.java:340)
	at org.testng.SuiteRunner.run(SuiteRunner.java:289)
	at org.testng.SuiteRunnerWorker.runSuite(SuiteRunnerWorker.java:52)
	at org.testng.SuiteRunnerWorker.run(SuiteRunnerWorker.java:86)
	at org.testng.TestNG.runSuitesSequentially(TestNG.java:1301)
	at org.testng.TestNG.runSuitesLocally(TestNG.java:1226)
	at org.testng.TestNG.runSuites(TestNG.java:1144)
	at org.testng.TestNG.run(TestNG.java:1115)
	at org.apache.maven.surefire.testng.TestNGExecutor.run(TestNGExecutor.java:283)
	at org.apache.maven.surefire.testng.TestNGXmlTestSuite.execute(TestNGXmlTestSuite.java:75)
	at org.apache.maven.surefire.testng.TestNGProvider.invoke(TestNGProvider.java:120)
	at org.apache.maven.surefire.booter.ForkedBooter.invokeProviderInSameClassLoader(ForkedBooter.java:386)
	at org.apache.maven.surefire.booter.ForkedBooter.runSuitesInProcess(ForkedBooter.java:323)
	at org.apache.maven.surefire.booter.ForkedBooter.main(ForkedBooter.java:143)
]]>
            </full-stacktrace>
          </exception> <!-- org.openqa.selenium.ElementNotInteractableException -->
          <reporter-output>
          </reporter-output>
        </test-method> <!-- ClickSignInButtonTest -->
        <test-method status="SKIP" signature="setUp()[pri:0, instance:com.JusDone.qa.TestCases.RegisterPageTest@5b275dab]" name="setUp" is-config="true" duration-ms="0" started-at="2018-02-16T14:22:21Z" finished-at="2018-02-16T14:22:21Z">
          <reporter-output>
          </reporter-output>
        </test-method> <!-- setUp -->
      </class> <!-- com.JusDone.qa.TestCases.RegisterPageTest -->
    </test> <!-- RegisterPageTest -->
    <test name="DashBoardPageTest" duration-ms="472287" started-at="2018-02-16T20:22:21Z" finished-at="2018-02-16T20:30:13Z">
      <class name="com.JusDone.qa.TestCases.DashBoardPageTest">
        <test-method status="PASS" signature="setUp()[pri:0, instance:com.JusDone.qa.TestCases.DashBoardPageTest@68c4039c]" name="setUp" is-config="true" duration-ms="24564" started-at="2018-02-16T14:22:21Z" finished-at="2018-02-16T14:22:45Z">
          <reporter-output>
          </reporter-output>
        </test-method> <!-- setUp -->
        <test-method status="PASS" signature="verifyJusDoneImageTest()[pri:1, instance:com.JusDone.qa.TestCases.DashBoardPageTest@68c4039c]" name="verifyJusDoneImageTest" duration-ms="6050" started-at="2018-02-16T14:22:45Z" finished-at="2018-02-16T14:22:51Z">
          <reporter-output>
          </reporter-output>
        </test-method> <!-- verifyJusDoneImageTest -->
        <test-method status="PASS" signature="setResults(org.testng.ITestResult)[pri:0, instance:com.JusDone.qa.TestCases.DashBoardPageTest@68c4039c]" name="setResults" is-config="true" duration-ms="350" started-at="2018-02-16T14:22:51Z" finished-at="2018-02-16T14:22:52Z">
          <params>
            <param index="0">
              <value>
                <![CDATA[[TestResult name=verifyJusDoneImageTest status=SUCCESS method=DashBoardPageTest.verifyJusDoneImageTest()[pri:1, instance:com.JusDone.qa.TestCases.DashBoardPageTest@68c4039c] output={null}]]]>
              </value>
            </param>
          </params>
          <reporter-output>
          </reporter-output>
        </test-method> <!-- setResults -->
        <test-method status="PASS" signature="setUp()[pri:0, instance:com.JusDone.qa.TestCases.DashBoardPageTest@68c4039c]" name="setUp" is-config="true" duration-ms="21349" started-at="2018-02-16T14:22:52Z" finished-at="2018-02-16T14:23:13Z">
          <reporter-output>
          </reporter-output>
        </test-method> <!-- setUp -->
        <test-method status="PASS" signature="verifyUserNameTest()[pri:2, instance:com.JusDone.qa.TestCases.DashBoardPageTest@68c4039c]" name="verifyUserNameTest" duration-ms="37" started-at="2018-02-16T14:23:13Z" finished-at="2018-02-16T14:23:13Z">
          <reporter-output>
          </reporter-output>
        </test-method> <!-- verifyUserNameTest -->
        <test-method status="PASS" signature="setResults(org.testng.ITestResult)[pri:0, instance:com.JusDone.qa.TestCases.DashBoardPageTest@68c4039c]" name="setResults" is-config="true" duration-ms="289" started-at="2018-02-16T14:23:13Z" finished-at="2018-02-16T14:23:14Z">
          <params>
            <param index="0">
              <value>
                <![CDATA[[TestResult name=verifyUserNameTest status=SUCCESS method=DashBoardPageTest.verifyUserNameTest()[pri:2, instance:com.JusDone.qa.TestCases.DashBoardPageTest@68c4039c] output={null}]]]>
              </value>
            </param>
          </params>
          <reporter-output>
          </reporter-output>
        </test-method> <!-- setResults -->
        <test-method status="PASS" signature="setUp()[pri:0, instance:com.JusDone.qa.TestCases.DashBoardPageTest@68c4039c]" name="setUp" is-config="true" duration-ms="20893" started-at="2018-02-16T14:23:14Z" finished-at="2018-02-16T14:23:34Z">
          <reporter-output>
          </reporter-output>
        </test-method> <!-- setUp -->
        <test-method status="PASS" signature="verifyTeamLabelTest()[pri:3, instance:com.JusDone.qa.TestCases.DashBoardPageTest@68c4039c]" name="verifyTeamLabelTest" duration-ms="37" started-at="2018-02-16T14:23:34Z" finished-at="2018-02-16T14:23:34Z">
          <reporter-output>
          </reporter-output>
        </test-method> <!-- verifyTeamLabelTest -->
        <test-method status="PASS" signature="setResults(org.testng.ITestResult)[pri:0, instance:com.JusDone.qa.TestCases.DashBoardPageTest@68c4039c]" name="setResults" is-config="true" duration-ms="273" started-at="2018-02-16T14:23:34Z" finished-at="2018-02-16T14:23:35Z">
          <params>
            <param index="0">
              <value>
                <![CDATA[[TestResult name=verifyTeamLabelTest status=SUCCESS method=DashBoardPageTest.verifyTeamLabelTest()[pri:3, instance:com.JusDone.qa.TestCases.DashBoardPageTest@68c4039c] output={null}]]]>
              </value>
            </param>
          </params>
          <reporter-output>
          </reporter-output>
        </test-method> <!-- setResults -->
        <test-method status="PASS" signature="setUp()[pri:0, instance:com.JusDone.qa.TestCases.DashBoardPageTest@68c4039c]" name="setUp" is-config="true" duration-ms="21021" started-at="2018-02-16T14:23:35Z" finished-at="2018-02-16T14:23:56Z">
          <reporter-output>
          </reporter-output>
        </test-method> <!-- setUp -->
        <test-method status="PASS" signature="verifySearchBoxTest()[pri:4, instance:com.JusDone.qa.TestCases.DashBoardPageTest@68c4039c]" name="verifySearchBoxTest" duration-ms="31" started-at="2018-02-16T14:23:56Z" finished-at="2018-02-16T14:23:56Z">
          <reporter-output>
          </reporter-output>
        </test-method> <!-- verifySearchBoxTest -->
        <test-method status="PASS" signature="setResults(org.testng.ITestResult)[pri:0, instance:com.JusDone.qa.TestCases.DashBoardPageTest@68c4039c]" name="setResults" is-config="true" duration-ms="271" started-at="2018-02-16T14:23:56Z" finished-at="2018-02-16T14:23:56Z">
          <params>
            <param index="0">
              <value>
                <![CDATA[[TestResult name=verifySearchBoxTest status=SUCCESS method=DashBoardPageTest.verifySearchBoxTest()[pri:4, instance:com.JusDone.qa.TestCases.DashBoardPageTest@68c4039c] output={null}]]]>
              </value>
            </param>
          </params>
          <reporter-output>
          </reporter-output>
        </test-method> <!-- setResults -->
        <test-method status="PASS" signature="setUp()[pri:0, instance:com.JusDone.qa.TestCases.DashBoardPageTest@68c4039c]" name="setUp" is-config="true" duration-ms="20054" started-at="2018-02-16T14:23:56Z" finished-at="2018-02-16T14:24:16Z">
          <reporter-output>
          </reporter-output>
        </test-method> <!-- setUp -->
        <test-method status="PASS" signature="verifyTeamNameLabelTest()[pri:5, instance:com.JusDone.qa.TestCases.DashBoardPageTest@68c4039c]" name="verifyTeamNameLabelTest" duration-ms="63" started-at="2018-02-16T14:24:16Z" finished-at="2018-02-16T14:24:16Z">
          <reporter-output>
          </reporter-output>
        </test-method> <!-- verifyTeamNameLabelTest -->
        <test-method status="PASS" signature="setResults(org.testng.ITestResult)[pri:0, instance:com.JusDone.qa.TestCases.DashBoardPageTest@68c4039c]" name="setResults" is-config="true" duration-ms="250" started-at="2018-02-16T14:24:16Z" finished-at="2018-02-16T14:24:16Z">
          <params>
            <param index="0">
              <value>
                <![CDATA[[TestResult name=verifyTeamNameLabelTest status=SUCCESS method=DashBoardPageTest.verifyTeamNameLabelTest()[pri:5, instance:com.JusDone.qa.TestCases.DashBoardPageTest@68c4039c] output={null}]]]>
              </value>
            </param>
          </params>
          <reporter-output>
          </reporter-output>
        </test-method> <!-- setResults -->
        <test-method status="PASS" signature="setUp()[pri:0, instance:com.JusDone.qa.TestCases.DashBoardPageTest@68c4039c]" name="setUp" is-config="true" duration-ms="21348" started-at="2018-02-16T14:24:16Z" finished-at="2018-02-16T14:24:38Z">
          <reporter-output>
          </reporter-output>
        </test-method> <!-- setUp -->
        <test-method status="PASS" signature="verifyDashBoardBtnTest()[pri:6, instance:com.JusDone.qa.TestCases.DashBoardPageTest@68c4039c]" name="verifyDashBoardBtnTest" duration-ms="16" started-at="2018-02-16T14:24:38Z" finished-at="2018-02-16T14:24:38Z">
          <reporter-output>
          </reporter-output>
        </test-method> <!-- verifyDashBoardBtnTest -->
        <test-method status="PASS" signature="setResults(org.testng.ITestResult)[pri:0, instance:com.JusDone.qa.TestCases.DashBoardPageTest@68c4039c]" name="setResults" is-config="true" duration-ms="390" started-at="2018-02-16T14:24:38Z" finished-at="2018-02-16T14:24:38Z">
          <params>
            <param index="0">
              <value>
                <![CDATA[[TestResult name=verifyDashBoardBtnTest status=SUCCESS method=DashBoardPageTest.verifyDashBoardBtnTest()[pri:6, instance:com.JusDone.qa.TestCases.DashBoardPageTest@68c4039c] output={null}]]]>
              </value>
            </param>
          </params>
          <reporter-output>
          </reporter-output>
        </test-method> <!-- setResults -->
        <test-method status="PASS" signature="setUp()[pri:0, instance:com.JusDone.qa.TestCases.DashBoardPageTest@68c4039c]" name="setUp" is-config="true" duration-ms="21045" started-at="2018-02-16T14:24:38Z" finished-at="2018-02-16T14:24:59Z">
          <reporter-output>
          </reporter-output>
        </test-method> <!-- setUp -->
        <test-method status="PASS" signature="verifyTeamsBtnTest()[pri:7, instance:com.JusDone.qa.TestCases.DashBoardPageTest@68c4039c]" name="verifyTeamsBtnTest" duration-ms="29" started-at="2018-02-16T14:24:59Z" finished-at="2018-02-16T14:24:59Z">
          <reporter-output>
          </reporter-output>
        </test-method> <!-- verifyTeamsBtnTest -->
        <test-method status="PASS" signature="setResults(org.testng.ITestResult)[pri:0, instance:com.JusDone.qa.TestCases.DashBoardPageTest@68c4039c]" name="setResults" is-config="true" duration-ms="379" started-at="2018-02-16T14:24:59Z" finished-at="2018-02-16T14:25:00Z">
          <params>
            <param index="0">
              <value>
                <![CDATA[[TestResult name=verifyTeamsBtnTest status=SUCCESS method=DashBoardPageTest.verifyTeamsBtnTest()[pri:7, instance:com.JusDone.qa.TestCases.DashBoardPageTest@68c4039c] output={null}]]]>
              </value>
            </param>
          </params>
          <reporter-output>
          </reporter-output>
        </test-method> <!-- setResults -->
        <test-method status="PASS" signature="setUp()[pri:0, instance:com.JusDone.qa.TestCases.DashBoardPageTest@68c4039c]" name="setUp" is-config="true" duration-ms="20035" started-at="2018-02-16T14:25:00Z" finished-at="2018-02-16T14:25:20Z">
          <reporter-output>
          </reporter-output>
        </test-method> <!-- setUp -->
        <test-method status="PASS" signature="verifyTaskBtnTest()[pri:8, instance:com.JusDone.qa.TestCases.DashBoardPageTest@68c4039c]" name="verifyTaskBtnTest" duration-ms="16" started-at="2018-02-16T14:25:20Z" finished-at="2018-02-16T14:25:20Z">
          <reporter-output>
          </reporter-output>
        </test-method> <!-- verifyTaskBtnTest -->
        <test-method status="PASS" signature="setResults(org.testng.ITestResult)[pri:0, instance:com.JusDone.qa.TestCases.DashBoardPageTest@68c4039c]" name="setResults" is-config="true" duration-ms="266" started-at="2018-02-16T14:25:20Z" finished-at="2018-02-16T14:25:20Z">
          <params>
            <param index="0">
              <value>
                <![CDATA[[TestResult name=verifyTaskBtnTest status=SUCCESS method=DashBoardPageTest.verifyTaskBtnTest()[pri:8, instance:com.JusDone.qa.TestCases.DashBoardPageTest@68c4039c] output={null}]]]>
              </value>
            </param>
          </params>
          <reporter-output>
          </reporter-output>
        </test-method> <!-- setResults -->
        <test-method status="PASS" signature="setUp()[pri:0, instance:com.JusDone.qa.TestCases.DashBoardPageTest@68c4039c]" name="setUp" is-config="true" duration-ms="21571" started-at="2018-02-16T14:25:20Z" finished-at="2018-02-16T14:25:42Z">
          <reporter-output>
          </reporter-output>
        </test-method> <!-- setUp -->
        <test-method status="PASS" signature="verifyInvitesBtnTest()[pri:9, instance:com.JusDone.qa.TestCases.DashBoardPageTest@68c4039c]" name="verifyInvitesBtnTest" duration-ms="16" started-at="2018-02-16T14:25:42Z" finished-at="2018-02-16T14:25:42Z">
          <reporter-output>
          </reporter-output>
        </test-method> <!-- verifyInvitesBtnTest -->
        <test-method status="PASS" signature="setResults(org.testng.ITestResult)[pri:0, instance:com.JusDone.qa.TestCases.DashBoardPageTest@68c4039c]" name="setResults" is-config="true" duration-ms="265" started-at="2018-02-16T14:25:42Z" finished-at="2018-02-16T14:25:42Z">
          <params>
            <param index="0">
              <value>
                <![CDATA[[TestResult name=verifyInvitesBtnTest status=SUCCESS method=DashBoardPageTest.verifyInvitesBtnTest()[pri:9, instance:com.JusDone.qa.TestCases.DashBoardPageTest@68c4039c] output={null}]]]>
              </value>
            </param>
          </params>
          <reporter-output>
          </reporter-output>
        </test-method> <!-- setResults -->
        <test-method status="PASS" signature="setUp()[pri:0, instance:com.JusDone.qa.TestCases.DashBoardPageTest@68c4039c]" name="setUp" is-config="true" duration-ms="20226" started-at="2018-02-16T14:25:42Z" finished-at="2018-02-16T14:26:02Z">
          <reporter-output>
          </reporter-output>
        </test-method> <!-- setUp -->
        <test-method status="PASS" signature="verifySettingsBtnTest()[pri:10, instance:com.JusDone.qa.TestCases.DashBoardPageTest@68c4039c]" name="verifySettingsBtnTest" duration-ms="31" started-at="2018-02-16T14:26:02Z" finished-at="2018-02-16T14:26:02Z">
          <reporter-output>
          </reporter-output>
        </test-method> <!-- verifySettingsBtnTest -->
        <test-method status="PASS" signature="setResults(org.testng.ITestResult)[pri:0, instance:com.JusDone.qa.TestCases.DashBoardPageTest@68c4039c]" name="setResults" is-config="true" duration-ms="281" started-at="2018-02-16T14:26:02Z" finished-at="2018-02-16T14:26:02Z">
          <params>
            <param index="0">
              <value>
                <![CDATA[[TestResult name=verifySettingsBtnTest status=SUCCESS method=DashBoardPageTest.verifySettingsBtnTest()[pri:10, instance:com.JusDone.qa.TestCases.DashBoardPageTest@68c4039c] output={null}]]]>
              </value>
            </param>
          </params>
          <reporter-output>
          </reporter-output>
        </test-method> <!-- setResults -->
        <test-method status="PASS" signature="setUp()[pri:0, instance:com.JusDone.qa.TestCases.DashBoardPageTest@68c4039c]" name="setUp" is-config="true" duration-ms="21060" started-at="2018-02-16T14:26:02Z" finished-at="2018-02-16T14:26:23Z">
          <reporter-output>
          </reporter-output>
        </test-method> <!-- setUp -->
        <test-method status="PASS" signature="verifyMenuBarTest()[pri:11, instance:com.JusDone.qa.TestCases.DashBoardPageTest@68c4039c]" name="verifyMenuBarTest" duration-ms="16" started-at="2018-02-16T14:26:23Z" finished-at="2018-02-16T14:26:23Z">
          <reporter-output>
          </reporter-output>
        </test-method> <!-- verifyMenuBarTest -->
        <test-method status="PASS" signature="setResults(org.testng.ITestResult)[pri:0, instance:com.JusDone.qa.TestCases.DashBoardPageTest@68c4039c]" name="setResults" is-config="true" duration-ms="266" started-at="2018-02-16T14:26:23Z" finished-at="2018-02-16T14:26:24Z">
          <params>
            <param index="0">
              <value>
                <![CDATA[[TestResult name=verifyMenuBarTest status=SUCCESS method=DashBoardPageTest.verifyMenuBarTest()[pri:11, instance:com.JusDone.qa.TestCases.DashBoardPageTest@68c4039c] output={null}]]]>
              </value>
            </param>
          </params>
          <reporter-output>
          </reporter-output>
        </test-method> <!-- setResults -->
        <test-method status="PASS" signature="setUp()[pri:0, instance:com.JusDone.qa.TestCases.DashBoardPageTest@68c4039c]" name="setUp" is-config="true" duration-ms="19361" started-at="2018-02-16T14:26:24Z" finished-at="2018-02-16T14:26:43Z">
          <reporter-output>
          </reporter-output>
        </test-method> <!-- setUp -->
        <test-method status="PASS" signature="verifyCreateNewTeamBtnTest()[pri:12, instance:com.JusDone.qa.TestCases.DashBoardPageTest@68c4039c]" name="verifyCreateNewTeamBtnTest" duration-ms="15" started-at="2018-02-16T14:26:43Z" finished-at="2018-02-16T14:26:43Z">
          <reporter-output>
          </reporter-output>
        </test-method> <!-- verifyCreateNewTeamBtnTest -->
        <test-method status="PASS" signature="setResults(org.testng.ITestResult)[pri:0, instance:com.JusDone.qa.TestCases.DashBoardPageTest@68c4039c]" name="setResults" is-config="true" duration-ms="266" started-at="2018-02-16T14:26:43Z" finished-at="2018-02-16T14:26:43Z">
          <params>
            <param index="0">
              <value>
                <![CDATA[[TestResult name=verifyCreateNewTeamBtnTest status=SUCCESS method=DashBoardPageTest.verifyCreateNewTeamBtnTest()[pri:12, instance:com.JusDone.qa.TestCases.DashBoardPageTest@68c4039c] output={null}]]]>
              </value>
            </param>
          </params>
          <reporter-output>
          </reporter-output>
        </test-method> <!-- setResults -->
        <test-method status="PASS" signature="setUp()[pri:0, instance:com.JusDone.qa.TestCases.DashBoardPageTest@68c4039c]" name="setUp" is-config="true" duration-ms="22734" started-at="2018-02-16T14:26:43Z" finished-at="2018-02-16T14:27:06Z">
          <reporter-output>
          </reporter-output>
        </test-method> <!-- setUp -->
        <test-method status="PASS" signature="verifyBellBtnTest()[pri:13, instance:com.JusDone.qa.TestCases.DashBoardPageTest@68c4039c]" name="verifyBellBtnTest" duration-ms="22" started-at="2018-02-16T14:27:06Z" finished-at="2018-02-16T14:27:06Z">
          <reporter-output>
          </reporter-output>
        </test-method> <!-- verifyBellBtnTest -->
        <test-method status="PASS" signature="setResults(org.testng.ITestResult)[pri:0, instance:com.JusDone.qa.TestCases.DashBoardPageTest@68c4039c]" name="setResults" is-config="true" duration-ms="274" started-at="2018-02-16T14:27:06Z" finished-at="2018-02-16T14:27:06Z">
          <params>
            <param index="0">
              <value>
                <![CDATA[[TestResult name=verifyBellBtnTest status=SUCCESS method=DashBoardPageTest.verifyBellBtnTest()[pri:13, instance:com.JusDone.qa.TestCases.DashBoardPageTest@68c4039c] output={null}]]]>
              </value>
            </param>
          </params>
          <reporter-output>
          </reporter-output>
        </test-method> <!-- setResults -->
        <test-method status="PASS" signature="setUp()[pri:0, instance:com.JusDone.qa.TestCases.DashBoardPageTest@68c4039c]" name="setUp" is-config="true" duration-ms="27969" started-at="2018-02-16T14:27:06Z" finished-at="2018-02-16T14:27:34Z">
          <reporter-output>
          </reporter-output>
        </test-method> <!-- setUp -->
        <test-method status="PASS" signature="verifyLogOutBtnTest()[pri:14, instance:com.JusDone.qa.TestCases.DashBoardPageTest@68c4039c]" name="verifyLogOutBtnTest" duration-ms="32" started-at="2018-02-16T14:27:34Z" finished-at="2018-02-16T14:27:34Z">
          <reporter-output>
          </reporter-output>
        </test-method> <!-- verifyLogOutBtnTest -->
        <test-method status="PASS" signature="setResults(org.testng.ITestResult)[pri:0, instance:com.JusDone.qa.TestCases.DashBoardPageTest@68c4039c]" name="setResults" is-config="true" duration-ms="312" started-at="2018-02-16T14:27:34Z" finished-at="2018-02-16T14:27:35Z">
          <params>
            <param index="0">
              <value>
                <![CDATA[[TestResult name=verifyLogOutBtnTest status=SUCCESS method=DashBoardPageTest.verifyLogOutBtnTest()[pri:14, instance:com.JusDone.qa.TestCases.DashBoardPageTest@68c4039c] output={null}]]]>
              </value>
            </param>
          </params>
          <reporter-output>
          </reporter-output>
        </test-method> <!-- setResults -->
        <test-method status="PASS" signature="setUp()[pri:0, instance:com.JusDone.qa.TestCases.DashBoardPageTest@68c4039c]" name="setUp" is-config="true" duration-ms="27792" started-at="2018-02-16T14:27:35Z" finished-at="2018-02-16T14:28:02Z">
          <reporter-output>
          </reporter-output>
        </test-method> <!-- setUp -->
        <test-method status="PASS" signature="verifyCreateNewTaskLinkTest()[pri:15, instance:com.JusDone.qa.TestCases.DashBoardPageTest@68c4039c]" name="verifyCreateNewTaskLinkTest" duration-ms="31" started-at="2018-02-16T14:28:02Z" finished-at="2018-02-16T14:28:02Z">
          <reporter-output>
          </reporter-output>
        </test-method> <!-- verifyCreateNewTaskLinkTest -->
        <test-method status="PASS" signature="setResults(org.testng.ITestResult)[pri:0, instance:com.JusDone.qa.TestCases.DashBoardPageTest@68c4039c]" name="setResults" is-config="true" duration-ms="297" started-at="2018-02-16T14:28:02Z" finished-at="2018-02-16T14:28:03Z">
          <params>
            <param index="0">
              <value>
                <![CDATA[[TestResult name=verifyCreateNewTaskLinkTest status=SUCCESS method=DashBoardPageTest.verifyCreateNewTaskLinkTest()[pri:15, instance:com.JusDone.qa.TestCases.DashBoardPageTest@68c4039c] output={null}]]]>
              </value>
            </param>
          </params>
          <reporter-output>
          </reporter-output>
        </test-method> <!-- setResults -->
        <test-method status="PASS" signature="setUp()[pri:0, instance:com.JusDone.qa.TestCases.DashBoardPageTest@68c4039c]" name="setUp" is-config="true" duration-ms="27772" started-at="2018-02-16T14:28:03Z" finished-at="2018-02-16T14:28:31Z">
          <reporter-output>
          </reporter-output>
        </test-method> <!-- setUp -->
        <test-method status="PASS" signature="CreateTeamBtnTest()[pri:16, instance:com.JusDone.qa.TestCases.DashBoardPageTest@68c4039c]" name="CreateTeamBtnTest" duration-ms="8508" started-at="2018-02-16T14:28:31Z" finished-at="2018-02-16T14:28:39Z">
          <reporter-output>
          </reporter-output>
        </test-method> <!-- CreateTeamBtnTest -->
        <test-method status="PASS" signature="setResults(org.testng.ITestResult)[pri:0, instance:com.JusDone.qa.TestCases.DashBoardPageTest@68c4039c]" name="setResults" is-config="true" duration-ms="360" started-at="2018-02-16T14:28:39Z" finished-at="2018-02-16T14:28:39Z">
          <params>
            <param index="0">
              <value>
                <![CDATA[[TestResult name=CreateTeamBtnTest status=SUCCESS method=DashBoardPageTest.CreateTeamBtnTest()[pri:16, instance:com.JusDone.qa.TestCases.DashBoardPageTest@68c4039c] output={null}]]]>
              </value>
            </param>
          </params>
          <reporter-output>
          </reporter-output>
        </test-method> <!-- setResults -->
        <test-method status="PASS" signature="setUp()[pri:0, instance:com.JusDone.qa.TestCases.DashBoardPageTest@68c4039c]" name="setUp" is-config="true" duration-ms="29350" started-at="2018-02-16T14:28:39Z" finished-at="2018-02-16T14:29:09Z">
          <reporter-output>
          </reporter-output>
        </test-method> <!-- setUp -->
        <test-method status="FAIL" signature="ClickCreateNewTaskLinkTest()[pri:17, instance:com.JusDone.qa.TestCases.DashBoardPageTest@68c4039c]" name="ClickCreateNewTaskLinkTest" duration-ms="32" started-at="2018-02-16T14:29:09Z" finished-at="2018-02-16T14:29:09Z">
          <exception class="org.openqa.selenium.ElementNotInteractableException">
            <message>
              <![CDATA[
Build info: version: '3.7.1', revision: '8a0099a', time: '2017-11-06T21:01:39.354Z'
System info: host: 'NALLANS-NEWPC', ip: '192.168.186.1', os.name: 'Windows 10', os.arch: 'amd64', os.version: '10.0', java.version: '1.8.0_151'
Driver info: org.openqa.selenium.firefox.FirefoxDriver
Capabilities {acceptInsecureCerts: true, browserName: firefox, browserVersion: 56.0, javascriptEnabled: true, moz:accessibilityChecks: false, moz:headless: false, moz:processID: 14472, moz:profile: C:\Users\venka\AppData\Loca..., pageLoadStrategy: normal, platform: XP, platformName: XP, platformVersion: 10.0, rotatable: false, specificationLevel: 0, timeouts: {implicit: 0, pageLoad: 300000, script: 30000}}
Session ID: ae7bbef1-9c64-42c4-b5e6-e387daa5a745]]>
            </message>
            <full-stacktrace>
              <![CDATA[org.openqa.selenium.ElementNotInteractableException: 
Build info: version: '3.7.1', revision: '8a0099a', time: '2017-11-06T21:01:39.354Z'
System info: host: 'NALLANS-NEWPC', ip: '192.168.186.1', os.name: 'Windows 10', os.arch: 'amd64', os.version: '10.0', java.version: '1.8.0_151'
Driver info: org.openqa.selenium.firefox.FirefoxDriver
Capabilities {acceptInsecureCerts: true, browserName: firefox, browserVersion: 56.0, javascriptEnabled: true, moz:accessibilityChecks: false, moz:headless: false, moz:processID: 14472, moz:profile: C:\Users\venka\AppData\Loca..., pageLoadStrategy: normal, platform: XP, platformName: XP, platformVersion: 10.0, rotatable: false, specificationLevel: 0, timeouts: {implicit: 0, pageLoad: 300000, script: 30000}}
Session ID: ae7bbef1-9c64-42c4-b5e6-e387daa5a745
	at sun.reflect.NativeConstructorAccessorImpl.newInstance0(Native Method)
	at sun.reflect.NativeConstructorAccessorImpl.newInstance(NativeConstructorAccessorImpl.java:62)
	at sun.reflect.DelegatingConstructorAccessorImpl.newInstance(DelegatingConstructorAccessorImpl.java:45)
	at java.lang.reflect.Constructor.newInstance(Constructor.java:423)
	at org.openqa.selenium.remote.http.W3CHttpResponseCodec.createException(W3CHttpResponseCodec.java:187)
	at org.openqa.selenium.remote.http.W3CHttpResponseCodec.decode(W3CHttpResponseCodec.java:122)
	at org.openqa.selenium.remote.http.W3CHttpResponseCodec.decode(W3CHttpResponseCodec.java:49)
	at org.openqa.selenium.remote.HttpCommandExecutor.execute(HttpCommandExecutor.java:164)
	at org.openqa.selenium.remote.service.DriverCommandExecutor.execute(DriverCommandExecutor.java:83)
	at org.openqa.selenium.remote.RemoteWebDriver.execute(RemoteWebDriver.java:600)
	at org.openqa.selenium.remote.RemoteWebElement.execute(RemoteWebElement.java:279)
	at org.openqa.selenium.remote.RemoteWebElement.click(RemoteWebElement.java:83)
	at sun.reflect.GeneratedMethodAccessor7.invoke(Unknown Source)
	at sun.reflect.DelegatingMethodAccessorImpl.invoke(DelegatingMethodAccessorImpl.java:43)
	at java.lang.reflect.Method.invoke(Method.java:498)
	at org.openqa.selenium.support.pagefactory.internal.LocatingElementHandler.invoke(LocatingElementHandler.java:51)
	at com.sun.proxy.$Proxy10.click(Unknown Source)
	at com.JusDone.qa.Pages.DashBoardPage.ClickCreateNewTaskLink(DashBoardPage.java:173)
	at com.JusDone.qa.TestCases.DashBoardPageTest.ClickCreateNewTaskLinkTest(DashBoardPageTest.java:184)
	at sun.reflect.NativeMethodAccessorImpl.invoke0(Native Method)
	at sun.reflect.NativeMethodAccessorImpl.invoke(NativeMethodAccessorImpl.java:62)
	at sun.reflect.DelegatingMethodAccessorImpl.invoke(DelegatingMethodAccessorImpl.java:43)
	at java.lang.reflect.Method.invoke(Method.java:498)
	at org.testng.internal.MethodInvocationHelper.invokeMethod(MethodInvocationHelper.java:108)
	at org.testng.internal.Invoker.invokeMethod(Invoker.java:661)
	at org.testng.internal.Invoker.invokeTestMethod(Invoker.java:869)
	at org.testng.internal.Invoker.invokeTestMethods(Invoker.java:1193)
	at org.testng.internal.TestMethodWorker.invokeTestMethods(TestMethodWorker.java:126)
	at org.testng.internal.TestMethodWorker.run(TestMethodWorker.java:109)
	at org.testng.TestRunner.privateRun(TestRunner.java:744)
	at org.testng.TestRunner.run(TestRunner.java:602)
	at org.testng.SuiteRunner.runTest(SuiteRunner.java:380)
	at org.testng.SuiteRunner.runSequentially(SuiteRunner.java:375)
	at org.testng.SuiteRunner.privateRun(SuiteRunner.java:340)
	at org.testng.SuiteRunner.run(SuiteRunner.java:289)
	at org.testng.SuiteRunnerWorker.runSuite(SuiteRunnerWorker.java:52)
	at org.testng.SuiteRunnerWorker.run(SuiteRunnerWorker.java:86)
	at org.testng.TestNG.runSuitesSequentially(TestNG.java:1301)
	at org.testng.TestNG.runSuitesLocally(TestNG.java:1226)
	at org.testng.TestNG.runSuites(TestNG.java:1144)
	at org.testng.TestNG.run(TestNG.java:1115)
	at org.apache.maven.surefire.testng.TestNGExecutor.run(TestNGExecutor.java:283)
	at org.apache.maven.surefire.testng.TestNGXmlTestSuite.execute(TestNGXmlTestSuite.java:75)
	at org.apache.maven.surefire.testng.TestNGProvider.invoke(TestNGProvider.java:120)
	at org.apache.maven.surefire.booter.ForkedBooter.invokeProviderInSameClassLoader(ForkedBooter.java:386)
	at org.apache.maven.surefire.booter.ForkedBooter.runSuitesInProcess(ForkedBooter.java:323)
	at org.apache.maven.surefire.booter.ForkedBooter.main(ForkedBooter.java:143)
]]>
            </full-stacktrace>
          </exception> <!-- org.openqa.selenium.ElementNotInteractableException -->
          <reporter-output>
          </reporter-output>
        </test-method> <!-- ClickCreateNewTaskLinkTest -->
        <test-method status="PASS" signature="setResults(org.testng.ITestResult)[pri:0, instance:com.JusDone.qa.TestCases.DashBoardPageTest@68c4039c]" name="setResults" is-config="true" duration-ms="453" started-at="2018-02-16T14:29:09Z" finished-at="2018-02-16T14:29:09Z">
          <params>
            <param index="0">
              <value>
                <![CDATA[[TestResult name=ClickCreateNewTaskLinkTest status=FAILURE method=DashBoardPageTest.ClickCreateNewTaskLinkTest()[pri:17, instance:com.JusDone.qa.TestCases.DashBoardPageTest@68c4039c] output={null}]]]>
              </value>
            </param>
          </params>
          <reporter-output>
          </reporter-output>
        </test-method> <!-- setResults -->
        <test-method status="PASS" signature="setUp()[pri:0, instance:com.JusDone.qa.TestCases.DashBoardPageTest@68c4039c]" name="setUp" is-config="true" duration-ms="27664" started-at="2018-02-16T14:29:09Z" finished-at="2018-02-16T14:29:37Z">
          <reporter-output>
          </reporter-output>
        </test-method> <!-- setUp -->
        <test-method status="PASS" signature="ClickTaskBtnTest()[pri:18, instance:com.JusDone.qa.TestCases.DashBoardPageTest@68c4039c]" name="ClickTaskBtnTest" duration-ms="6667" started-at="2018-02-16T14:29:37Z" finished-at="2018-02-16T14:29:44Z">
          <reporter-output>
          </reporter-output>
        </test-method> <!-- ClickTaskBtnTest -->
        <test-method status="PASS" signature="setResults(org.testng.ITestResult)[pri:0, instance:com.JusDone.qa.TestCases.DashBoardPageTest@68c4039c]" name="setResults" is-config="true" duration-ms="219" started-at="2018-02-16T14:29:44Z" finished-at="2018-02-16T14:29:44Z">
          <params>
            <param index="0">
              <value>
                <![CDATA[[TestResult name=ClickTaskBtnTest status=SUCCESS method=DashBoardPageTest.ClickTaskBtnTest()[pri:18, instance:com.JusDone.qa.TestCases.DashBoardPageTest@68c4039c] output={null}]]]>
              </value>
            </param>
          </params>
          <reporter-output>
          </reporter-output>
        </test-method> <!-- setResults -->
        <test-method status="PASS" signature="setUp()[pri:0, instance:com.JusDone.qa.TestCases.DashBoardPageTest@68c4039c]" name="setUp" is-config="true" duration-ms="28275" started-at="2018-02-16T14:29:44Z" finished-at="2018-02-16T14:30:12Z">
          <reporter-output>
          </reporter-output>
        </test-method> <!-- setUp -->
        <test-method status="PASS" signature="ClickLogOutBtn()[pri:19, instance:com.JusDone.qa.TestCases.DashBoardPageTest@68c4039c]" name="ClickLogOutBtn" duration-ms="783" started-at="2018-02-16T14:30:12Z" finished-at="2018-02-16T14:30:13Z">
          <reporter-output>
          </reporter-output>
        </test-method> <!-- ClickLogOutBtn -->
        <test-method status="PASS" signature="setResults(org.testng.ITestResult)[pri:0, instance:com.JusDone.qa.TestCases.DashBoardPageTest@68c4039c]" name="setResults" is-config="true" duration-ms="309" started-at="2018-02-16T14:30:13Z" finished-at="2018-02-16T14:30:13Z">
          <params>
            <param index="0">
              <value>
                <![CDATA[[TestResult name=ClickLogOutBtn status=SUCCESS method=DashBoardPageTest.ClickLogOutBtn()[pri:19, instance:com.JusDone.qa.TestCases.DashBoardPageTest@68c4039c] output={null}]]]>
              </value>
            </param>
          </params>
          <reporter-output>
          </reporter-output>
        </test-method> <!-- setResults -->
      </class> <!-- com.JusDone.qa.TestCases.DashBoardPageTest -->
    </test> <!-- DashBoardPageTest -->
    <test name="TaskPageTest" duration-ms="140020" started-at="2018-02-16T20:30:13Z" finished-at="2018-02-16T20:32:33Z">
      <class name="com.JusDone.qa.TestCases.TaskPageTest">
        <test-method status="PASS" signature="setExtent()[pri:0, instance:com.JusDone.qa.TestCases.TaskPageTest@66a3ffec]" name="setExtent" is-config="true" duration-ms="84" started-at="2018-02-16T14:16:27Z" finished-at="2018-02-16T14:16:27Z">
          <reporter-output>
          </reporter-output>
        </test-method> <!-- setExtent -->
        <test-method status="PASS" signature="setUp()[pri:0, instance:com.JusDone.qa.TestCases.TaskPageTest@66a3ffec]" name="setUp" is-config="true" duration-ms="32377" started-at="2018-02-16T14:30:13Z" finished-at="2018-02-16T14:30:46Z">
          <reporter-output>
          </reporter-output>
        </test-method> <!-- setUp -->
        <test-method status="PASS" signature="verifyCreateNewTaskLinkTest()[pri:1, instance:com.JusDone.qa.TestCases.TaskPageTest@66a3ffec]" name="verifyCreateNewTaskLinkTest" duration-ms="3049" started-at="2018-02-16T14:30:46Z" finished-at="2018-02-16T14:30:49Z">
          <reporter-output>
          </reporter-output>
        </test-method> <!-- verifyCreateNewTaskLinkTest -->
        <test-method status="PASS" signature="setResults(org.testng.ITestResult)[pri:0, instance:com.JusDone.qa.TestCases.TaskPageTest@66a3ffec]" name="setResults" is-config="true" duration-ms="240" started-at="2018-02-16T14:30:49Z" finished-at="2018-02-16T14:30:49Z">
          <params>
            <param index="0">
              <value>
                <![CDATA[[TestResult name=verifyCreateNewTaskLinkTest status=SUCCESS method=TaskPageTest.verifyCreateNewTaskLinkTest()[pri:1, instance:com.JusDone.qa.TestCases.TaskPageTest@66a3ffec] output={null}]]]>
              </value>
            </param>
          </params>
          <reporter-output>
          </reporter-output>
        </test-method> <!-- setResults -->
        <test-method status="PASS" signature="setUp()[pri:0, instance:com.JusDone.qa.TestCases.TaskPageTest@66a3ffec]" name="setUp" is-config="true" duration-ms="32494" started-at="2018-02-16T14:30:49Z" finished-at="2018-02-16T14:31:21Z">
          <reporter-output>
          </reporter-output>
        </test-method> <!-- setUp -->
        <test-method status="PASS" signature="verifyMembersLinkTest()[pri:2, instance:com.JusDone.qa.TestCases.TaskPageTest@66a3ffec]" name="verifyMembersLinkTest" duration-ms="47" started-at="2018-02-16T14:31:21Z" finished-at="2018-02-16T14:31:21Z">
          <reporter-output>
          </reporter-output>
        </test-method> <!-- verifyMembersLinkTest -->
        <test-method status="PASS" signature="setResults(org.testng.ITestResult)[pri:0, instance:com.JusDone.qa.TestCases.TaskPageTest@66a3ffec]" name="setResults" is-config="true" duration-ms="343" started-at="2018-02-16T14:31:21Z" finished-at="2018-02-16T14:31:22Z">
          <params>
            <param index="0">
              <value>
                <![CDATA[[TestResult name=verifyMembersLinkTest status=SUCCESS method=TaskPageTest.verifyMembersLinkTest()[pri:2, instance:com.JusDone.qa.TestCases.TaskPageTest@66a3ffec] output={null}]]]>
              </value>
            </param>
          </params>
          <reporter-output>
          </reporter-output>
        </test-method> <!-- setResults -->
        <test-method status="PASS" signature="setUp()[pri:0, instance:com.JusDone.qa.TestCases.TaskPageTest@66a3ffec]" name="setUp" is-config="true" duration-ms="34305" started-at="2018-02-16T14:31:22Z" finished-at="2018-02-16T14:31:56Z">
          <reporter-output>
          </reporter-output>
        </test-method> <!-- setUp -->
        <test-method status="PASS" signature="verifySettingsLinkTest()[pri:3, instance:com.JusDone.qa.TestCases.TaskPageTest@66a3ffec]" name="verifySettingsLinkTest" duration-ms="47" started-at="2018-02-16T14:31:56Z" finished-at="2018-02-16T14:31:56Z">
          <reporter-output>
          </reporter-output>
        </test-method> <!-- verifySettingsLinkTest -->
        <test-method status="PASS" signature="setResults(org.testng.ITestResult)[pri:0, instance:com.JusDone.qa.TestCases.TaskPageTest@66a3ffec]" name="setResults" is-config="true" duration-ms="234" started-at="2018-02-16T14:31:56Z" finished-at="2018-02-16T14:31:56Z">
          <params>
            <param index="0">
              <value>
                <![CDATA[[TestResult name=verifySettingsLinkTest status=SUCCESS method=TaskPageTest.verifySettingsLinkTest()[pri:3, instance:com.JusDone.qa.TestCases.TaskPageTest@66a3ffec] output={null}]]]>
              </value>
            </param>
          </params>
          <reporter-output>
          </reporter-output>
        </test-method> <!-- setResults -->
        <test-method status="PASS" signature="setUp()[pri:0, instance:com.JusDone.qa.TestCases.TaskPageTest@66a3ffec]" name="setUp" is-config="true" duration-ms="32358" started-at="2018-02-16T14:31:56Z" finished-at="2018-02-16T14:32:29Z">
          <reporter-output>
          </reporter-output>
        </test-method> <!-- setUp -->
        <test-method status="PASS" signature="ClickCreateNewTaskLinkTest()[pri:4, instance:com.JusDone.qa.TestCases.TaskPageTest@66a3ffec]" name="ClickCreateNewTaskLinkTest" duration-ms="4307" started-at="2018-02-16T14:32:29Z" finished-at="2018-02-16T14:32:33Z">
          <reporter-output>
          </reporter-output>
        </test-method> <!-- ClickCreateNewTaskLinkTest -->
        <test-method status="PASS" signature="setResults(org.testng.ITestResult)[pri:0, instance:com.JusDone.qa.TestCases.TaskPageTest@66a3ffec]" name="setResults" is-config="true" duration-ms="219" started-at="2018-02-16T14:32:33Z" finished-at="2018-02-16T14:32:33Z">
          <params>
            <param index="0">
              <value>
                <![CDATA[[TestResult name=ClickCreateNewTaskLinkTest status=SUCCESS method=TaskPageTest.ClickCreateNewTaskLinkTest()[pri:4, instance:com.JusDone.qa.TestCases.TaskPageTest@66a3ffec] output={null}]]]>
              </value>
            </param>
          </params>
          <reporter-output>
          </reporter-output>
        </test-method> <!-- setResults -->
        <test-method status="PASS" signature="endReport()[pri:0, instance:com.JusDone.qa.TestCases.TaskPageTest@66a3ffec]" name="endReport" is-config="true" duration-ms="266" started-at="2018-02-16T14:32:33Z" finished-at="2018-02-16T14:32:33Z">
          <reporter-output>
          </reporter-output>
        </test-method> <!-- endReport -->
      </class> <!-- com.JusDone.qa.TestCases.TaskPageTest -->
    </test> <!-- TaskPageTest -->
  </suite> <!-- JusDone Application Test Automation Test Suite -->
</testng-results>
