<!DOCTYPE html PUBLIC "-//W3C//DTD XHTML 1.1//EN" "http://www.w3.org/TR/xhtml11/DTD/xhtml11.dtd">
<html xmlns="http://www.w3.org/1999/xhtml">
<head>
<meta http-equiv="content-type" content="text/html; charset=UTF-8"/>
<title>TestNG Report</title>
<style type="text/css">table {margin-bottom:10px;border-collapse:collapse;empty-cells:show}th,td {border:1px solid #009;padding:.25em .5em}th {vertical-align:bottom}td {vertical-align:top}table a {font-weight:bold}.stripe td {background-color: #E6EBF9}.num {text-align:right}.passedodd td {background-color: #3F3}.passedeven td {background-color: #0A0}.skippedodd td {background-color: #DDD}.skippedeven td {background-color: #CCC}.failedodd td,.attn {background-color: #F33}.failedeven td,.stripe .attn {background-color: #D00}.stacktrace {white-space:pre;font-family:monospace}.totop {font-size:85%;text-align:center;border-bottom:2px solid #000}.invisible {display:none}</style>
</head>
<body>
<table>
<tr><th>Test</th><th># Passed</th><th># Skipped</th><th># Failed</th><th>Time (ms)</th><th>Included Groups</th><th>Excluded Groups</th></tr>
<tr><th colspan="7">JusDone Application Test Automation Test Suite</th></tr>
<tr><td><a href="#t0">LoginTest</a></td><td class="num">7</td><td class="num">0</td><td class="num attn">1</td><td class="num">122,852</td><td></td><td></td></tr>
<tr class="stripe"><td><a href="#t1">HomepageTest</a></td><td class="num">8</td><td class="num">0</td><td class="num">0</td><td class="num">71,969</td><td></td><td></td></tr>
<tr><td><a href="#t2">RegisterPageTest</a></td><td class="num">7</td><td class="num">0</td><td class="num attn">1</td><td class="num">115,478</td><td></td><td></td></tr>
<tr class="stripe"><td><a href="#t3">DashBoardPageTest</a></td><td class="num">18</td><td class="num">0</td><td class="num attn">1</td><td class="num">440,676</td><td></td><td></td></tr>
<tr><td><a href="#t4">TaskPageTest</a></td><td class="num">4</td><td class="num">0</td><td class="num">0</td><td class="num">116,120</td><td></td><td></td></tr>
<tr><th>Total</th><th class="num">44</th><th class="num">0</th><th class="num attn">3</th><th class="num">867,095</th><th colspan="2"></th></tr>
</table>
<table id='summary'><thead><tr><th>Class</th><th>Method</th><th>Start</th><th>Time (ms)</th></tr></thead><tbody><tr><th colspan="4">JusDone Application Test Automation Test Suite</th></tr></tbody><tbody id="t0"><tr><th colspan="4">LoginTest &#8212; failed</th></tr><tr class="failedeven"><td rowspan="1">com.JusDone.qa.TestCases.LoginPageTest</td><td><a href="#m0">verifyLRememberMeTest</a></td><td rowspan="1">1518811255467</td><td rowspan="1">94</td></tr><tr><th colspan="4">LoginTest &#8212; passed</th></tr><tr class="passedeven"><td rowspan="7">com.JusDone.qa.TestCases.LoginPageTest</td><td><a href="#m1">BlankInputLoginTest</a></td><td rowspan="1">1518811320335</td><td rowspan="1">609</td></tr><tr class="passedeven"><td><a href="#m2">InvalidLoginTest</a></td><td rowspan="1">1518811304566</td><td rowspan="1">2125</td></tr><tr class="passedeven"><td><a href="#m3">ValidLoginTest</a></td><td rowspan="1">1518811282486</td><td rowspan="1">7554</td></tr><tr class="passedeven"><td><a href="#m4">verifyLCreateAcctBtnTest</a></td><td rowspan="1">1518811269641</td><td rowspan="1">62</td></tr><tr class="passedeven"><td><a href="#m5">verifyLForgotPwdTest</a></td><td rowspan="1">1518811227543</td><td rowspan="1">62</td></tr><tr class="passedeven"><td><a href="#m6">verifyLoginBtnTest</a></td><td rowspan="1">1518811241502</td><td rowspan="1">62</td></tr><tr class="passedeven"><td><a href="#m7">verifyLoginNameTest</a></td><td rowspan="1">1518811213400</td><td rowspan="1">94</td></tr></tbody>
<tbody id="t1"><tr><th colspan="4">HomepageTest &#8212; passed</th></tr><tr class="passedeven"><td rowspan="8">com.JusDone.qa.TestCases.HomePageTest</td><td><a href="#m8">ClickLoginBtnTest</a></td><td rowspan="1">1518811387421</td><td rowspan="1">5555</td></tr><tr class="passedeven"><td><a href="#m9">ClickOnSignupLogoTest</a></td><td rowspan="1">1518811376804</td><td rowspan="1">2268</td></tr><tr class="passedeven"><td><a href="#m10">verifyAboutUsLogoTest</a></td><td rowspan="1">1518811369849</td><td rowspan="1">62</td></tr><tr class="passedeven"><td><a href="#m11">verifyContactUsLogoTest</a></td><td rowspan="1">1518811362500</td><td rowspan="1">78</td></tr><tr class="passedeven"><td><a href="#m12">verifyHomePageTitleTest</a></td><td rowspan="1">1518811329546</td><td rowspan="1">0</td></tr><tr class="passedeven"><td><a href="#m13">verifyJusDoneLogoTest</a></td><td rowspan="1">1518811338568</td><td rowspan="1">63</td></tr><tr class="passedeven"><td><a href="#m14">verifyLoginLogoTest</a></td><td rowspan="1">1518811355230</td><td rowspan="1">47</td></tr><tr class="passedeven"><td><a href="#m15">verifySignUpLogoTest</a></td><td rowspan="1">1518811346987</td><td rowspan="1">78</td></tr></tbody>
<tbody id="t2"><tr><th colspan="4">RegisterPageTest &#8212; failed</th></tr><tr class="failedeven"><td rowspan="1">com.JusDone.qa.TestCases.RegisterPageTest</td><td><a href="#m16">VerifyValidAcctNameMsgTest</a></td><td rowspan="1">1518811426051</td><td rowspan="1">22343</td></tr><tr><th colspan="4">RegisterPageTest &#8212; passed</th></tr><tr class="passedeven"><td rowspan="7">com.JusDone.qa.TestCases.RegisterPageTest</td><td><a href="#m17">ClickSignInButtonTest</a></td><td rowspan="1">1518811508220</td><td rowspan="1">47</td></tr><tr class="passedeven"><td><a href="#m18">VerifyBlankErrorMsgTest</a></td><td rowspan="1">1518811496849</td><td rowspan="1">1129</td></tr><tr class="passedeven"><td><a href="#m19">VerifyExistingAcctErrorMsgTest</a></td><td rowspan="1">1518811459572</td><td rowspan="1">2072</td></tr><tr class="passedeven"><td><a href="#m20">VerifyInvalidEmailErrorMsgTest</a></td><td rowspan="1">1518811471129</td><td rowspan="1">2098</td></tr><tr class="passedeven"><td><a href="#m21">VerifyPwdMatchErrorMsgTest</a></td><td rowspan="1">1518811484282</td><td rowspan="1">2096</td></tr><tr class="passedeven"><td><a href="#m22">verifyExistingUserBtnTest</a></td><td rowspan="1">1518811414305</td><td rowspan="1">63</td></tr><tr class="passedeven"><td><a href="#m23">verifyRegisterNameTest</a></td><td rowspan="1">1518811403499</td><td rowspan="1">110</td></tr></tbody>
<tbody id="t3"><tr><th colspan="4">DashBoardPageTest &#8212; failed</th></tr><tr class="failedeven"><td rowspan="1">com.JusDone.qa.TestCases.DashBoardPageTest</td><td><a href="#m24">ClickCreateNewTaskLinkTest</a></td><td rowspan="1">1518811896848</td><td rowspan="1">15</td></tr><tr><th colspan="4">DashBoardPageTest &#8212; passed</th></tr><tr class="passedeven"><td rowspan="18">com.JusDone.qa.TestCases.DashBoardPageTest</td><td><a href="#m25">ClickLogOutBtn</a></td><td rowspan="1">1518811948269</td><td rowspan="1">816</td></tr><tr class="passedeven"><td><a href="#m26">ClickTaskBtnTest</a></td><td rowspan="1">1518811919234</td><td rowspan="1">6404</td></tr><tr class="passedeven"><td><a href="#m27">CreateTeamBtnTest</a></td><td rowspan="1">1518811867829</td><td rowspan="1">7447</td></tr><tr class="passedeven"><td><a href="#m28">verifyBellBtnTest</a></td><td rowspan="1">1518811805404</td><td rowspan="1">16</td></tr><tr class="passedeven"><td><a href="#m29">verifyCreateNewTaskLinkTest</a></td><td rowspan="1">1518811848232</td><td rowspan="1">15</td></tr><tr class="passedeven"><td><a href="#m30">verifyCreateNewTeamBtnTest</a></td><td rowspan="1">1518811785476</td><td rowspan="1">32</td></tr><tr class="passedeven"><td><a href="#m31">verifyDashBoardBtnTest</a></td><td rowspan="1">1518811641069</td><td rowspan="1">15</td></tr><tr class="passedeven"><td><a href="#m32">verifyInvitesBtnTest</a></td><td rowspan="1">1518811715209</td><td rowspan="1">16</td></tr><tr class="passedeven"><td><a href="#m33">verifyJusDoneImageTest</a></td><td rowspan="1">1518811530849</td><td rowspan="1">6039</td></tr><tr class="passedeven"><td><a href="#m34">verifyLogOutBtnTest</a></td><td rowspan="1">1518811826442</td><td rowspan="1">15</td></tr><tr class="passedeven"><td><a href="#m35">verifyMenuBarTest</a></td><td rowspan="1">1518811762891</td><td rowspan="1">32</td></tr><tr class="passedeven"><td><a href="#m36">verifySearchBoxTest</a></td><td rowspan="1">1518811600002</td><td rowspan="1">32</td></tr><tr class="passedeven"><td><a href="#m37">verifySettingsBtnTest</a></td><td rowspan="1">1518811739229</td><td rowspan="1">32</td></tr><tr class="passedeven"><td><a href="#m38">verifyTaskBtnTest</a></td><td rowspan="1">1518811689334</td><td rowspan="1">16</td></tr><tr class="passedeven"><td><a href="#m39">verifyTeamLabelTest</a></td><td rowspan="1">1518811579217</td><td rowspan="1">32</td></tr><tr class="passedeven"><td><a href="#m40">verifyTeamNameLabelTest</a></td><td rowspan="1">1518811620051</td><td rowspan="1">62</td></tr><tr class="passedeven"><td><a href="#m41">verifyTeamsBtnTest</a></td><td rowspan="1">1518811663513</td><td rowspan="1">15</td></tr><tr class="passedeven"><td><a href="#m42">verifyUserNameTest</a></td><td rowspan="1">1518811557692</td><td rowspan="1">15</td></tr></tbody>
<tbody id="t4"><tr><th colspan="4">TaskPageTest &#8212; passed</th></tr><tr class="passedeven"><td rowspan="4">com.JusDone.qa.TestCases.TaskPageTest</td><td><a href="#m43">ClickCreateNewTaskLinkTest</a></td><td rowspan="1">1518812060823</td><td rowspan="1">4427</td></tr><tr class="passedeven"><td><a href="#m44">verifyCreateNewTaskLinkTest</a></td><td rowspan="1">1518811975489</td><td rowspan="1">3053</td></tr><tr class="passedeven"><td><a href="#m45">verifyMembersLinkTest</a></td><td rowspan="1">1518812004713</td><td rowspan="1">46</td></tr><tr class="passedeven"><td><a href="#m46">verifySettingsLinkTest</a></td><td rowspan="1">1518812034661</td><td rowspan="1">31</td></tr></tbody>
</table>
<h2>LoginTest</h2><h3 id="m0">com.JusDone.qa.TestCases.LoginPageTest#verifyLRememberMeTest</h3><table class="result"><tr><th>Exception</th></tr><tr><td><div class="stacktrace">java.lang.AssertionError: expected [true] but found [false]
	at com.JusDone.qa.TestCases.LoginPageTest.verifyLRememberMeTest(LoginPageTest.java:62)
... Removed 29 stack frames</div></td></tr></table><p class="totop"><a href="#summary">back to summary</a></p>
<h3 id="m1">com.JusDone.qa.TestCases.LoginPageTest#BlankInputLoginTest</h3><table class="result"><tr><th class="invisible"/></tr></table><p class="totop"><a href="#summary">back to summary</a></p>
<h3 id="m2">com.JusDone.qa.TestCases.LoginPageTest#InvalidLoginTest</h3><table class="result"><tr><th class="invisible"/></tr></table><p class="totop"><a href="#summary">back to summary</a></p>
<h3 id="m3">com.JusDone.qa.TestCases.LoginPageTest#ValidLoginTest</h3><table class="result"><tr><th class="invisible"/></tr></table><p class="totop"><a href="#summary">back to summary</a></p>
<h3 id="m4">com.JusDone.qa.TestCases.LoginPageTest#verifyLCreateAcctBtnTest</h3><table class="result"><tr><th class="invisible"/></tr></table><p class="totop"><a href="#summary">back to summary</a></p>
<h3 id="m5">com.JusDone.qa.TestCases.LoginPageTest#verifyLForgotPwdTest</h3><table class="result"><tr><th class="invisible"/></tr></table><p class="totop"><a href="#summary">back to summary</a></p>
<h3 id="m6">com.JusDone.qa.TestCases.LoginPageTest#verifyLoginBtnTest</h3><table class="result"><tr><th class="invisible"/></tr></table><p class="totop"><a href="#summary">back to summary</a></p>
<h3 id="m7">com.JusDone.qa.TestCases.LoginPageTest#verifyLoginNameTest</h3><table class="result"><tr><th class="invisible"/></tr></table><p class="totop"><a href="#summary">back to summary</a></p>
<h2>HomepageTest</h2><h3 id="m8">com.JusDone.qa.TestCases.HomePageTest#ClickLoginBtnTest</h3><table class="result"><tr><th class="invisible"/></tr></table><p class="totop"><a href="#summary">back to summary</a></p>
<h3 id="m9">com.JusDone.qa.TestCases.HomePageTest#ClickOnSignupLogoTest</h3><table class="result"><tr><th class="invisible"/></tr></table><p class="totop"><a href="#summary">back to summary</a></p>
<h3 id="m10">com.JusDone.qa.TestCases.HomePageTest#verifyAboutUsLogoTest</h3><table class="result"><tr><th class="invisible"/></tr></table><p class="totop"><a href="#summary">back to summary</a></p>
<h3 id="m11">com.JusDone.qa.TestCases.HomePageTest#verifyContactUsLogoTest</h3><table class="result"><tr><th class="invisible"/></tr></table><p class="totop"><a href="#summary">back to summary</a></p>
<h3 id="m12">com.JusDone.qa.TestCases.HomePageTest#verifyHomePageTitleTest</h3><table class="result"><tr><th class="invisible"/></tr></table><p class="totop"><a href="#summary">back to summary</a></p>
<h3 id="m13">com.JusDone.qa.TestCases.HomePageTest#verifyJusDoneLogoTest</h3><table class="result"><tr><th class="invisible"/></tr></table><p class="totop"><a href="#summary">back to summary</a></p>
<h3 id="m14">com.JusDone.qa.TestCases.HomePageTest#verifyLoginLogoTest</h3><table class="result"><tr><th class="invisible"/></tr></table><p class="totop"><a href="#summary">back to summary</a></p>
<h3 id="m15">com.JusDone.qa.TestCases.HomePageTest#verifySignUpLogoTest</h3><table class="result"><tr><th class="invisible"/></tr></table><p class="totop"><a href="#summary">back to summary</a></p>
<h2>RegisterPageTest</h2><h3 id="m16">com.JusDone.qa.TestCases.RegisterPageTest#VerifyValidAcctNameMsgTest</h3><table class="result"><tr class="param"><th>Parameter #1</th><th>Parameter #2</th><th>Parameter #3</th><th>Parameter #4</th></tr><tr class="param stripe"><td>sv7</td><td>siri@gmail.com</td><td>Test123</td><td>Test123</td></tr><tr><th colspan="4">Exception</th></tr><tr><td colspan="4"><div class="stacktrace">org.openqa.selenium.NoSuchElementException: Unable to locate element: /html/body/div/div[1]/div/nav/div/p[1]
For documentation on this error, please visit: http://seleniumhq.org/exceptions/no_such_element.html
Build info: version: &apos;3.7.1&apos;, revision: &apos;8a0099a&apos;, time: &apos;2017-11-06T21:01:39.354Z&apos;
System info: host: &apos;NALLANS-NEWPC&apos;, ip: &apos;192.168.186.1&apos;, os.name: &apos;Windows 10&apos;, os.arch: &apos;amd64&apos;, os.version: &apos;10.0&apos;, java.version: &apos;1.8.0_151&apos;
Driver info: org.openqa.selenium.firefox.FirefoxDriver
Capabilities {acceptInsecureCerts: true, browserName: firefox, browserVersion: 56.0, javascriptEnabled: true, moz:accessibilityChecks: false, moz:headless: false, moz:processID: 15744, moz:profile: C:\Users\venka\AppData\Loca..., pageLoadStrategy: normal, platform: XP, platformName: XP, platformVersion: 10.0, rotatable: false, specificationLevel: 0, timeouts: {implicit: 0, pageLoad: 300000, script: 30000}}
Session ID: 698ecb18-578a-40d3-8f6e-8da8de9b66fc
*** Element info: {Using=xpath, value=/html/body/div/div[1]/div/nav/div/p[1]}
	at org.openqa.selenium.remote.http.W3CHttpResponseCodec.createException(W3CHttpResponseCodec.java:187)
	at org.openqa.selenium.remote.http.W3CHttpResponseCodec.decode(W3CHttpResponseCodec.java:122)
	at org.openqa.selenium.remote.http.W3CHttpResponseCodec.decode(W3CHttpResponseCodec.java:49)
	at org.openqa.selenium.remote.HttpCommandExecutor.execute(HttpCommandExecutor.java:164)
	at org.openqa.selenium.remote.service.DriverCommandExecutor.execute(DriverCommandExecutor.java:83)
	at org.openqa.selenium.remote.RemoteWebDriver.execute(RemoteWebDriver.java:600)
	at org.openqa.selenium.remote.RemoteWebDriver.findElement(RemoteWebDriver.java:370)
	at org.openqa.selenium.remote.RemoteWebDriver.findElementByXPath(RemoteWebDriver.java:472)
	at org.openqa.selenium.By$ByXPath.findElement(By.java:361)
	at org.openqa.selenium.remote.RemoteWebDriver.findElement(RemoteWebDriver.java:362)
	at org.openqa.selenium.support.pagefactory.DefaultElementLocator.findElement(DefaultElementLocator.java:69)
	at org.openqa.selenium.support.pagefactory.internal.LocatingElementHandler.invoke(LocatingElementHandler.java:38)
	at com.sun.proxy.$Proxy12.getWrappedElement(Unknown Source)
	at org.openqa.selenium.remote.internal.WebElementToJsonConverter.apply(WebElementToJsonConverter.java:51)
	at com.google.common.collect.Iterators$6.transform(Iterators.java:820)
	at com.google.common.collect.TransformedIterator.next(TransformedIterator.java:48)
	at com.google.common.collect.Iterators.addAll(Iterators.java:373)
	at com.google.common.collect.Lists.newArrayList(Lists.java:165)
	at com.google.common.collect.Lists.newArrayList(Lists.java:150)
	at org.openqa.selenium.remote.RemoteWebDriver.executeScript(RemoteWebDriver.java:534)
	at com.JusDone.qa.Pages.RegisterPage.VerifyValidAcctNameMsg(RegisterPage.java:104)
	at com.JusDone.qa.TestCases.RegisterPageTest.VerifyValidAcctNameMsgTest(RegisterPageTest.java:73)
... Removed 29 stack frames</div></td></tr></table><p class="totop"><a href="#summary">back to summary</a></p>
<h3 id="m17">com.JusDone.qa.TestCases.RegisterPageTest#ClickSignInButtonTest</h3><table class="result"><tr><th class="invisible"/></tr></table><p class="totop"><a href="#summary">back to summary</a></p>
<h3 id="m18">com.JusDone.qa.TestCases.RegisterPageTest#VerifyBlankErrorMsgTest</h3><table class="result"><tr class="param"><th>Parameter #1</th><th>Parameter #2</th><th>Parameter #3</th><th>Parameter #4</th></tr><tr class="param stripe"><td>svsv</td><td></td><td>Test123</td><td>Test123</td></tr></table><p class="totop"><a href="#summary">back to summary</a></p>
<h3 id="m19">com.JusDone.qa.TestCases.RegisterPageTest#VerifyExistingAcctErrorMsgTest</h3><table class="result"><tr class="param"><th>Parameter #1</th><th>Parameter #2</th><th>Parameter #3</th><th>Parameter #4</th></tr><tr class="param stripe"><td>ab12</td><td>ab12@gmail.com</td><td>Test123</td><td>Test123</td></tr></table><p class="totop"><a href="#summary">back to summary</a></p>
<h3 id="m20">com.JusDone.qa.TestCases.RegisterPageTest#VerifyInvalidEmailErrorMsgTest</h3><table class="result"><tr class="param"><th>Parameter #1</th><th>Parameter #2</th><th>Parameter #3</th><th>Parameter #4</th></tr><tr class="param stripe"><td>sr123</td><td>sr123@123</td><td>Test123</td><td>Test123</td></tr></table><p class="totop"><a href="#summary">back to summary</a></p>
<h3 id="m21">com.JusDone.qa.TestCases.RegisterPageTest#VerifyPwdMatchErrorMsgTest</h3><table class="result"><tr class="param"><th>Parameter #1</th><th>Parameter #2</th><th>Parameter #3</th><th>Parameter #4</th></tr><tr class="param stripe"><td>sri123</td><td>sri123@gmail.com</td><td>Test123</td><td>Tes123</td></tr></table><p class="totop"><a href="#summary">back to summary</a></p>
<h3 id="m22">com.JusDone.qa.TestCases.RegisterPageTest#verifyExistingUserBtnTest</h3><table class="result"><tr><th class="invisible"/></tr></table><p class="totop"><a href="#summary">back to summary</a></p>
<h3 id="m23">com.JusDone.qa.TestCases.RegisterPageTest#verifyRegisterNameTest</h3><table class="result"><tr><th class="invisible"/></tr></table><p class="totop"><a href="#summary">back to summary</a></p>
<h2>DashBoardPageTest</h2><h3 id="m24">com.JusDone.qa.TestCases.DashBoardPageTest#ClickCreateNewTaskLinkTest</h3><table class="result"><tr><th>Exception</th></tr><tr><td><div class="stacktrace">org.openqa.selenium.ElementNotInteractableException: 
Build info: version: &apos;3.7.1&apos;, revision: &apos;8a0099a&apos;, time: &apos;2017-11-06T21:01:39.354Z&apos;
System info: host: &apos;NALLANS-NEWPC&apos;, ip: &apos;192.168.186.1&apos;, os.name: &apos;Windows 10&apos;, os.arch: &apos;amd64&apos;, os.version: &apos;10.0&apos;, java.version: &apos;1.8.0_151&apos;
Driver info: org.openqa.selenium.firefox.FirefoxDriver
Capabilities {acceptInsecureCerts: true, browserName: firefox, browserVersion: 56.0, javascriptEnabled: true, moz:accessibilityChecks: false, moz:headless: false, moz:processID: 13104, moz:profile: C:\Users\venka\AppData\Loca..., pageLoadStrategy: normal, platform: XP, platformName: XP, platformVersion: 10.0, rotatable: false, specificationLevel: 0, timeouts: {implicit: 0, pageLoad: 300000, script: 30000}}
Session ID: ad227215-401d-4247-babd-ee07e24b2dbc
	at org.openqa.selenium.remote.http.W3CHttpResponseCodec.createException(W3CHttpResponseCodec.java:187)
	at org.openqa.selenium.remote.http.W3CHttpResponseCodec.decode(W3CHttpResponseCodec.java:122)
	at org.openqa.selenium.remote.http.W3CHttpResponseCodec.decode(W3CHttpResponseCodec.java:49)
	at org.openqa.selenium.remote.HttpCommandExecutor.execute(HttpCommandExecutor.java:164)
	at org.openqa.selenium.remote.service.DriverCommandExecutor.execute(DriverCommandExecutor.java:83)
	at org.openqa.selenium.remote.RemoteWebDriver.execute(RemoteWebDriver.java:600)
	at org.openqa.selenium.remote.RemoteWebElement.execute(RemoteWebElement.java:279)
	at org.openqa.selenium.remote.RemoteWebElement.click(RemoteWebElement.java:83)
	at org.openqa.selenium.support.pagefactory.internal.LocatingElementHandler.invoke(LocatingElementHandler.java:51)
	at com.sun.proxy.$Proxy12.click(Unknown Source)
	at com.JusDone.qa.Pages.DashBoardPage.ClickCreateNewTaskLink(DashBoardPage.java:173)
	at com.JusDone.qa.TestCases.DashBoardPageTest.ClickCreateNewTaskLinkTest(DashBoardPageTest.java:184)
... Removed 32 stack frames</div></td></tr></table><p class="totop"><a href="#summary">back to summary</a></p>
<h3 id="m25">com.JusDone.qa.TestCases.DashBoardPageTest#ClickLogOutBtn</h3><table class="result"><tr><th class="invisible"/></tr></table><p class="totop"><a href="#summary">back to summary</a></p>
<h3 id="m26">com.JusDone.qa.TestCases.DashBoardPageTest#ClickTaskBtnTest</h3><table class="result"><tr><th class="invisible"/></tr></table><p class="totop"><a href="#summary">back to summary</a></p>
<h3 id="m27">com.JusDone.qa.TestCases.DashBoardPageTest#CreateTeamBtnTest</h3><table class="result"><tr><th class="invisible"/></tr></table><p class="totop"><a href="#summary">back to summary</a></p>
<h3 id="m28">com.JusDone.qa.TestCases.DashBoardPageTest#verifyBellBtnTest</h3><table class="result"><tr><th class="invisible"/></tr></table><p class="totop"><a href="#summary">back to summary</a></p>
<h3 id="m29">com.JusDone.qa.TestCases.DashBoardPageTest#verifyCreateNewTaskLinkTest</h3><table class="result"><tr><th class="invisible"/></tr></table><p class="totop"><a href="#summary">back to summary</a></p>
<h3 id="m30">com.JusDone.qa.TestCases.DashBoardPageTest#verifyCreateNewTeamBtnTest</h3><table class="result"><tr><th class="invisible"/></tr></table><p class="totop"><a href="#summary">back to summary</a></p>
<h3 id="m31">com.JusDone.qa.TestCases.DashBoardPageTest#verifyDashBoardBtnTest</h3><table class="result"><tr><th class="invisible"/></tr></table><p class="totop"><a href="#summary">back to summary</a></p>
<h3 id="m32">com.JusDone.qa.TestCases.DashBoardPageTest#verifyInvitesBtnTest</h3><table class="result"><tr><th class="invisible"/></tr></table><p class="totop"><a href="#summary">back to summary</a></p>
<h3 id="m33">com.JusDone.qa.TestCases.DashBoardPageTest#verifyJusDoneImageTest</h3><table class="result"><tr><th class="invisible"/></tr></table><p class="totop"><a href="#summary">back to summary</a></p>
<h3 id="m34">com.JusDone.qa.TestCases.DashBoardPageTest#verifyLogOutBtnTest</h3><table class="result"><tr><th class="invisible"/></tr></table><p class="totop"><a href="#summary">back to summary</a></p>
<h3 id="m35">com.JusDone.qa.TestCases.DashBoardPageTest#verifyMenuBarTest</h3><table class="result"><tr><th class="invisible"/></tr></table><p class="totop"><a href="#summary">back to summary</a></p>
<h3 id="m36">com.JusDone.qa.TestCases.DashBoardPageTest#verifySearchBoxTest</h3><table class="result"><tr><th class="invisible"/></tr></table><p class="totop"><a href="#summary">back to summary</a></p>
<h3 id="m37">com.JusDone.qa.TestCases.DashBoardPageTest#verifySettingsBtnTest</h3><table class="result"><tr><th class="invisible"/></tr></table><p class="totop"><a href="#summary">back to summary</a></p>
<h3 id="m38">com.JusDone.qa.TestCases.DashBoardPageTest#verifyTaskBtnTest</h3><table class="result"><tr><th class="invisible"/></tr></table><p class="totop"><a href="#summary">back to summary</a></p>
<h3 id="m39">com.JusDone.qa.TestCases.DashBoardPageTest#verifyTeamLabelTest</h3><table class="result"><tr><th class="invisible"/></tr></table><p class="totop"><a href="#summary">back to summary</a></p>
<h3 id="m40">com.JusDone.qa.TestCases.DashBoardPageTest#verifyTeamNameLabelTest</h3><table class="result"><tr><th class="invisible"/></tr></table><p class="totop"><a href="#summary">back to summary</a></p>
<h3 id="m41">com.JusDone.qa.TestCases.DashBoardPageTest#verifyTeamsBtnTest</h3><table class="result"><tr><th class="invisible"/></tr></table><p class="totop"><a href="#summary">back to summary</a></p>
<h3 id="m42">com.JusDone.qa.TestCases.DashBoardPageTest#verifyUserNameTest</h3><table class="result"><tr><th class="invisible"/></tr></table><p class="totop"><a href="#summary">back to summary</a></p>
<h2>TaskPageTest</h2><h3 id="m43">com.JusDone.qa.TestCases.TaskPageTest#ClickCreateNewTaskLinkTest</h3><table class="result"><tr><th class="invisible"/></tr></table><p class="totop"><a href="#summary">back to summary</a></p>
<h3 id="m44">com.JusDone.qa.TestCases.TaskPageTest#verifyCreateNewTaskLinkTest</h3><table class="result"><tr><th class="invisible"/></tr></table><p class="totop"><a href="#summary">back to summary</a></p>
<h3 id="m45">com.JusDone.qa.TestCases.TaskPageTest#verifyMembersLinkTest</h3><table class="result"><tr><th class="invisible"/></tr></table><p class="totop"><a href="#summary">back to summary</a></p>
<h3 id="m46">com.JusDone.qa.TestCases.TaskPageTest#verifySettingsLinkTest</h3><table class="result"><tr><th class="invisible"/></tr></table><p class="totop"><a href="#summary">back to summary</a></p>
</body>
</html>
