<!DOCTYPE html>

<html>
  <head>
  <meta charset='utf-8'>
  <title>TestNG reports</title>

    <link type="text/css" href="testng-reports.css" rel="stylesheet" />
    <script type="text/javascript" src="jquery-1.7.1.min.js"></script>
    <script type="text/javascript" src="testng-reports.js"></script>
    <script type="text/javascript" src="https://www.google.com/jsapi"></script>
    <script type='text/javascript'>
      google.load('visualization', '1', {packages:['table']});
      google.setOnLoadCallback(drawTable);
      var suiteTableInitFunctions = new Array();
      var suiteTableData = new Array();
    </script>
    <!--
      <script type="text/javascript" src="jquery-ui/js/jquery-ui-1.8.16.custom.min.js"></script>
     -->
  </head>

  <body>
    <div class="top-banner-root">
      <span class="top-banner-title-font">Test results</span>
      <br/>
      <span class="top-banner-font-1">1 suite, 3 failed tests</span>
    </div> <!-- top-banner-root -->
    <div class="navigator-root">
      <div class="navigator-suite-header">
        <span>All suites</span>
        <a href="#" class="collapse-all-link" title="Collapse/expand all the suites">
          <img class="collapse-all-icon" src="collapseall.gif">
          </img> <!-- collapse-all-icon -->
        </a> <!-- collapse-all-link -->
      </div> <!-- navigator-suite-header -->
      <div class="suite">
        <div class="rounded-window">
          <div class="suite-header light-rounded-window-top">
            <a href="#" class="navigator-link" panel-name="suite-JusDone_Application_Test_Automation_Test_Suite">
              <span class="suite-name border-failed">JusDone Application Test Automation Test Suite</span>
            </a> <!-- navigator-link -->
          </div> <!-- suite-header light-rounded-window-top -->
          <div class="navigator-suite-content">
            <div class="suite-section-title">
              <span>Info</span>
            </div> <!-- suite-section-title -->
            <div class="suite-section-content">
              <ul>
                <li>
                  <a href="#" class="navigator-link " panel-name="test-xml-JusDone_Application_Test_Automation_Test_Suite">
                    <span>C:\Selenium Jar Files\JusDone_App\testng.xml</span>
                  </a> <!-- navigator-link  -->
                </li>
                <li>
                  <a href="#" class="navigator-link " panel-name="testlist-JusDone_Application_Test_Automation_Test_Suite">
                    <span class="test-stats">5 tests</span>
                  </a> <!-- navigator-link  -->
                </li>
                <li>
                  <a href="#" class="navigator-link " panel-name="group-JusDone_Application_Test_Automation_Test_Suite">
                    <span>0 groups</span>
                  </a> <!-- navigator-link  -->
                </li>
                <li>
                  <a href="#" class="navigator-link " panel-name="times-JusDone_Application_Test_Automation_Test_Suite">
                    <span>Times</span>
                  </a> <!-- navigator-link  -->
                </li>
                <li>
                  <a href="#" class="navigator-link " panel-name="reporter-JusDone_Application_Test_Automation_Test_Suite">
                    <span>Reporter output</span>
                  </a> <!-- navigator-link  -->
                </li>
                <li>
                  <a href="#" class="navigator-link " panel-name="ignored-methods-JusDone_Application_Test_Automation_Test_Suite">
                    <span>Ignored methods</span>
                  </a> <!-- navigator-link  -->
                </li>
                <li>
                  <a href="#" class="navigator-link " panel-name="chronological-JusDone_Application_Test_Automation_Test_Suite">
                    <span>Chronological view</span>
                  </a> <!-- navigator-link  -->
                </li>
              </ul>
            </div> <!-- suite-section-content -->
            <div class="result-section">
              <div class="suite-section-title">
                <span>Results</span>
              </div> <!-- suite-section-title -->
              <div class="suite-section-content">
                <ul>
                  <li>
                    <span class="method-stats">47 methods, 3 failed,   44 passed</span>
                  </li>
                  <li>
                    <span class="method-list-title failed">Failed methods</span>
                    <span class="show-or-hide-methods failed">
                      <a href="#" panel-name="suite-JusDone_Application_Test_Automation_Test_Suite" class="hide-methods failed suite-JusDone_Application_Test_Automation_Test_Suite"> (hide)</a> <!-- hide-methods failed suite-JusDone_Application_Test_Automation_Test_Suite -->
                      <a href="#" panel-name="suite-JusDone_Application_Test_Automation_Test_Suite" class="show-methods failed suite-JusDone_Application_Test_Automation_Test_Suite"> (show)</a> <!-- show-methods failed suite-JusDone_Application_Test_Automation_Test_Suite -->
                    </span>
                    <div class="method-list-content failed suite-JusDone_Application_Test_Automation_Test_Suite">
                      <span>
                        <img width="3%" src="failed.png"/>
                        <a href="#" class="method navigator-link" panel-name="suite-JusDone_Application_Test_Automation_Test_Suite" title="com.JusDone.qa.TestCases.DashBoardPageTest" hash-for-method="ClickCreateNewTaskLinkTest">ClickCreateNewTaskLinkTest</a> <!-- method navigator-link -->
                      </span>
                      <br/>
                      <span>
                        <img width="3%" src="failed.png"/>
                        <a href="#" class="method navigator-link" panel-name="suite-JusDone_Application_Test_Automation_Test_Suite" title="com.JusDone.qa.TestCases.RegisterPageTest" hash-for-method="VerifyValidAcctNameMsgTest(sv7, siri@gmail.com, Test123, Test123)">VerifyValidAcctNameMsgTest(sv7, siri@gmail.com, Test123, Test123)</a> <!-- method navigator-link -->
                      </span>
                      <br/>
                      <span>
                        <img width="3%" src="failed.png"/>
                        <a href="#" class="method navigator-link" panel-name="suite-JusDone_Application_Test_Automation_Test_Suite" title="com.JusDone.qa.TestCases.LoginPageTest" hash-for-method="verifyLRememberMeTest">verifyLRememberMeTest</a> <!-- method navigator-link -->
                      </span>
                      <br/>
                    </div> <!-- method-list-content failed suite-JusDone_Application_Test_Automation_Test_Suite -->
                  </li>
                  <li>
                    <span class="method-list-title passed">Passed methods</span>
                    <span class="show-or-hide-methods passed">
                      <a href="#" panel-name="suite-JusDone_Application_Test_Automation_Test_Suite" class="hide-methods passed suite-JusDone_Application_Test_Automation_Test_Suite"> (hide)</a> <!-- hide-methods passed suite-JusDone_Application_Test_Automation_Test_Suite -->
                      <a href="#" panel-name="suite-JusDone_Application_Test_Automation_Test_Suite" class="show-methods passed suite-JusDone_Application_Test_Automation_Test_Suite"> (show)</a> <!-- show-methods passed suite-JusDone_Application_Test_Automation_Test_Suite -->
                    </span>
                    <div class="method-list-content passed suite-JusDone_Application_Test_Automation_Test_Suite">
                      <span>
                        <img width="3%" src="passed.png"/>
                        <a href="#" class="method navigator-link" panel-name="suite-JusDone_Application_Test_Automation_Test_Suite" title="com.JusDone.qa.TestCases.LoginPageTest" hash-for-method="BlankInputLoginTest">BlankInputLoginTest</a> <!-- method navigator-link -->
                      </span>
                      <br/>
                      <span>
                        <img width="3%" src="passed.png"/>
                        <a href="#" class="method navigator-link" panel-name="suite-JusDone_Application_Test_Automation_Test_Suite" title="com.JusDone.qa.TestCases.TaskPageTest" hash-for-method="ClickCreateNewTaskLinkTest">ClickCreateNewTaskLinkTest</a> <!-- method navigator-link -->
                      </span>
                      <br/>
                      <span>
                        <img width="3%" src="passed.png"/>
                        <a href="#" class="method navigator-link" panel-name="suite-JusDone_Application_Test_Automation_Test_Suite" title="com.JusDone.qa.TestCases.DashBoardPageTest" hash-for-method="ClickLogOutBtn">ClickLogOutBtn</a> <!-- method navigator-link -->
                      </span>
                      <br/>
                      <span>
                        <img width="3%" src="passed.png"/>
                        <a href="#" class="method navigator-link" panel-name="suite-JusDone_Application_Test_Automation_Test_Suite" title="com.JusDone.qa.TestCases.HomePageTest" hash-for-method="ClickLoginBtnTest">ClickLoginBtnTest</a> <!-- method navigator-link -->
                      </span>
                      <br/>
                      <span>
                        <img width="3%" src="passed.png"/>
                        <a href="#" class="method navigator-link" panel-name="suite-JusDone_Application_Test_Automation_Test_Suite" title="com.JusDone.qa.TestCases.HomePageTest" hash-for-method="ClickOnSignupLogoTest">ClickOnSignupLogoTest</a> <!-- method navigator-link -->
                      </span>
                      <br/>
                      <span>
                        <img width="3%" src="passed.png"/>
                        <a href="#" class="method navigator-link" panel-name="suite-JusDone_Application_Test_Automation_Test_Suite" title="com.JusDone.qa.TestCases.RegisterPageTest" hash-for-method="ClickSignInButtonTest">ClickSignInButtonTest</a> <!-- method navigator-link -->
                      </span>
                      <br/>
                      <span>
                        <img width="3%" src="passed.png"/>
                        <a href="#" class="method navigator-link" panel-name="suite-JusDone_Application_Test_Automation_Test_Suite" title="com.JusDone.qa.TestCases.DashBoardPageTest" hash-for-method="ClickTaskBtnTest">ClickTaskBtnTest</a> <!-- method navigator-link -->
                      </span>
                      <br/>
                      <span>
                        <img width="3%" src="passed.png"/>
                        <a href="#" class="method navigator-link" panel-name="suite-JusDone_Application_Test_Automation_Test_Suite" title="com.JusDone.qa.TestCases.DashBoardPageTest" hash-for-method="CreateTeamBtnTest">CreateTeamBtnTest</a> <!-- method navigator-link -->
                      </span>
                      <br/>
                      <span>
                        <img width="3%" src="passed.png"/>
                        <a href="#" class="method navigator-link" panel-name="suite-JusDone_Application_Test_Automation_Test_Suite" title="com.JusDone.qa.TestCases.LoginPageTest" hash-for-method="InvalidLoginTest">InvalidLoginTest</a> <!-- method navigator-link -->
                      </span>
                      <br/>
                      <span>
                        <img width="3%" src="passed.png"/>
                        <a href="#" class="method navigator-link" panel-name="suite-JusDone_Application_Test_Automation_Test_Suite" title="com.JusDone.qa.TestCases.LoginPageTest" hash-for-method="ValidLoginTest">ValidLoginTest</a> <!-- method navigator-link -->
                      </span>
                      <br/>
                      <span>
                        <img width="3%" src="passed.png"/>
                        <a href="#" class="method navigator-link" panel-name="suite-JusDone_Application_Test_Automation_Test_Suite" title="com.JusDone.qa.TestCases.RegisterPageTest" hash-for-method="VerifyBlankErrorMsgTest(svsv, , Test123, Test123)">VerifyBlankErrorMsgTest(svsv, , Test123, Test123)</a> <!-- method navigator-link -->
                      </span>
                      <br/>
                      <span>
                        <img width="3%" src="passed.png"/>
                        <a href="#" class="method navigator-link" panel-name="suite-JusDone_Application_Test_Automation_Test_Suite" title="com.JusDone.qa.TestCases.RegisterPageTest" hash-for-method="VerifyExistingAcctErrorMsgTest(ab12, ab12@gmail.com, Test123, Test123)">VerifyExistingAcctErrorMsgTest(ab12, ab12@gmail.com, Test123, Test123)</a> <!-- method navigator-link -->
                      </span>
                      <br/>
                      <span>
                        <img width="3%" src="passed.png"/>
                        <a href="#" class="method navigator-link" panel-name="suite-JusDone_Application_Test_Automation_Test_Suite" title="com.JusDone.qa.TestCases.RegisterPageTest" hash-for-method="VerifyInvalidEmailErrorMsgTest(sr123, sr123@123, Test123, Test123)">VerifyInvalidEmailErrorMsgTest(sr123, sr123@123, Test123, Test123)</a> <!-- method navigator-link -->
                      </span>
                      <br/>
                      <span>
                        <img width="3%" src="passed.png"/>
                        <a href="#" class="method navigator-link" panel-name="suite-JusDone_Application_Test_Automation_Test_Suite" title="com.JusDone.qa.TestCases.RegisterPageTest" hash-for-method="VerifyPwdMatchErrorMsgTest(sri123, sri123@gmail.com, Test123, Tes123)">VerifyPwdMatchErrorMsgTest(sri123, sri123@gmail.com, Test123, Tes123)</a> <!-- method navigator-link -->
                      </span>
                      <br/>
                      <span>
                        <img width="3%" src="passed.png"/>
                        <a href="#" class="method navigator-link" panel-name="suite-JusDone_Application_Test_Automation_Test_Suite" title="com.JusDone.qa.TestCases.HomePageTest" hash-for-method="verifyAboutUsLogoTest">verifyAboutUsLogoTest</a> <!-- method navigator-link -->
                      </span>
                      <br/>
                      <span>
                        <img width="3%" src="passed.png"/>
                        <a href="#" class="method navigator-link" panel-name="suite-JusDone_Application_Test_Automation_Test_Suite" title="com.JusDone.qa.TestCases.DashBoardPageTest" hash-for-method="verifyBellBtnTest">verifyBellBtnTest</a> <!-- method navigator-link -->
                      </span>
                      <br/>
                      <span>
                        <img width="3%" src="passed.png"/>
                        <a href="#" class="method navigator-link" panel-name="suite-JusDone_Application_Test_Automation_Test_Suite" title="com.JusDone.qa.TestCases.HomePageTest" hash-for-method="verifyContactUsLogoTest">verifyContactUsLogoTest</a> <!-- method navigator-link -->
                      </span>
                      <br/>
                      <span>
                        <img width="3%" src="passed.png"/>
                        <a href="#" class="method navigator-link" panel-name="suite-JusDone_Application_Test_Automation_Test_Suite" title="com.JusDone.qa.TestCases.DashBoardPageTest" hash-for-method="verifyCreateNewTaskLinkTest">verifyCreateNewTaskLinkTest</a> <!-- method navigator-link -->
                      </span>
                      <br/>
                      <span>
                        <img width="3%" src="passed.png"/>
                        <a href="#" class="method navigator-link" panel-name="suite-JusDone_Application_Test_Automation_Test_Suite" title="com.JusDone.qa.TestCases.TaskPageTest" hash-for-method="verifyCreateNewTaskLinkTest">verifyCreateNewTaskLinkTest</a> <!-- method navigator-link -->
                      </span>
                      <br/>
                      <span>
                        <img width="3%" src="passed.png"/>
                        <a href="#" class="method navigator-link" panel-name="suite-JusDone_Application_Test_Automation_Test_Suite" title="com.JusDone.qa.TestCases.DashBoardPageTest" hash-for-method="verifyCreateNewTeamBtnTest">verifyCreateNewTeamBtnTest</a> <!-- method navigator-link -->
                      </span>
                      <br/>
                      <span>
                        <img width="3%" src="passed.png"/>
                        <a href="#" class="method navigator-link" panel-name="suite-JusDone_Application_Test_Automation_Test_Suite" title="com.JusDone.qa.TestCases.DashBoardPageTest" hash-for-method="verifyDashBoardBtnTest">verifyDashBoardBtnTest</a> <!-- method navigator-link -->
                      </span>
                      <br/>
                      <span>
                        <img width="3%" src="passed.png"/>
                        <a href="#" class="method navigator-link" panel-name="suite-JusDone_Application_Test_Automation_Test_Suite" title="com.JusDone.qa.TestCases.RegisterPageTest" hash-for-method="verifyExistingUserBtnTest">verifyExistingUserBtnTest</a> <!-- method navigator-link -->
                      </span>
                      <br/>
                      <span>
                        <img width="3%" src="passed.png"/>
                        <a href="#" class="method navigator-link" panel-name="suite-JusDone_Application_Test_Automation_Test_Suite" title="com.JusDone.qa.TestCases.HomePageTest" hash-for-method="verifyHomePageTitleTest">verifyHomePageTitleTest</a> <!-- method navigator-link -->
                      </span>
                      <br/>
                      <span>
                        <img width="3%" src="passed.png"/>
                        <a href="#" class="method navigator-link" panel-name="suite-JusDone_Application_Test_Automation_Test_Suite" title="com.JusDone.qa.TestCases.DashBoardPageTest" hash-for-method="verifyInvitesBtnTest">verifyInvitesBtnTest</a> <!-- method navigator-link -->
                      </span>
                      <br/>
                      <span>
                        <img width="3%" src="passed.png"/>
                        <a href="#" class="method navigator-link" panel-name="suite-JusDone_Application_Test_Automation_Test_Suite" title="com.JusDone.qa.TestCases.DashBoardPageTest" hash-for-method="verifyJusDoneImageTest">verifyJusDoneImageTest</a> <!-- method navigator-link -->
                      </span>
                      <br/>
                      <span>
                        <img width="3%" src="passed.png"/>
                        <a href="#" class="method navigator-link" panel-name="suite-JusDone_Application_Test_Automation_Test_Suite" title="com.JusDone.qa.TestCases.HomePageTest" hash-for-method="verifyJusDoneLogoTest">verifyJusDoneLogoTest</a> <!-- method navigator-link -->
                      </span>
                      <br/>
                      <span>
                        <img width="3%" src="passed.png"/>
                        <a href="#" class="method navigator-link" panel-name="suite-JusDone_Application_Test_Automation_Test_Suite" title="com.JusDone.qa.TestCases.LoginPageTest" hash-for-method="verifyLCreateAcctBtnTest">verifyLCreateAcctBtnTest</a> <!-- method navigator-link -->
                      </span>
                      <br/>
                      <span>
                        <img width="3%" src="passed.png"/>
                        <a href="#" class="method navigator-link" panel-name="suite-JusDone_Application_Test_Automation_Test_Suite" title="com.JusDone.qa.TestCases.LoginPageTest" hash-for-method="verifyLForgotPwdTest">verifyLForgotPwdTest</a> <!-- method navigator-link -->
                      </span>
                      <br/>
                      <span>
                        <img width="3%" src="passed.png"/>
                        <a href="#" class="method navigator-link" panel-name="suite-JusDone_Application_Test_Automation_Test_Suite" title="com.JusDone.qa.TestCases.DashBoardPageTest" hash-for-method="verifyLogOutBtnTest">verifyLogOutBtnTest</a> <!-- method navigator-link -->
                      </span>
                      <br/>
                      <span>
                        <img width="3%" src="passed.png"/>
                        <a href="#" class="method navigator-link" panel-name="suite-JusDone_Application_Test_Automation_Test_Suite" title="com.JusDone.qa.TestCases.LoginPageTest" hash-for-method="verifyLoginBtnTest">verifyLoginBtnTest</a> <!-- method navigator-link -->
                      </span>
                      <br/>
                      <span>
                        <img width="3%" src="passed.png"/>
                        <a href="#" class="method navigator-link" panel-name="suite-JusDone_Application_Test_Automation_Test_Suite" title="com.JusDone.qa.TestCases.HomePageTest" hash-for-method="verifyLoginLogoTest">verifyLoginLogoTest</a> <!-- method navigator-link -->
                      </span>
                      <br/>
                      <span>
                        <img width="3%" src="passed.png"/>
                        <a href="#" class="method navigator-link" panel-name="suite-JusDone_Application_Test_Automation_Test_Suite" title="com.JusDone.qa.TestCases.LoginPageTest" hash-for-method="verifyLoginNameTest">verifyLoginNameTest</a> <!-- method navigator-link -->
                      </span>
                      <br/>
                      <span>
                        <img width="3%" src="passed.png"/>
                        <a href="#" class="method navigator-link" panel-name="suite-JusDone_Application_Test_Automation_Test_Suite" title="com.JusDone.qa.TestCases.TaskPageTest" hash-for-method="verifyMembersLinkTest">verifyMembersLinkTest</a> <!-- method navigator-link -->
                      </span>
                      <br/>
                      <span>
                        <img width="3%" src="passed.png"/>
                        <a href="#" class="method navigator-link" panel-name="suite-JusDone_Application_Test_Automation_Test_Suite" title="com.JusDone.qa.TestCases.DashBoardPageTest" hash-for-method="verifyMenuBarTest">verifyMenuBarTest</a> <!-- method navigator-link -->
                      </span>
                      <br/>
                      <span>
                        <img width="3%" src="passed.png"/>
                        <a href="#" class="method navigator-link" panel-name="suite-JusDone_Application_Test_Automation_Test_Suite" title="com.JusDone.qa.TestCases.RegisterPageTest" hash-for-method="verifyRegisterNameTest">verifyRegisterNameTest</a> <!-- method navigator-link -->
                      </span>
                      <br/>
                      <span>
                        <img width="3%" src="passed.png"/>
                        <a href="#" class="method navigator-link" panel-name="suite-JusDone_Application_Test_Automation_Test_Suite" title="com.JusDone.qa.TestCases.DashBoardPageTest" hash-for-method="verifySearchBoxTest">verifySearchBoxTest</a> <!-- method navigator-link -->
                      </span>
                      <br/>
                      <span>
                        <img width="3%" src="passed.png"/>
                        <a href="#" class="method navigator-link" panel-name="suite-JusDone_Application_Test_Automation_Test_Suite" title="com.JusDone.qa.TestCases.DashBoardPageTest" hash-for-method="verifySettingsBtnTest">verifySettingsBtnTest</a> <!-- method navigator-link -->
                      </span>
                      <br/>
                      <span>
                        <img width="3%" src="passed.png"/>
                        <a href="#" class="method navigator-link" panel-name="suite-JusDone_Application_Test_Automation_Test_Suite" title="com.JusDone.qa.TestCases.TaskPageTest" hash-for-method="verifySettingsLinkTest">verifySettingsLinkTest</a> <!-- method navigator-link -->
                      </span>
                      <br/>
                      <span>
                        <img width="3%" src="passed.png"/>
                        <a href="#" class="method navigator-link" panel-name="suite-JusDone_Application_Test_Automation_Test_Suite" title="com.JusDone.qa.TestCases.HomePageTest" hash-for-method="verifySignUpLogoTest">verifySignUpLogoTest</a> <!-- method navigator-link -->
                      </span>
                      <br/>
                      <span>
                        <img width="3%" src="passed.png"/>
                        <a href="#" class="method navigator-link" panel-name="suite-JusDone_Application_Test_Automation_Test_Suite" title="com.JusDone.qa.TestCases.DashBoardPageTest" hash-for-method="verifyTaskBtnTest">verifyTaskBtnTest</a> <!-- method navigator-link -->
                      </span>
                      <br/>
                      <span>
                        <img width="3%" src="passed.png"/>
                        <a href="#" class="method navigator-link" panel-name="suite-JusDone_Application_Test_Automation_Test_Suite" title="com.JusDone.qa.TestCases.DashBoardPageTest" hash-for-method="verifyTeamLabelTest">verifyTeamLabelTest</a> <!-- method navigator-link -->
                      </span>
                      <br/>
                      <span>
                        <img width="3%" src="passed.png"/>
                        <a href="#" class="method navigator-link" panel-name="suite-JusDone_Application_Test_Automation_Test_Suite" title="com.JusDone.qa.TestCases.DashBoardPageTest" hash-for-method="verifyTeamNameLabelTest">verifyTeamNameLabelTest</a> <!-- method navigator-link -->
                      </span>
                      <br/>
                      <span>
                        <img width="3%" src="passed.png"/>
                        <a href="#" class="method navigator-link" panel-name="suite-JusDone_Application_Test_Automation_Test_Suite" title="com.JusDone.qa.TestCases.DashBoardPageTest" hash-for-method="verifyTeamsBtnTest">verifyTeamsBtnTest</a> <!-- method navigator-link -->
                      </span>
                      <br/>
                      <span>
                        <img width="3%" src="passed.png"/>
                        <a href="#" class="method navigator-link" panel-name="suite-JusDone_Application_Test_Automation_Test_Suite" title="com.JusDone.qa.TestCases.DashBoardPageTest" hash-for-method="verifyUserNameTest">verifyUserNameTest</a> <!-- method navigator-link -->
                      </span>
                      <br/>
                    </div> <!-- method-list-content passed suite-JusDone_Application_Test_Automation_Test_Suite -->
                  </li>
                </ul>
              </div> <!-- suite-section-content -->
            </div> <!-- result-section -->
          </div> <!-- navigator-suite-content -->
        </div> <!-- rounded-window -->
      </div> <!-- suite -->
    </div> <!-- navigator-root -->
    <div class="wrapper">
      <div class="main-panel-root">
        <div panel-name="suite-JusDone_Application_Test_Automation_Test_Suite" class="panel JusDone_Application_Test_Automation_Test_Suite">
          <div class="suite-JusDone_Application_Test_Automation_Test_Suite-class-failed">
            <div class="main-panel-header rounded-window-top">
              <img src="failed.png"/>
              <span class="class-name">com.JusDone.qa.TestCases.DashBoardPageTest</span>
            </div> <!-- main-panel-header rounded-window-top -->
            <div class="main-panel-content rounded-window-bottom">
              <div class="method">
                <div class="method-content">
                  <a name="ClickCreateNewTaskLinkTest">
                  </a> <!-- ClickCreateNewTaskLinkTest -->
                  <span class="method-name">ClickCreateNewTaskLinkTest</span>
                  <div class="stack-trace">org.openqa.selenium.ElementNotInteractableException: 
Build info: version: &apos;3.7.1&apos;, revision: &apos;8a0099a&apos;, time: &apos;2017-11-06T21:01:39.354Z&apos;
System info: host: &apos;NALLANS-NEWPC&apos;, ip: &apos;192.168.186.1&apos;, os.name: &apos;Windows 10&apos;, os.arch: &apos;amd64&apos;, os.version: &apos;10.0&apos;, java.version: &apos;1.8.0_151&apos;
Driver info: org.openqa.selenium.firefox.FirefoxDriver
Capabilities {acceptInsecureCerts: true, browserName: firefox, browserVersion: 56.0, javascriptEnabled: true, moz:accessibilityChecks: false, moz:headless: false, moz:processID: 13104, moz:profile: C:\Users\venka\AppData\Loca..., pageLoadStrategy: normal, platform: XP, platformName: XP, platformVersion: 10.0, rotatable: false, specificationLevel: 0, timeouts: {implicit: 0, pageLoad: 300000, script: 30000}}
Session ID: ad227215-401d-4247-babd-ee07e24b2dbc
	at org.openqa.selenium.remote.http.W3CHttpResponseCodec.createException(W3CHttpResponseCodec.java:187)
	at org.openqa.selenium.remote.http.W3CHttpResponseCodec.decode(W3CHttpResponseCodec.java:122)
	at org.openqa.selenium.remote.http.W3CHttpResponseCodec.decode(W3CHttpResponseCodec.java:49)
	at org.openqa.selenium.remote.HttpCommandExecutor.execute(HttpCommandExecutor.java:164)
	at org.openqa.selenium.remote.service.DriverCommandExecutor.execute(DriverCommandExecutor.java:83)
	at org.openqa.selenium.remote.RemoteWebDriver.execute(RemoteWebDriver.java:600)
	at org.openqa.selenium.remote.RemoteWebElement.execute(RemoteWebElement.java:279)
	at org.openqa.selenium.remote.RemoteWebElement.click(RemoteWebElement.java:83)
	at org.openqa.selenium.support.pagefactory.internal.LocatingElementHandler.invoke(LocatingElementHandler.java:51)
	at com.sun.proxy.$Proxy12.click(Unknown Source)
	at com.JusDone.qa.Pages.DashBoardPage.ClickCreateNewTaskLink(DashBoardPage.java:173)
	at com.JusDone.qa.TestCases.DashBoardPageTest.ClickCreateNewTaskLinkTest(DashBoardPageTest.java:184)
... Removed 32 stack frames
</div> <!-- stack-trace -->
                </div> <!-- method-content -->
              </div> <!-- method -->
            </div> <!-- main-panel-content rounded-window-bottom -->
          </div> <!-- suite-JusDone_Application_Test_Automation_Test_Suite-class-failed -->
          <div class="suite-JusDone_Application_Test_Automation_Test_Suite-class-failed">
            <div class="main-panel-header rounded-window-top">
              <img src="failed.png"/>
              <span class="class-name">com.JusDone.qa.TestCases.LoginPageTest</span>
            </div> <!-- main-panel-header rounded-window-top -->
            <div class="main-panel-content rounded-window-bottom">
              <div class="method">
                <div class="method-content">
                  <a name="verifyLRememberMeTest">
                  </a> <!-- verifyLRememberMeTest -->
                  <span class="method-name">verifyLRememberMeTest</span>
                  <div class="stack-trace">java.lang.AssertionError: expected [true] but found [false]
	at com.JusDone.qa.TestCases.LoginPageTest.verifyLRememberMeTest(LoginPageTest.java:62)
... Removed 29 stack frames
</div> <!-- stack-trace -->
                </div> <!-- method-content -->
              </div> <!-- method -->
            </div> <!-- main-panel-content rounded-window-bottom -->
          </div> <!-- suite-JusDone_Application_Test_Automation_Test_Suite-class-failed -->
          <div class="suite-JusDone_Application_Test_Automation_Test_Suite-class-failed">
            <div class="main-panel-header rounded-window-top">
              <img src="failed.png"/>
              <span class="class-name">com.JusDone.qa.TestCases.RegisterPageTest</span>
            </div> <!-- main-panel-header rounded-window-top -->
            <div class="main-panel-content rounded-window-bottom">
              <div class="method">
                <div class="method-content">
                  <a name="VerifyValidAcctNameMsgTest(sv7, siri@gmail.com, Test123, Test123)">
                  </a> <!-- VerifyValidAcctNameMsgTest(sv7, siri@gmail.com, Test123, Test123) -->
                  <span class="method-name">VerifyValidAcctNameMsgTest</span>
                  <span class="parameters">(sv7, siri@gmail.com, Test123, Test123)</span>
                  <div class="stack-trace">org.openqa.selenium.NoSuchElementException: Unable to locate element: /html/body/div/div[1]/div/nav/div/p[1]
For documentation on this error, please visit: http://seleniumhq.org/exceptions/no_such_element.html
Build info: version: &apos;3.7.1&apos;, revision: &apos;8a0099a&apos;, time: &apos;2017-11-06T21:01:39.354Z&apos;
System info: host: &apos;NALLANS-NEWPC&apos;, ip: &apos;192.168.186.1&apos;, os.name: &apos;Windows 10&apos;, os.arch: &apos;amd64&apos;, os.version: &apos;10.0&apos;, java.version: &apos;1.8.0_151&apos;
Driver info: org.openqa.selenium.firefox.FirefoxDriver
Capabilities {acceptInsecureCerts: true, browserName: firefox, browserVersion: 56.0, javascriptEnabled: true, moz:accessibilityChecks: false, moz:headless: false, moz:processID: 15744, moz:profile: C:\Users\venka\AppData\Loca..., pageLoadStrategy: normal, platform: XP, platformName: XP, platformVersion: 10.0, rotatable: false, specificationLevel: 0, timeouts: {implicit: 0, pageLoad: 300000, script: 30000}}
Session ID: 698ecb18-578a-40d3-8f6e-8da8de9b66fc
*** Element info: {Using=xpath, value=/html/body/div/div[1]/div/nav/div/p[1]}
	at org.openqa.selenium.remote.http.W3CHttpResponseCodec.createException(W3CHttpResponseCodec.java:187)
	at org.openqa.selenium.remote.http.W3CHttpResponseCodec.decode(W3CHttpResponseCodec.java:122)
	at org.openqa.selenium.remote.http.W3CHttpResponseCodec.decode(W3CHttpResponseCodec.java:49)
	at org.openqa.selenium.remote.HttpCommandExecutor.execute(HttpCommandExecutor.java:164)
	at org.openqa.selenium.remote.service.DriverCommandExecutor.execute(DriverCommandExecutor.java:83)
	at org.openqa.selenium.remote.RemoteWebDriver.execute(RemoteWebDriver.java:600)
	at org.openqa.selenium.remote.RemoteWebDriver.findElement(RemoteWebDriver.java:370)
	at org.openqa.selenium.remote.RemoteWebDriver.findElementByXPath(RemoteWebDriver.java:472)
	at org.openqa.selenium.By$ByXPath.findElement(By.java:361)
	at org.openqa.selenium.remote.RemoteWebDriver.findElement(RemoteWebDriver.java:362)
	at org.openqa.selenium.support.pagefactory.DefaultElementLocator.findElement(DefaultElementLocator.java:69)
	at org.openqa.selenium.support.pagefactory.internal.LocatingElementHandler.invoke(LocatingElementHandler.java:38)
	at com.sun.proxy.$Proxy12.getWrappedElement(Unknown Source)
	at org.openqa.selenium.remote.internal.WebElementToJsonConverter.apply(WebElementToJsonConverter.java:51)
	at com.google.common.collect.Iterators$6.transform(Iterators.java:820)
	at com.google.common.collect.TransformedIterator.next(TransformedIterator.java:48)
	at com.google.common.collect.Iterators.addAll(Iterators.java:373)
	at com.google.common.collect.Lists.newArrayList(Lists.java:165)
	at com.google.common.collect.Lists.newArrayList(Lists.java:150)
	at org.openqa.selenium.remote.RemoteWebDriver.executeScript(RemoteWebDriver.java:534)
	at com.JusDone.qa.Pages.RegisterPage.VerifyValidAcctNameMsg(RegisterPage.java:104)
	at com.JusDone.qa.TestCases.RegisterPageTest.VerifyValidAcctNameMsgTest(RegisterPageTest.java:73)
... Removed 29 stack frames
</div> <!-- stack-trace -->
                </div> <!-- method-content -->
              </div> <!-- method -->
            </div> <!-- main-panel-content rounded-window-bottom -->
          </div> <!-- suite-JusDone_Application_Test_Automation_Test_Suite-class-failed -->
          <div class="suite-JusDone_Application_Test_Automation_Test_Suite-class-passed">
            <div class="main-panel-header rounded-window-top">
              <img src="passed.png"/>
              <span class="class-name">com.JusDone.qa.TestCases.DashBoardPageTest</span>
            </div> <!-- main-panel-header rounded-window-top -->
            <div class="main-panel-content rounded-window-bottom">
              <div class="method">
                <div class="method-content">
                  <a name="ClickLogOutBtn">
                  </a> <!-- ClickLogOutBtn -->
                  <span class="method-name">ClickLogOutBtn</span>
                </div> <!-- method-content -->
              </div> <!-- method -->
              <div class="method">
                <div class="method-content">
                  <a name="ClickTaskBtnTest">
                  </a> <!-- ClickTaskBtnTest -->
                  <span class="method-name">ClickTaskBtnTest</span>
                </div> <!-- method-content -->
              </div> <!-- method -->
              <div class="method">
                <div class="method-content">
                  <a name="CreateTeamBtnTest">
                  </a> <!-- CreateTeamBtnTest -->
                  <span class="method-name">CreateTeamBtnTest</span>
                </div> <!-- method-content -->
              </div> <!-- method -->
              <div class="method">
                <div class="method-content">
                  <a name="verifyBellBtnTest">
                  </a> <!-- verifyBellBtnTest -->
                  <span class="method-name">verifyBellBtnTest</span>
                </div> <!-- method-content -->
              </div> <!-- method -->
              <div class="method">
                <div class="method-content">
                  <a name="verifyCreateNewTaskLinkTest">
                  </a> <!-- verifyCreateNewTaskLinkTest -->
                  <span class="method-name">verifyCreateNewTaskLinkTest</span>
                </div> <!-- method-content -->
              </div> <!-- method -->
              <div class="method">
                <div class="method-content">
                  <a name="verifyCreateNewTeamBtnTest">
                  </a> <!-- verifyCreateNewTeamBtnTest -->
                  <span class="method-name">verifyCreateNewTeamBtnTest</span>
                </div> <!-- method-content -->
              </div> <!-- method -->
              <div class="method">
                <div class="method-content">
                  <a name="verifyDashBoardBtnTest">
                  </a> <!-- verifyDashBoardBtnTest -->
                  <span class="method-name">verifyDashBoardBtnTest</span>
                </div> <!-- method-content -->
              </div> <!-- method -->
              <div class="method">
                <div class="method-content">
                  <a name="verifyInvitesBtnTest">
                  </a> <!-- verifyInvitesBtnTest -->
                  <span class="method-name">verifyInvitesBtnTest</span>
                </div> <!-- method-content -->
              </div> <!-- method -->
              <div class="method">
                <div class="method-content">
                  <a name="verifyJusDoneImageTest">
                  </a> <!-- verifyJusDoneImageTest -->
                  <span class="method-name">verifyJusDoneImageTest</span>
                </div> <!-- method-content -->
              </div> <!-- method -->
              <div class="method">
                <div class="method-content">
                  <a name="verifyLogOutBtnTest">
                  </a> <!-- verifyLogOutBtnTest -->
                  <span class="method-name">verifyLogOutBtnTest</span>
                </div> <!-- method-content -->
              </div> <!-- method -->
              <div class="method">
                <div class="method-content">
                  <a name="verifyMenuBarTest">
                  </a> <!-- verifyMenuBarTest -->
                  <span class="method-name">verifyMenuBarTest</span>
                </div> <!-- method-content -->
              </div> <!-- method -->
              <div class="method">
                <div class="method-content">
                  <a name="verifySearchBoxTest">
                  </a> <!-- verifySearchBoxTest -->
                  <span class="method-name">verifySearchBoxTest</span>
                </div> <!-- method-content -->
              </div> <!-- method -->
              <div class="method">
                <div class="method-content">
                  <a name="verifySettingsBtnTest">
                  </a> <!-- verifySettingsBtnTest -->
                  <span class="method-name">verifySettingsBtnTest</span>
                </div> <!-- method-content -->
              </div> <!-- method -->
              <div class="method">
                <div class="method-content">
                  <a name="verifyTaskBtnTest">
                  </a> <!-- verifyTaskBtnTest -->
                  <span class="method-name">verifyTaskBtnTest</span>
                </div> <!-- method-content -->
              </div> <!-- method -->
              <div class="method">
                <div class="method-content">
                  <a name="verifyTeamLabelTest">
                  </a> <!-- verifyTeamLabelTest -->
                  <span class="method-name">verifyTeamLabelTest</span>
                </div> <!-- method-content -->
              </div> <!-- method -->
              <div class="method">
                <div class="method-content">
                  <a name="verifyTeamNameLabelTest">
                  </a> <!-- verifyTeamNameLabelTest -->
                  <span class="method-name">verifyTeamNameLabelTest</span>
                </div> <!-- method-content -->
              </div> <!-- method -->
              <div class="method">
                <div class="method-content">
                  <a name="verifyTeamsBtnTest">
                  </a> <!-- verifyTeamsBtnTest -->
                  <span class="method-name">verifyTeamsBtnTest</span>
                </div> <!-- method-content -->
              </div> <!-- method -->
              <div class="method">
                <div class="method-content">
                  <a name="verifyUserNameTest">
                  </a> <!-- verifyUserNameTest -->
                  <span class="method-name">verifyUserNameTest</span>
                </div> <!-- method-content -->
              </div> <!-- method -->
            </div> <!-- main-panel-content rounded-window-bottom -->
          </div> <!-- suite-JusDone_Application_Test_Automation_Test_Suite-class-passed -->
          <div class="suite-JusDone_Application_Test_Automation_Test_Suite-class-passed">
            <div class="main-panel-header rounded-window-top">
              <img src="passed.png"/>
              <span class="class-name">com.JusDone.qa.TestCases.TaskPageTest</span>
            </div> <!-- main-panel-header rounded-window-top -->
            <div class="main-panel-content rounded-window-bottom">
              <div class="method">
                <div class="method-content">
                  <a name="ClickCreateNewTaskLinkTest">
                  </a> <!-- ClickCreateNewTaskLinkTest -->
                  <span class="method-name">ClickCreateNewTaskLinkTest</span>
                </div> <!-- method-content -->
              </div> <!-- method -->
              <div class="method">
                <div class="method-content">
                  <a name="verifyCreateNewTaskLinkTest">
                  </a> <!-- verifyCreateNewTaskLinkTest -->
                  <span class="method-name">verifyCreateNewTaskLinkTest</span>
                </div> <!-- method-content -->
              </div> <!-- method -->
              <div class="method">
                <div class="method-content">
                  <a name="verifyMembersLinkTest">
                  </a> <!-- verifyMembersLinkTest -->
                  <span class="method-name">verifyMembersLinkTest</span>
                </div> <!-- method-content -->
              </div> <!-- method -->
              <div class="method">
                <div class="method-content">
                  <a name="verifySettingsLinkTest">
                  </a> <!-- verifySettingsLinkTest -->
                  <span class="method-name">verifySettingsLinkTest</span>
                </div> <!-- method-content -->
              </div> <!-- method -->
            </div> <!-- main-panel-content rounded-window-bottom -->
          </div> <!-- suite-JusDone_Application_Test_Automation_Test_Suite-class-passed -->
          <div class="suite-JusDone_Application_Test_Automation_Test_Suite-class-passed">
            <div class="main-panel-header rounded-window-top">
              <img src="passed.png"/>
              <span class="class-name">com.JusDone.qa.TestCases.LoginPageTest</span>
            </div> <!-- main-panel-header rounded-window-top -->
            <div class="main-panel-content rounded-window-bottom">
              <div class="method">
                <div class="method-content">
                  <a name="BlankInputLoginTest">
                  </a> <!-- BlankInputLoginTest -->
                  <span class="method-name">BlankInputLoginTest</span>
                </div> <!-- method-content -->
              </div> <!-- method -->
              <div class="method">
                <div class="method-content">
                  <a name="InvalidLoginTest">
                  </a> <!-- InvalidLoginTest -->
                  <span class="method-name">InvalidLoginTest</span>
                </div> <!-- method-content -->
              </div> <!-- method -->
              <div class="method">
                <div class="method-content">
                  <a name="ValidLoginTest">
                  </a> <!-- ValidLoginTest -->
                  <span class="method-name">ValidLoginTest</span>
                </div> <!-- method-content -->
              </div> <!-- method -->
              <div class="method">
                <div class="method-content">
                  <a name="verifyLCreateAcctBtnTest">
                  </a> <!-- verifyLCreateAcctBtnTest -->
                  <span class="method-name">verifyLCreateAcctBtnTest</span>
                </div> <!-- method-content -->
              </div> <!-- method -->
              <div class="method">
                <div class="method-content">
                  <a name="verifyLForgotPwdTest">
                  </a> <!-- verifyLForgotPwdTest -->
                  <span class="method-name">verifyLForgotPwdTest</span>
                </div> <!-- method-content -->
              </div> <!-- method -->
              <div class="method">
                <div class="method-content">
                  <a name="verifyLoginBtnTest">
                  </a> <!-- verifyLoginBtnTest -->
                  <span class="method-name">verifyLoginBtnTest</span>
                </div> <!-- method-content -->
              </div> <!-- method -->
              <div class="method">
                <div class="method-content">
                  <a name="verifyLoginNameTest">
                  </a> <!-- verifyLoginNameTest -->
                  <span class="method-name">verifyLoginNameTest</span>
                </div> <!-- method-content -->
              </div> <!-- method -->
            </div> <!-- main-panel-content rounded-window-bottom -->
          </div> <!-- suite-JusDone_Application_Test_Automation_Test_Suite-class-passed -->
          <div class="suite-JusDone_Application_Test_Automation_Test_Suite-class-passed">
            <div class="main-panel-header rounded-window-top">
              <img src="passed.png"/>
              <span class="class-name">com.JusDone.qa.TestCases.HomePageTest</span>
            </div> <!-- main-panel-header rounded-window-top -->
            <div class="main-panel-content rounded-window-bottom">
              <div class="method">
                <div class="method-content">
                  <a name="ClickLoginBtnTest">
                  </a> <!-- ClickLoginBtnTest -->
                  <span class="method-name">ClickLoginBtnTest</span>
                </div> <!-- method-content -->
              </div> <!-- method -->
              <div class="method">
                <div class="method-content">
                  <a name="ClickOnSignupLogoTest">
                  </a> <!-- ClickOnSignupLogoTest -->
                  <span class="method-name">ClickOnSignupLogoTest</span>
                </div> <!-- method-content -->
              </div> <!-- method -->
              <div class="method">
                <div class="method-content">
                  <a name="verifyAboutUsLogoTest">
                  </a> <!-- verifyAboutUsLogoTest -->
                  <span class="method-name">verifyAboutUsLogoTest</span>
                </div> <!-- method-content -->
              </div> <!-- method -->
              <div class="method">
                <div class="method-content">
                  <a name="verifyContactUsLogoTest">
                  </a> <!-- verifyContactUsLogoTest -->
                  <span class="method-name">verifyContactUsLogoTest</span>
                </div> <!-- method-content -->
              </div> <!-- method -->
              <div class="method">
                <div class="method-content">
                  <a name="verifyHomePageTitleTest">
                  </a> <!-- verifyHomePageTitleTest -->
                  <span class="method-name">verifyHomePageTitleTest</span>
                </div> <!-- method-content -->
              </div> <!-- method -->
              <div class="method">
                <div class="method-content">
                  <a name="verifyJusDoneLogoTest">
                  </a> <!-- verifyJusDoneLogoTest -->
                  <span class="method-name">verifyJusDoneLogoTest</span>
                </div> <!-- method-content -->
              </div> <!-- method -->
              <div class="method">
                <div class="method-content">
                  <a name="verifyLoginLogoTest">
                  </a> <!-- verifyLoginLogoTest -->
                  <span class="method-name">verifyLoginLogoTest</span>
                </div> <!-- method-content -->
              </div> <!-- method -->
              <div class="method">
                <div class="method-content">
                  <a name="verifySignUpLogoTest">
                  </a> <!-- verifySignUpLogoTest -->
                  <span class="method-name">verifySignUpLogoTest</span>
                </div> <!-- method-content -->
              </div> <!-- method -->
            </div> <!-- main-panel-content rounded-window-bottom -->
          </div> <!-- suite-JusDone_Application_Test_Automation_Test_Suite-class-passed -->
          <div class="suite-JusDone_Application_Test_Automation_Test_Suite-class-passed">
            <div class="main-panel-header rounded-window-top">
              <img src="passed.png"/>
              <span class="class-name">com.JusDone.qa.TestCases.RegisterPageTest</span>
            </div> <!-- main-panel-header rounded-window-top -->
            <div class="main-panel-content rounded-window-bottom">
              <div class="method">
                <div class="method-content">
                  <a name="ClickSignInButtonTest">
                  </a> <!-- ClickSignInButtonTest -->
                  <span class="method-name">ClickSignInButtonTest</span>
                </div> <!-- method-content -->
              </div> <!-- method -->
              <div class="method">
                <div class="method-content">
                  <a name="VerifyBlankErrorMsgTest(svsv, , Test123, Test123)">
                  </a> <!-- VerifyBlankErrorMsgTest(svsv, , Test123, Test123) -->
                  <span class="method-name">VerifyBlankErrorMsgTest</span>
                  <span class="parameters">(svsv, , Test123, Test123)</span>
                </div> <!-- method-content -->
              </div> <!-- method -->
              <div class="method">
                <div class="method-content">
                  <a name="VerifyExistingAcctErrorMsgTest(ab12, ab12@gmail.com, Test123, Test123)">
                  </a> <!-- VerifyExistingAcctErrorMsgTest(ab12, ab12@gmail.com, Test123, Test123) -->
                  <span class="method-name">VerifyExistingAcctErrorMsgTest</span>
                  <span class="parameters">(ab12, ab12@gmail.com, Test123, Test123)</span>
                </div> <!-- method-content -->
              </div> <!-- method -->
              <div class="method">
                <div class="method-content">
                  <a name="VerifyInvalidEmailErrorMsgTest(sr123, sr123@123, Test123, Test123)">
                  </a> <!-- VerifyInvalidEmailErrorMsgTest(sr123, sr123@123, Test123, Test123) -->
                  <span class="method-name">VerifyInvalidEmailErrorMsgTest</span>
                  <span class="parameters">(sr123, sr123@123, Test123, Test123)</span>
                </div> <!-- method-content -->
              </div> <!-- method -->
              <div class="method">
                <div class="method-content">
                  <a name="VerifyPwdMatchErrorMsgTest(sri123, sri123@gmail.com, Test123, Tes123)">
                  </a> <!-- VerifyPwdMatchErrorMsgTest(sri123, sri123@gmail.com, Test123, Tes123) -->
                  <span class="method-name">VerifyPwdMatchErrorMsgTest</span>
                  <span class="parameters">(sri123, sri123@gmail.com, Test123, Tes123)</span>
                </div> <!-- method-content -->
              </div> <!-- method -->
              <div class="method">
                <div class="method-content">
                  <a name="verifyExistingUserBtnTest">
                  </a> <!-- verifyExistingUserBtnTest -->
                  <span class="method-name">verifyExistingUserBtnTest</span>
                </div> <!-- method-content -->
              </div> <!-- method -->
              <div class="method">
                <div class="method-content">
                  <a name="verifyRegisterNameTest">
                  </a> <!-- verifyRegisterNameTest -->
                  <span class="method-name">verifyRegisterNameTest</span>
                </div> <!-- method-content -->
              </div> <!-- method -->
            </div> <!-- main-panel-content rounded-window-bottom -->
          </div> <!-- suite-JusDone_Application_Test_Automation_Test_Suite-class-passed -->
        </div> <!-- panel JusDone_Application_Test_Automation_Test_Suite -->
        <div panel-name="test-xml-JusDone_Application_Test_Automation_Test_Suite" class="panel">
          <div class="main-panel-header rounded-window-top">
            <span class="header-content">C:\Selenium Jar Files\JusDone_App\testng.xml</span>
          </div> <!-- main-panel-header rounded-window-top -->
          <div class="main-panel-content rounded-window-bottom">
            <pre>
&lt;?xml version=&quot;1.0&quot; encoding=&quot;UTF-8&quot;?&gt;
&lt;!DOCTYPE suite SYSTEM &quot;http://testng.org/testng-1.0.dtd&quot;&gt;
&lt;suite guice-stage=&quot;DEVELOPMENT&quot; name=&quot;JusDone Application Test Automation Test Suite&quot;&gt;
  &lt;test name=&quot;LoginTest&quot;&gt;
    &lt;classes&gt;
      &lt;class name=&quot;com.JusDone.qa.TestCases.LoginPageTest&quot;/&gt;
    &lt;/classes&gt;
  &lt;/test&gt; &lt;!-- LoginTest --&gt;
  &lt;test name=&quot;HomepageTest&quot;&gt;
    &lt;classes&gt;
      &lt;class name=&quot;com.JusDone.qa.TestCases.HomePageTest&quot;/&gt;
    &lt;/classes&gt;
  &lt;/test&gt; &lt;!-- HomepageTest --&gt;
  &lt;test name=&quot;RegisterPageTest&quot;&gt;
    &lt;classes&gt;
      &lt;class name=&quot;com.JusDone.qa.TestCases.RegisterPageTest&quot;/&gt;
    &lt;/classes&gt;
  &lt;/test&gt; &lt;!-- RegisterPageTest --&gt;
  &lt;test name=&quot;DashBoardPageTest&quot;&gt;
    &lt;classes&gt;
      &lt;class name=&quot;com.JusDone.qa.TestCases.DashBoardPageTest&quot;/&gt;
    &lt;/classes&gt;
  &lt;/test&gt; &lt;!-- DashBoardPageTest --&gt;
  &lt;test name=&quot;TaskPageTest&quot;&gt;
    &lt;classes&gt;
      &lt;class name=&quot;com.JusDone.qa.TestCases.TaskPageTest&quot;/&gt;
    &lt;/classes&gt;
  &lt;/test&gt; &lt;!-- TaskPageTest --&gt;
&lt;/suite&gt; &lt;!-- JusDone Application Test Automation Test Suite --&gt;
            </pre>
          </div> <!-- main-panel-content rounded-window-bottom -->
        </div> <!-- panel -->
        <div panel-name="testlist-JusDone_Application_Test_Automation_Test_Suite" class="panel">
          <div class="main-panel-header rounded-window-top">
            <span class="header-content">Tests for JusDone Application Test Automation Test Suite</span>
          </div> <!-- main-panel-header rounded-window-top -->
          <div class="main-panel-content rounded-window-bottom">
            <ul>
              <li>
                <span class="test-name">LoginTest (1 class)</span>
              </li>
              <li>
                <span class="test-name">HomepageTest (1 class)</span>
              </li>
              <li>
                <span class="test-name">RegisterPageTest (1 class)</span>
              </li>
              <li>
                <span class="test-name">DashBoardPageTest (1 class)</span>
              </li>
              <li>
                <span class="test-name">TaskPageTest (1 class)</span>
              </li>
            </ul>
          </div> <!-- main-panel-content rounded-window-bottom -->
        </div> <!-- panel -->
        <div panel-name="group-JusDone_Application_Test_Automation_Test_Suite" class="panel">
          <div class="main-panel-header rounded-window-top">
            <span class="header-content">Groups for JusDone Application Test Automation Test Suite</span>
          </div> <!-- main-panel-header rounded-window-top -->
          <div class="main-panel-content rounded-window-bottom">
          </div> <!-- main-panel-content rounded-window-bottom -->
        </div> <!-- panel -->
        <div panel-name="times-JusDone_Application_Test_Automation_Test_Suite" class="panel">
          <div class="main-panel-header rounded-window-top">
            <span class="header-content">Times for JusDone Application Test Automation Test Suite</span>
          </div> <!-- main-panel-header rounded-window-top -->
          <div class="main-panel-content rounded-window-bottom">
            <div class="times-div">
              <script type="text/javascript">
suiteTableInitFunctions.push('tableData_JusDone_Application_Test_Automation_Test_Suite');
function tableData_JusDone_Application_Test_Automation_Test_Suite() {
var data = new google.visualization.DataTable();
data.addColumn('number', 'Number');
data.addColumn('string', 'Method');
data.addColumn('string', 'Class');
data.addColumn('number', 'Time (ms)');
data.addRows(47);
data.setCell(0, 0, 0)
data.setCell(0, 1, 'VerifyValidAcctNameMsgTest')
data.setCell(0, 2, 'com.JusDone.qa.TestCases.RegisterPageTest')
data.setCell(0, 3, 22343);
data.setCell(1, 0, 1)
data.setCell(1, 1, 'ValidLoginTest')
data.setCell(1, 2, 'com.JusDone.qa.TestCases.LoginPageTest')
data.setCell(1, 3, 7554);
data.setCell(2, 0, 2)
data.setCell(2, 1, 'CreateTeamBtnTest')
data.setCell(2, 2, 'com.JusDone.qa.TestCases.DashBoardPageTest')
data.setCell(2, 3, 7447);
data.setCell(3, 0, 3)
data.setCell(3, 1, 'ClickTaskBtnTest')
data.setCell(3, 2, 'com.JusDone.qa.TestCases.DashBoardPageTest')
data.setCell(3, 3, 6404);
data.setCell(4, 0, 4)
data.setCell(4, 1, 'verifyJusDoneImageTest')
data.setCell(4, 2, 'com.JusDone.qa.TestCases.DashBoardPageTest')
data.setCell(4, 3, 6039);
data.setCell(5, 0, 5)
data.setCell(5, 1, 'ClickLoginBtnTest')
data.setCell(5, 2, 'com.JusDone.qa.TestCases.HomePageTest')
data.setCell(5, 3, 5555);
data.setCell(6, 0, 6)
data.setCell(6, 1, 'ClickCreateNewTaskLinkTest')
data.setCell(6, 2, 'com.JusDone.qa.TestCases.TaskPageTest')
data.setCell(6, 3, 4427);
data.setCell(7, 0, 7)
data.setCell(7, 1, 'verifyCreateNewTaskLinkTest')
data.setCell(7, 2, 'com.JusDone.qa.TestCases.TaskPageTest')
data.setCell(7, 3, 3053);
data.setCell(8, 0, 8)
data.setCell(8, 1, 'ClickOnSignupLogoTest')
data.setCell(8, 2, 'com.JusDone.qa.TestCases.HomePageTest')
data.setCell(8, 3, 2268);
data.setCell(9, 0, 9)
data.setCell(9, 1, 'InvalidLoginTest')
data.setCell(9, 2, 'com.JusDone.qa.TestCases.LoginPageTest')
data.setCell(9, 3, 2125);
data.setCell(10, 0, 10)
data.setCell(10, 1, 'VerifyInvalidEmailErrorMsgTest')
data.setCell(10, 2, 'com.JusDone.qa.TestCases.RegisterPageTest')
data.setCell(10, 3, 2098);
data.setCell(11, 0, 11)
data.setCell(11, 1, 'VerifyPwdMatchErrorMsgTest')
data.setCell(11, 2, 'com.JusDone.qa.TestCases.RegisterPageTest')
data.setCell(11, 3, 2096);
data.setCell(12, 0, 12)
data.setCell(12, 1, 'VerifyExistingAcctErrorMsgTest')
data.setCell(12, 2, 'com.JusDone.qa.TestCases.RegisterPageTest')
data.setCell(12, 3, 2072);
data.setCell(13, 0, 13)
data.setCell(13, 1, 'VerifyBlankErrorMsgTest')
data.setCell(13, 2, 'com.JusDone.qa.TestCases.RegisterPageTest')
data.setCell(13, 3, 1129);
data.setCell(14, 0, 14)
data.setCell(14, 1, 'ClickLogOutBtn')
data.setCell(14, 2, 'com.JusDone.qa.TestCases.DashBoardPageTest')
data.setCell(14, 3, 816);
data.setCell(15, 0, 15)
data.setCell(15, 1, 'BlankInputLoginTest')
data.setCell(15, 2, 'com.JusDone.qa.TestCases.LoginPageTest')
data.setCell(15, 3, 609);
data.setCell(16, 0, 16)
data.setCell(16, 1, 'verifyRegisterNameTest')
data.setCell(16, 2, 'com.JusDone.qa.TestCases.RegisterPageTest')
data.setCell(16, 3, 110);
data.setCell(17, 0, 17)
data.setCell(17, 1, 'verifyLoginNameTest')
data.setCell(17, 2, 'com.JusDone.qa.TestCases.LoginPageTest')
data.setCell(17, 3, 94);
data.setCell(18, 0, 18)
data.setCell(18, 1, 'verifyLRememberMeTest')
data.setCell(18, 2, 'com.JusDone.qa.TestCases.LoginPageTest')
data.setCell(18, 3, 94);
data.setCell(19, 0, 19)
data.setCell(19, 1, 'verifyContactUsLogoTest')
data.setCell(19, 2, 'com.JusDone.qa.TestCases.HomePageTest')
data.setCell(19, 3, 78);
data.setCell(20, 0, 20)
data.setCell(20, 1, 'verifySignUpLogoTest')
data.setCell(20, 2, 'com.JusDone.qa.TestCases.HomePageTest')
data.setCell(20, 3, 78);
data.setCell(21, 0, 21)
data.setCell(21, 1, 'verifyJusDoneLogoTest')
data.setCell(21, 2, 'com.JusDone.qa.TestCases.HomePageTest')
data.setCell(21, 3, 63);
data.setCell(22, 0, 22)
data.setCell(22, 1, 'verifyExistingUserBtnTest')
data.setCell(22, 2, 'com.JusDone.qa.TestCases.RegisterPageTest')
data.setCell(22, 3, 63);
data.setCell(23, 0, 23)
data.setCell(23, 1, 'verifyLoginBtnTest')
data.setCell(23, 2, 'com.JusDone.qa.TestCases.LoginPageTest')
data.setCell(23, 3, 62);
data.setCell(24, 0, 24)
data.setCell(24, 1, 'verifyLForgotPwdTest')
data.setCell(24, 2, 'com.JusDone.qa.TestCases.LoginPageTest')
data.setCell(24, 3, 62);
data.setCell(25, 0, 25)
data.setCell(25, 1, 'verifyLCreateAcctBtnTest')
data.setCell(25, 2, 'com.JusDone.qa.TestCases.LoginPageTest')
data.setCell(25, 3, 62);
data.setCell(26, 0, 26)
data.setCell(26, 1, 'verifyAboutUsLogoTest')
data.setCell(26, 2, 'com.JusDone.qa.TestCases.HomePageTest')
data.setCell(26, 3, 62);
data.setCell(27, 0, 27)
data.setCell(27, 1, 'verifyTeamNameLabelTest')
data.setCell(27, 2, 'com.JusDone.qa.TestCases.DashBoardPageTest')
data.setCell(27, 3, 62);
data.setCell(28, 0, 28)
data.setCell(28, 1, 'verifyLoginLogoTest')
data.setCell(28, 2, 'com.JusDone.qa.TestCases.HomePageTest')
data.setCell(28, 3, 47);
data.setCell(29, 0, 29)
data.setCell(29, 1, 'ClickSignInButtonTest')
data.setCell(29, 2, 'com.JusDone.qa.TestCases.RegisterPageTest')
data.setCell(29, 3, 47);
data.setCell(30, 0, 30)
data.setCell(30, 1, 'verifyMembersLinkTest')
data.setCell(30, 2, 'com.JusDone.qa.TestCases.TaskPageTest')
data.setCell(30, 3, 46);
data.setCell(31, 0, 31)
data.setCell(31, 1, 'verifyCreateNewTeamBtnTest')
data.setCell(31, 2, 'com.JusDone.qa.TestCases.DashBoardPageTest')
data.setCell(31, 3, 32);
data.setCell(32, 0, 32)
data.setCell(32, 1, 'verifyTeamLabelTest')
data.setCell(32, 2, 'com.JusDone.qa.TestCases.DashBoardPageTest')
data.setCell(32, 3, 32);
data.setCell(33, 0, 33)
data.setCell(33, 1, 'verifyMenuBarTest')
data.setCell(33, 2, 'com.JusDone.qa.TestCases.DashBoardPageTest')
data.setCell(33, 3, 32);
data.setCell(34, 0, 34)
data.setCell(34, 1, 'verifySettingsBtnTest')
data.setCell(34, 2, 'com.JusDone.qa.TestCases.DashBoardPageTest')
data.setCell(34, 3, 32);
data.setCell(35, 0, 35)
data.setCell(35, 1, 'verifySearchBoxTest')
data.setCell(35, 2, 'com.JusDone.qa.TestCases.DashBoardPageTest')
data.setCell(35, 3, 32);
data.setCell(36, 0, 36)
data.setCell(36, 1, 'verifySettingsLinkTest')
data.setCell(36, 2, 'com.JusDone.qa.TestCases.TaskPageTest')
data.setCell(36, 3, 31);
data.setCell(37, 0, 37)
data.setCell(37, 1, 'verifyBellBtnTest')
data.setCell(37, 2, 'com.JusDone.qa.TestCases.DashBoardPageTest')
data.setCell(37, 3, 16);
data.setCell(38, 0, 38)
data.setCell(38, 1, 'verifyInvitesBtnTest')
data.setCell(38, 2, 'com.JusDone.qa.TestCases.DashBoardPageTest')
data.setCell(38, 3, 16);
data.setCell(39, 0, 39)
data.setCell(39, 1, 'verifyTaskBtnTest')
data.setCell(39, 2, 'com.JusDone.qa.TestCases.DashBoardPageTest')
data.setCell(39, 3, 16);
data.setCell(40, 0, 40)
data.setCell(40, 1, 'verifyTeamsBtnTest')
data.setCell(40, 2, 'com.JusDone.qa.TestCases.DashBoardPageTest')
data.setCell(40, 3, 15);
data.setCell(41, 0, 41)
data.setCell(41, 1, 'verifyUserNameTest')
data.setCell(41, 2, 'com.JusDone.qa.TestCases.DashBoardPageTest')
data.setCell(41, 3, 15);
data.setCell(42, 0, 42)
data.setCell(42, 1, 'verifyLogOutBtnTest')
data.setCell(42, 2, 'com.JusDone.qa.TestCases.DashBoardPageTest')
data.setCell(42, 3, 15);
data.setCell(43, 0, 43)
data.setCell(43, 1, 'verifyCreateNewTaskLinkTest')
data.setCell(43, 2, 'com.JusDone.qa.TestCases.DashBoardPageTest')
data.setCell(43, 3, 15);
data.setCell(44, 0, 44)
data.setCell(44, 1, 'verifyDashBoardBtnTest')
data.setCell(44, 2, 'com.JusDone.qa.TestCases.DashBoardPageTest')
data.setCell(44, 3, 15);
data.setCell(45, 0, 45)
data.setCell(45, 1, 'ClickCreateNewTaskLinkTest')
data.setCell(45, 2, 'com.JusDone.qa.TestCases.DashBoardPageTest')
data.setCell(45, 3, 15);
data.setCell(46, 0, 46)
data.setCell(46, 1, 'verifyHomePageTitleTest')
data.setCell(46, 2, 'com.JusDone.qa.TestCases.HomePageTest')
data.setCell(46, 3, 0);
window.suiteTableData['JusDone_Application_Test_Automation_Test_Suite']= { tableData: data, tableDiv: 'times-div-JusDone_Application_Test_Automation_Test_Suite'}
return data;
}
              </script>
              <span class="suite-total-time">Total running time: 1 minutes</span>
              <div id="times-div-JusDone_Application_Test_Automation_Test_Suite">
              </div> <!-- times-div-JusDone_Application_Test_Automation_Test_Suite -->
            </div> <!-- times-div -->
          </div> <!-- main-panel-content rounded-window-bottom -->
        </div> <!-- panel -->
        <div panel-name="reporter-JusDone_Application_Test_Automation_Test_Suite" class="panel">
          <div class="main-panel-header rounded-window-top">
            <span class="header-content">Reporter output for JusDone Application Test Automation Test Suite</span>
          </div> <!-- main-panel-header rounded-window-top -->
          <div class="main-panel-content rounded-window-bottom">
          </div> <!-- main-panel-content rounded-window-bottom -->
        </div> <!-- panel -->
        <div panel-name="ignored-methods-JusDone_Application_Test_Automation_Test_Suite" class="panel">
          <div class="main-panel-header rounded-window-top">
            <span class="header-content">0 ignored methods</span>
          </div> <!-- main-panel-header rounded-window-top -->
          <div class="main-panel-content rounded-window-bottom">
          </div> <!-- main-panel-content rounded-window-bottom -->
        </div> <!-- panel -->
        <div panel-name="chronological-JusDone_Application_Test_Automation_Test_Suite" class="panel">
          <div class="main-panel-header rounded-window-top">
            <span class="header-content">Methods in chronological order</span>
          </div> <!-- main-panel-header rounded-window-top -->
          <div class="main-panel-content rounded-window-bottom">
            <div class="chronological-class">
              <div class="chronological-class-name">com.JusDone.qa.TestCases.TaskPageTest</div> <!-- chronological-class-name -->
              <div class="configuration-suite before">
                <span class="method-name">setExtent</span>
                <span class="method-start">0 ms</span>
              </div> <!-- configuration-suite before -->
            </div> <!-- chronological-class -->
            <div class="chronological-class">
              <div class="chronological-class-name">com.JusDone.qa.TestCases.LoginPageTest</div> <!-- chronological-class-name -->
              <div class="configuration-method before">
                <span class="method-name">setUp</span>
                <span class="method-start">93 ms</span>
              </div> <!-- configuration-method before -->
              <div class="test-method">
                <span class="method-name">verifyLoginNameTest</span>
                <span class="method-start">15104 ms</span>
              </div> <!-- test-method -->
              <div class="configuration-method after">
                <span class="method-name">setResults([TestResult name=verifyLoginNameTest status=SUCCESS method=LoginPageTest.verifyLoginNameTest()[pri:1...)</span>
                <span class="method-start">15198 ms</span>
              </div> <!-- configuration-method after -->
              <div class="configuration-method before">
                <span class="method-name">setUp</span>
                <span class="method-start">15463 ms</span>
              </div> <!-- configuration-method before -->
              <div class="test-method">
                <span class="method-name">verifyLForgotPwdTest</span>
                <span class="method-start">29247 ms</span>
              </div> <!-- test-method -->
              <div class="configuration-method after">
                <span class="method-name">setResults([TestResult name=verifyLForgotPwdTest status=SUCCESS method=LoginPageTest.verifyLForgotPwdTest()[pri...)</span>
                <span class="method-start">29309 ms</span>
              </div> <!-- configuration-method after -->
              <div class="configuration-method before">
                <span class="method-name">setUp</span>
                <span class="method-start">29575 ms</span>
              </div> <!-- configuration-method before -->
              <div class="test-method">
                <span class="method-name">verifyLoginBtnTest</span>
                <span class="method-start">43206 ms</span>
              </div> <!-- test-method -->
              <div class="configuration-method after">
                <span class="method-name">setResults([TestResult name=verifyLoginBtnTest status=SUCCESS method=LoginPageTest.verifyLoginBtnTest()[pri:3, ...)</span>
                <span class="method-start">43268 ms</span>
              </div> <!-- configuration-method after -->
              <div class="configuration-method before">
                <span class="method-name">setUp</span>
                <span class="method-start">43549 ms</span>
              </div> <!-- configuration-method before -->
              <div class="test-method">
                <img src="failed.png">
                </img>
                <span class="method-name">verifyLRememberMeTest</span>
                <span class="method-start">57171 ms</span>
              </div> <!-- test-method -->
              <div class="configuration-method after">
                <span class="method-name">setResults([TestResult name=verifyLRememberMeTest status=FAILURE method=LoginPageTest.verifyLRememberMeTest()[p...)</span>
                <span class="method-start">57265 ms</span>
              </div> <!-- configuration-method after -->
              <div class="configuration-method before">
                <span class="method-name">setUp</span>
                <span class="method-start">57671 ms</span>
              </div> <!-- configuration-method before -->
              <div class="test-method">
                <span class="method-name">verifyLCreateAcctBtnTest</span>
                <span class="method-start">71345 ms</span>
              </div> <!-- test-method -->
              <div class="configuration-method after">
                <span class="method-name">setResults([TestResult name=verifyLCreateAcctBtnTest status=SUCCESS method=LoginPageTest.verifyLCreateAcctBtnTe...)</span>
                <span class="method-start">71407 ms</span>
              </div> <!-- configuration-method after -->
              <div class="configuration-method before">
                <span class="method-name">setUp</span>
                <span class="method-start">71673 ms</span>
              </div> <!-- configuration-method before -->
              <div class="test-method">
                <span class="method-name">ValidLoginTest</span>
                <span class="method-start">84190 ms</span>
              </div> <!-- test-method -->
              <div class="configuration-method after">
                <span class="method-name">setResults([TestResult name=ValidLoginTest status=SUCCESS method=LoginPageTest.ValidLoginTest()[pri:6, instance...)</span>
                <span class="method-start">91744 ms</span>
              </div> <!-- configuration-method after -->
              <div class="configuration-method before">
                <span class="method-name">setUp</span>
                <span class="method-start">91994 ms</span>
              </div> <!-- configuration-method before -->
              <div class="test-method">
                <span class="method-name">InvalidLoginTest</span>
                <span class="method-start">106270 ms</span>
              </div> <!-- test-method -->
              <div class="configuration-method after">
                <span class="method-name">setResults([TestResult name=InvalidLoginTest status=SUCCESS method=LoginPageTest.InvalidLoginTest()[pri:7, inst...)</span>
                <span class="method-start">108395 ms</span>
              </div> <!-- configuration-method after -->
              <div class="configuration-method before">
                <span class="method-name">setUp</span>
                <span class="method-start">108660 ms</span>
              </div> <!-- configuration-method before -->
              <div class="test-method">
                <span class="method-name">BlankInputLoginTest</span>
                <span class="method-start">122039 ms</span>
              </div> <!-- test-method -->
              <div class="configuration-method after">
                <span class="method-name">setResults([TestResult name=BlankInputLoginTest status=SUCCESS method=LoginPageTest.BlankInputLoginTest()[pri:8...)</span>
                <span class="method-start">122664 ms</span>
              </div> <!-- configuration-method after -->
            </div> <!-- chronological-class -->
            <div class="chronological-class">
              <div class="chronological-class-name">com.JusDone.qa.TestCases.HomePageTest</div> <!-- chronological-class-name -->
              <div class="configuration-method before">
                <span class="method-name">setUp</span>
                <span class="method-start">122961 ms</span>
              </div> <!-- configuration-method before -->
              <div class="configuration-method after">
                <span class="method-name">setResults([TestResult name=verifyHomePageTitleTest status=SUCCESS method=HomePageTest.verifyHomePageTitleTest(...)</span>
                <span class="method-start">131250 ms</span>
              </div> <!-- configuration-method after -->
              <div class="test-method">
                <span class="method-name">verifyHomePageTitleTest</span>
                <span class="method-start">131250 ms</span>
              </div> <!-- test-method -->
              <div class="configuration-method before">
                <span class="method-name">setUp</span>
                <span class="method-start">131500 ms</span>
              </div> <!-- configuration-method before -->
              <div class="test-method">
                <span class="method-name">verifyJusDoneLogoTest</span>
                <span class="method-start">140272 ms</span>
              </div> <!-- test-method -->
              <div class="configuration-method after">
                <span class="method-name">setResults([TestResult name=verifyJusDoneLogoTest status=SUCCESS method=HomePageTest.verifyJusDoneLogoTest()[pr...)</span>
                <span class="method-start">140335 ms</span>
              </div> <!-- configuration-method after -->
              <div class="configuration-method before">
                <span class="method-name">setUp</span>
                <span class="method-start">140585 ms</span>
              </div> <!-- configuration-method before -->
              <div class="test-method">
                <span class="method-name">verifySignUpLogoTest</span>
                <span class="method-start">148691 ms</span>
              </div> <!-- test-method -->
              <div class="configuration-method after">
                <span class="method-name">setResults([TestResult name=verifySignUpLogoTest status=SUCCESS method=HomePageTest.verifySignUpLogoTest()[pri:...)</span>
                <span class="method-start">148769 ms</span>
              </div> <!-- configuration-method after -->
              <div class="configuration-method before">
                <span class="method-name">setUp</span>
                <span class="method-start">149035 ms</span>
              </div> <!-- configuration-method before -->
              <div class="test-method">
                <span class="method-name">verifyLoginLogoTest</span>
                <span class="method-start">156934 ms</span>
              </div> <!-- test-method -->
              <div class="configuration-method after">
                <span class="method-name">setResults([TestResult name=verifyLoginLogoTest status=SUCCESS method=HomePageTest.verifyLoginLogoTest()[pri:4,...)</span>
                <span class="method-start">156981 ms</span>
              </div> <!-- configuration-method after -->
              <div class="configuration-method before">
                <span class="method-name">setUp</span>
                <span class="method-start">157215 ms</span>
              </div> <!-- configuration-method before -->
              <div class="test-method">
                <span class="method-name">verifyContactUsLogoTest</span>
                <span class="method-start">164204 ms</span>
              </div> <!-- test-method -->
              <div class="configuration-method after">
                <span class="method-name">setResults([TestResult name=verifyContactUsLogoTest status=SUCCESS method=HomePageTest.verifyContactUsLogoTest(...)</span>
                <span class="method-start">164282 ms</span>
              </div> <!-- configuration-method after -->
              <div class="configuration-method before">
                <span class="method-name">setUp</span>
                <span class="method-start">164657 ms</span>
              </div> <!-- configuration-method before -->
              <div class="test-method">
                <span class="method-name">verifyAboutUsLogoTest</span>
                <span class="method-start">171553 ms</span>
              </div> <!-- test-method -->
              <div class="configuration-method after">
                <span class="method-name">setResults([TestResult name=verifyAboutUsLogoTest status=SUCCESS method=HomePageTest.verifyAboutUsLogoTest()[pr...)</span>
                <span class="method-start">171615 ms</span>
              </div> <!-- configuration-method after -->
              <div class="configuration-method before">
                <span class="method-name">setUp</span>
                <span class="method-start">171944 ms</span>
              </div> <!-- configuration-method before -->
              <div class="test-method">
                <span class="method-name">ClickOnSignupLogoTest</span>
                <span class="method-start">178508 ms</span>
              </div> <!-- test-method -->
              <div class="configuration-method after">
                <span class="method-name">setResults([TestResult name=ClickOnSignupLogoTest status=SUCCESS method=HomePageTest.ClickOnSignupLogoTest()[pr...)</span>
                <span class="method-start">180776 ms</span>
              </div> <!-- configuration-method after -->
              <div class="configuration-method before">
                <span class="method-name">setUp</span>
                <span class="method-start">181058 ms</span>
              </div> <!-- configuration-method before -->
              <div class="test-method">
                <span class="method-name">ClickLoginBtnTest</span>
                <span class="method-start">189125 ms</span>
              </div> <!-- test-method -->
              <div class="configuration-method after">
                <span class="method-name">setResults([TestResult name=ClickLoginBtnTest status=SUCCESS method=HomePageTest.ClickLoginBtnTest()[pri:8, ins...)</span>
                <span class="method-start">194680 ms</span>
              </div> <!-- configuration-method after -->
            </div> <!-- chronological-class -->
            <div class="chronological-class">
              <div class="chronological-class-name">com.JusDone.qa.TestCases.RegisterPageTest</div> <!-- chronological-class-name -->
              <div class="configuration-method before">
                <span class="method-name">setUp</span>
                <span class="method-start">194930 ms</span>
              </div> <!-- configuration-method before -->
              <div class="test-method">
                <span class="method-name">verifyRegisterNameTest</span>
                <span class="method-start">205203 ms</span>
              </div> <!-- test-method -->
              <div class="configuration-method after">
                <span class="method-name">setResults([TestResult name=verifyRegisterNameTest status=SUCCESS method=RegisterPageTest.verifyRegisterNameTes...)</span>
                <span class="method-start">205313 ms</span>
              </div> <!-- configuration-method after -->
              <div class="configuration-method before">
                <span class="method-name">setUp</span>
                <span class="method-start">205563 ms</span>
              </div> <!-- configuration-method before -->
              <div class="test-method">
                <span class="method-name">verifyExistingUserBtnTest</span>
                <span class="method-start">216009 ms</span>
              </div> <!-- test-method -->
              <div class="configuration-method after">
                <span class="method-name">setResults([TestResult name=verifyExistingUserBtnTest status=SUCCESS method=RegisterPageTest.verifyExistingUser...)</span>
                <span class="method-start">216072 ms</span>
              </div> <!-- configuration-method after -->
              <div class="configuration-method before">
                <span class="method-name">setUp</span>
                <span class="method-start">216884 ms</span>
              </div> <!-- configuration-method before -->
              <div class="test-method">
                <img src="failed.png">
                </img>
                <span class="method-name">VerifyValidAcctNameMsgTest(sv7, siri@gmail.com, Test123, Test123)</span>
                <span class="method-start">227755 ms</span>
              </div> <!-- test-method -->
              <div class="configuration-method after">
                <span class="method-name">setResults([TestResult name=VerifyValidAcctNameMsgTest status=FAILURE method=RegisterPageTest.VerifyValidAcctNa...)</span>
                <span class="method-start">250114 ms</span>
              </div> <!-- configuration-method after -->
              <div class="configuration-method before">
                <span class="method-name">setUp</span>
                <span class="method-start">250488 ms</span>
              </div> <!-- configuration-method before -->
              <div class="test-method">
                <span class="method-name">VerifyExistingAcctErrorMsgTest(ab12, ab12@gmail.com, Test123, Test123)</span>
                <span class="method-start">261276 ms</span>
              </div> <!-- test-method -->
              <div class="configuration-method after">
                <span class="method-name">setResults([TestResult name=VerifyExistingAcctErrorMsgTest status=SUCCESS method=RegisterPageTest.VerifyExistin...)</span>
                <span class="method-start">263348 ms</span>
              </div> <!-- configuration-method after -->
              <div class="configuration-method before">
                <span class="method-name">setUp</span>
                <span class="method-start">263645 ms</span>
              </div> <!-- configuration-method before -->
              <div class="test-method">
                <span class="method-name">VerifyInvalidEmailErrorMsgTest(sr123, sr123@123, Test123, Test123)</span>
                <span class="method-start">272833 ms</span>
              </div> <!-- test-method -->
              <div class="configuration-method after">
                <span class="method-name">setResults([TestResult name=VerifyInvalidEmailErrorMsgTest status=SUCCESS method=RegisterPageTest.VerifyInvalid...)</span>
                <span class="method-start">274931 ms</span>
              </div> <!-- configuration-method after -->
              <div class="configuration-method before">
                <span class="method-name">setUp</span>
                <span class="method-start">275243 ms</span>
              </div> <!-- configuration-method before -->
              <div class="test-method">
                <span class="method-name">VerifyPwdMatchErrorMsgTest(sri123, sri123@gmail.com, Test123, Tes123)</span>
                <span class="method-start">285986 ms</span>
              </div> <!-- test-method -->
              <div class="configuration-method after">
                <span class="method-name">setResults([TestResult name=VerifyPwdMatchErrorMsgTest status=SUCCESS method=RegisterPageTest.VerifyPwdMatchErr...)</span>
                <span class="method-start">288082 ms</span>
              </div> <!-- configuration-method after -->
              <div class="configuration-method before">
                <span class="method-name">setUp</span>
                <span class="method-start">288379 ms</span>
              </div> <!-- configuration-method before -->
              <div class="test-method">
                <span class="method-name">VerifyBlankErrorMsgTest(svsv, , Test123, Test123)</span>
                <span class="method-start">298553 ms</span>
              </div> <!-- test-method -->
              <div class="configuration-method after">
                <span class="method-name">setResults([TestResult name=VerifyBlankErrorMsgTest status=SUCCESS method=RegisterPageTest.VerifyBlankErrorMsgT...)</span>
                <span class="method-start">299682 ms</span>
              </div> <!-- configuration-method after -->
              <div class="configuration-method before">
                <span class="method-name">setUp</span>
                <span class="method-start">299932 ms</span>
              </div> <!-- configuration-method before -->
              <div class="test-method">
                <span class="method-name">ClickSignInButtonTest</span>
                <span class="method-start">309924 ms</span>
              </div> <!-- test-method -->
              <div class="configuration-method after">
                <span class="method-name">setResults([TestResult name=ClickSignInButtonTest status=SUCCESS method=RegisterPageTest.ClickSignInButtonTest(...)</span>
                <span class="method-start">309971 ms</span>
              </div> <!-- configuration-method after -->
            </div> <!-- chronological-class -->
            <div class="chronological-class">
              <div class="chronological-class-name">com.JusDone.qa.TestCases.DashBoardPageTest</div> <!-- chronological-class-name -->
              <div class="configuration-method before">
                <span class="method-name">setUp</span>
                <span class="method-start">310408 ms</span>
              </div> <!-- configuration-method before -->
              <div class="test-method">
                <span class="method-name">verifyJusDoneImageTest</span>
                <span class="method-start">332553 ms</span>
              </div> <!-- test-method -->
              <div class="configuration-method after">
                <span class="method-name">setResults([TestResult name=verifyJusDoneImageTest status=SUCCESS method=DashBoardPageTest.verifyJusDoneImageTe...)</span>
                <span class="method-start">338592 ms</span>
              </div> <!-- configuration-method after -->
              <div class="configuration-method before">
                <span class="method-name">setUp</span>
                <span class="method-start">338913 ms</span>
              </div> <!-- configuration-method before -->
              <div class="test-method">
                <span class="method-name">verifyUserNameTest</span>
                <span class="method-start">359396 ms</span>
              </div> <!-- test-method -->
              <div class="configuration-method after">
                <span class="method-name">setResults([TestResult name=verifyUserNameTest status=SUCCESS method=DashBoardPageTest.verifyUserNameTest()[pri...)</span>
                <span class="method-start">359427 ms</span>
              </div> <!-- configuration-method after -->
              <div class="configuration-method before">
                <span class="method-name">setUp</span>
                <span class="method-start">359677 ms</span>
              </div> <!-- configuration-method before -->
              <div class="test-method">
                <span class="method-name">verifyTeamLabelTest</span>
                <span class="method-start">380921 ms</span>
              </div> <!-- test-method -->
              <div class="configuration-method after">
                <span class="method-name">setResults([TestResult name=verifyTeamLabelTest status=SUCCESS method=DashBoardPageTest.verifyTeamLabelTest()[p...)</span>
                <span class="method-start">380953 ms</span>
              </div> <!-- configuration-method after -->
              <div class="configuration-method before">
                <span class="method-name">setUp</span>
                <span class="method-start">381234 ms</span>
              </div> <!-- configuration-method before -->
              <div class="test-method">
                <span class="method-name">verifySearchBoxTest</span>
                <span class="method-start">401706 ms</span>
              </div> <!-- test-method -->
              <div class="configuration-method after">
                <span class="method-name">setResults([TestResult name=verifySearchBoxTest status=SUCCESS method=DashBoardPageTest.verifySearchBoxTest()[p...)</span>
                <span class="method-start">401738 ms</span>
              </div> <!-- configuration-method after -->
              <div class="configuration-method before">
                <span class="method-name">setUp</span>
                <span class="method-start">402003 ms</span>
              </div> <!-- configuration-method before -->
              <div class="test-method">
                <span class="method-name">verifyTeamNameLabelTest</span>
                <span class="method-start">421755 ms</span>
              </div> <!-- test-method -->
              <div class="configuration-method after">
                <span class="method-name">setResults([TestResult name=verifyTeamNameLabelTest status=SUCCESS method=DashBoardPageTest.verifyTeamNameLabel...)</span>
                <span class="method-start">421817 ms</span>
              </div> <!-- configuration-method after -->
              <div class="configuration-method before">
                <span class="method-name">setUp</span>
                <span class="method-start">422192 ms</span>
              </div> <!-- configuration-method before -->
              <div class="test-method">
                <span class="method-name">verifyDashBoardBtnTest</span>
                <span class="method-start">442773 ms</span>
              </div> <!-- test-method -->
              <div class="configuration-method after">
                <span class="method-name">setResults([TestResult name=verifyDashBoardBtnTest status=SUCCESS method=DashBoardPageTest.verifyDashBoardBtnTe...)</span>
                <span class="method-start">442788 ms</span>
              </div> <!-- configuration-method after -->
              <div class="configuration-method before">
                <span class="method-name">setUp</span>
                <span class="method-start">443058 ms</span>
              </div> <!-- configuration-method before -->
              <div class="test-method">
                <span class="method-name">verifyTeamsBtnTest</span>
                <span class="method-start">465217 ms</span>
              </div> <!-- test-method -->
              <div class="configuration-method after">
                <span class="method-name">setResults([TestResult name=verifyTeamsBtnTest status=SUCCESS method=DashBoardPageTest.verifyTeamsBtnTest()[pri...)</span>
                <span class="method-start">465232 ms</span>
              </div> <!-- configuration-method after -->
              <div class="configuration-method before">
                <span class="method-name">setUp</span>
                <span class="method-start">465498 ms</span>
              </div> <!-- configuration-method before -->
              <div class="test-method">
                <span class="method-name">verifyTaskBtnTest</span>
                <span class="method-start">491038 ms</span>
              </div> <!-- test-method -->
              <div class="configuration-method after">
                <span class="method-name">setResults([TestResult name=verifyTaskBtnTest status=SUCCESS method=DashBoardPageTest.verifyTaskBtnTest()[pri:8...)</span>
                <span class="method-start">491054 ms</span>
              </div> <!-- configuration-method after -->
              <div class="configuration-method before">
                <span class="method-name">setUp</span>
                <span class="method-start">491476 ms</span>
              </div> <!-- configuration-method before -->
              <div class="test-method">
                <span class="method-name">verifyInvitesBtnTest</span>
                <span class="method-start">516913 ms</span>
              </div> <!-- test-method -->
              <div class="configuration-method after">
                <span class="method-name">setResults([TestResult name=verifyInvitesBtnTest status=SUCCESS method=DashBoardPageTest.verifyInvitesBtnTest()...)</span>
                <span class="method-start">516929 ms</span>
              </div> <!-- configuration-method after -->
              <div class="configuration-method before">
                <span class="method-name">setUp</span>
                <span class="method-start">517257 ms</span>
              </div> <!-- configuration-method before -->
              <div class="test-method">
                <span class="method-name">verifySettingsBtnTest</span>
                <span class="method-start">540933 ms</span>
              </div> <!-- test-method -->
              <div class="configuration-method after">
                <span class="method-name">setResults([TestResult name=verifySettingsBtnTest status=SUCCESS method=DashBoardPageTest.verifySettingsBtnTest...)</span>
                <span class="method-start">540965 ms</span>
              </div> <!-- configuration-method after -->
              <div class="configuration-method before">
                <span class="method-name">setUp</span>
                <span class="method-start">541340 ms</span>
              </div> <!-- configuration-method before -->
              <div class="test-method">
                <span class="method-name">verifyMenuBarTest</span>
                <span class="method-start">564595 ms</span>
              </div> <!-- test-method -->
              <div class="configuration-method after">
                <span class="method-name">setResults([TestResult name=verifyMenuBarTest status=SUCCESS method=DashBoardPageTest.verifyMenuBarTest()[pri:1...)</span>
                <span class="method-start">564627 ms</span>
              </div> <!-- configuration-method after -->
              <div class="configuration-method before">
                <span class="method-name">setUp</span>
                <span class="method-start">564908 ms</span>
              </div> <!-- configuration-method before -->
              <div class="test-method">
                <span class="method-name">verifyCreateNewTeamBtnTest</span>
                <span class="method-start">587180 ms</span>
              </div> <!-- test-method -->
              <div class="configuration-method after">
                <span class="method-name">setResults([TestResult name=verifyCreateNewTeamBtnTest status=SUCCESS method=DashBoardPageTest.verifyCreateNewT...)</span>
                <span class="method-start">587212 ms</span>
              </div> <!-- configuration-method after -->
              <div class="configuration-method before">
                <span class="method-name">setUp</span>
                <span class="method-start">587462 ms</span>
              </div> <!-- configuration-method before -->
              <div class="test-method">
                <span class="method-name">verifyBellBtnTest</span>
                <span class="method-start">607108 ms</span>
              </div> <!-- test-method -->
              <div class="configuration-method after">
                <span class="method-name">setResults([TestResult name=verifyBellBtnTest status=SUCCESS method=DashBoardPageTest.verifyBellBtnTest()[pri:1...)</span>
                <span class="method-start">607124 ms</span>
              </div> <!-- configuration-method after -->
              <div class="configuration-method before">
                <span class="method-name">setUp</span>
                <span class="method-start">607389 ms</span>
              </div> <!-- configuration-method before -->
              <div class="test-method">
                <span class="method-name">verifyLogOutBtnTest</span>
                <span class="method-start">628146 ms</span>
              </div> <!-- test-method -->
              <div class="configuration-method after">
                <span class="method-name">setResults([TestResult name=verifyLogOutBtnTest status=SUCCESS method=DashBoardPageTest.verifyLogOutBtnTest()[p...)</span>
                <span class="method-start">628161 ms</span>
              </div> <!-- configuration-method after -->
              <div class="configuration-method before">
                <span class="method-name">setUp</span>
                <span class="method-start">628474 ms</span>
              </div> <!-- configuration-method before -->
              <div class="test-method">
                <span class="method-name">verifyCreateNewTaskLinkTest</span>
                <span class="method-start">649936 ms</span>
              </div> <!-- test-method -->
              <div class="configuration-method after">
                <span class="method-name">setResults([TestResult name=verifyCreateNewTaskLinkTest status=SUCCESS method=DashBoardPageTest.verifyCreateNew...)</span>
                <span class="method-start">649951 ms</span>
              </div> <!-- configuration-method after -->
              <div class="configuration-method before">
                <span class="method-name">setUp</span>
                <span class="method-start">650233 ms</span>
              </div> <!-- configuration-method before -->
              <div class="test-method">
                <span class="method-name">CreateTeamBtnTest</span>
                <span class="method-start">669533 ms</span>
              </div> <!-- test-method -->
              <div class="configuration-method after">
                <span class="method-name">setResults([TestResult name=CreateTeamBtnTest status=SUCCESS method=DashBoardPageTest.CreateTeamBtnTest()[pri:1...)</span>
                <span class="method-start">676980 ms</span>
              </div> <!-- configuration-method after -->
              <div class="configuration-method before">
                <span class="method-name">setUp</span>
                <span class="method-start">677323 ms</span>
              </div> <!-- configuration-method before -->
              <div class="test-method">
                <img src="failed.png">
                </img>
                <span class="method-name">ClickCreateNewTaskLinkTest</span>
                <span class="method-start">698552 ms</span>
              </div> <!-- test-method -->
              <div class="configuration-method after">
                <span class="method-name">setResults([TestResult name=ClickCreateNewTaskLinkTest status=FAILURE method=DashBoardPageTest.ClickCreateNewTa...)</span>
                <span class="method-start">698567 ms</span>
              </div> <!-- configuration-method after -->
              <div class="configuration-method before">
                <span class="method-name">setUp</span>
                <span class="method-start">698974 ms</span>
              </div> <!-- configuration-method before -->
              <div class="test-method">
                <span class="method-name">ClickTaskBtnTest</span>
                <span class="method-start">720938 ms</span>
              </div> <!-- test-method -->
              <div class="configuration-method after">
                <span class="method-name">setResults([TestResult name=ClickTaskBtnTest status=SUCCESS method=DashBoardPageTest.ClickTaskBtnTest()[pri:18,...)</span>
                <span class="method-start">727342 ms</span>
              </div> <!-- configuration-method after -->
              <div class="configuration-method before">
                <span class="method-name">setUp</span>
                <span class="method-start">727607 ms</span>
              </div> <!-- configuration-method before -->
              <div class="test-method">
                <span class="method-name">ClickLogOutBtn</span>
                <span class="method-start">749973 ms</span>
              </div> <!-- test-method -->
              <div class="configuration-method after">
                <span class="method-name">setResults([TestResult name=ClickLogOutBtn status=SUCCESS method=DashBoardPageTest.ClickLogOutBtn()[pri:19, ins...)</span>
                <span class="method-start">750789 ms</span>
              </div> <!-- configuration-method after -->
            </div> <!-- chronological-class -->
            <div class="chronological-class">
              <div class="chronological-class-name">com.JusDone.qa.TestCases.TaskPageTest</div> <!-- chronological-class-name -->
              <div class="configuration-method before">
                <span class="method-name">setUp</span>
                <span class="method-start">751084 ms</span>
              </div> <!-- configuration-method before -->
              <div class="test-method">
                <span class="method-name">verifyCreateNewTaskLinkTest</span>
                <span class="method-start">777193 ms</span>
              </div> <!-- test-method -->
              <div class="configuration-method after">
                <span class="method-name">setResults([TestResult name=verifyCreateNewTaskLinkTest status=SUCCESS method=TaskPageTest.verifyCreateNewTaskL...)</span>
                <span class="method-start">780246 ms</span>
              </div> <!-- configuration-method after -->
              <div class="configuration-method before">
                <span class="method-name">setUp</span>
                <span class="method-start">780559 ms</span>
              </div> <!-- configuration-method before -->
              <div class="test-method">
                <span class="method-name">verifyMembersLinkTest</span>
                <span class="method-start">806417 ms</span>
              </div> <!-- test-method -->
              <div class="configuration-method after">
                <span class="method-name">setResults([TestResult name=verifyMembersLinkTest status=SUCCESS method=TaskPageTest.verifyMembersLinkTest()[pr...)</span>
                <span class="method-start">806463 ms</span>
              </div> <!-- configuration-method after -->
              <div class="configuration-method before">
                <span class="method-name">setUp</span>
                <span class="method-start">806745 ms</span>
              </div> <!-- configuration-method before -->
              <div class="test-method">
                <span class="method-name">verifySettingsLinkTest</span>
                <span class="method-start">836365 ms</span>
              </div> <!-- test-method -->
              <div class="configuration-method after">
                <span class="method-name">setResults([TestResult name=verifySettingsLinkTest status=SUCCESS method=TaskPageTest.verifySettingsLinkTest()[...)</span>
                <span class="method-start">836396 ms</span>
              </div> <!-- configuration-method after -->
              <div class="configuration-method before">
                <span class="method-name">setUp</span>
                <span class="method-start">836662 ms</span>
              </div> <!-- configuration-method before -->
              <div class="test-method">
                <span class="method-name">ClickCreateNewTaskLinkTest</span>
                <span class="method-start">862527 ms</span>
              </div> <!-- test-method -->
              <div class="configuration-method after">
                <span class="method-name">setResults([TestResult name=ClickCreateNewTaskLinkTest status=SUCCESS method=TaskPageTest.ClickCreateNewTaskLin...)</span>
                <span class="method-start">866954 ms</span>
              </div> <!-- configuration-method after -->
              <div class="configuration-suite after">
                <span class="method-name">endReport</span>
                <span class="method-start">867219 ms</span>
              </div> <!-- configuration-suite after -->
          </div> <!-- main-panel-content rounded-window-bottom -->
        </div> <!-- panel -->
      </div> <!-- main-panel-root -->
    </div> <!-- wrapper -->
  </body>
</html>
