<?xml version="1.0" encoding="UTF-8"?>
<!-- Generated by org.testng.reporters.JUnitXMLReporter -->
<testsuite hostname="Nallans-NewPC" ignored="0" name="AcctPageTest" tests="8" failures="1" timestamp="19 Jan 2018 23:11:14 GMT" time="157.764" errors="0">
  <testcase name="verifyingCorrectAcctPageTest" time="1.955" classname="com.JusDone.qa.TestCases.AcctPageTest">
    <failure type="java.lang.AssertionError" message="expected [p
p21] but found [S
Signup]">
      <![CDATA[java.lang.AssertionError: expected [p
p21] but found [S
Signup]
	at com.JusDone.qa.Pages.AcctPage.verifyingCorrectAcctPage(AcctPage.java:36)
	at com.JusDone.qa.TestCases.AcctPageTest.verifyingCorrectAcctPageTest(AcctPageTest.java:59)
... Removed 31 stack frames]]>
    </failure>
  </testcase> <!-- verifyingCorrectAcctPageTest -->
  <testcase name="VerifyingErrorPageTest" time="22.246" classname="com.JusDone.qa.TestCases.AcctPageTest"/>
  <testcase name="verifyNameLogoTest" time="1.956" classname="com.JusDone.qa.TestCases.AcctPageTest"/>
  <testcase name="verifyLogOutLogoTest" time="2.149" classname="com.JusDone.qa.TestCases.AcctPageTest"/>
  <testcase name="verifySignupLogo" time="2.121" classname="com.JusDone.qa.TestCases.AcctPageTest"/>
  <testcase name="ClickNameBtnTest" time="2.481" classname="com.JusDone.qa.TestCases.AcctPageTest"/>
  <testcase name="ClickLogOutBtnTest" time="21.216" classname="com.JusDone.qa.TestCases.AcctPageTest"/>
  <testcase name="ClickJDLogoTest" time="1.799" classname="com.JusDone.qa.TestCases.AcctPageTest"/>
</testsuite> <!-- AcctPageTest -->
