<?xml version="1.0" encoding="UTF-8"?>
<!-- Generated by org.testng.reporters.JUnitXMLReporter -->
<testsuite hostname="Nallans-NewPC" ignored="0" name="JusDone App Test Cases" tests="4" failures="1" timestamp="18 Jan 2018 02:06:05 GMT" time="80.228" errors="0">
  <testcase name="verifyHomePageTitleTest" time="0.016" classname="com.JusDone.qa.TestCases.HomePageTest"/>
  <testcase name="verifyRegisterFormJDPageLogoTest" time="0.047" classname="com.JusDone.qa.TestCases.RegistrationFormPageTest"/>
  <testcase name="VerifyingErrorPageTest" time="16.661" classname="com.JusDone.qa.TestCases.AcctPageTest">
    <failure type="org.openqa.selenium.WebDriverException" message="Failed to find value field
Build info: version: &amp;apos;3.7.1&amp;apos;, revision: &amp;apos;8a0099a&amp;apos;, time: &amp;apos;2017-11-06T21:01:39.354Z&amp;apos;
System info: host: &amp;apos;NALLANS-NEWPC&amp;apos;, ip: &amp;apos;192.168.186.1&amp;apos;, os.name: &amp;apos;Windows 10&amp;apos;, os.arch: &amp;apos;amd64&amp;apos;, os.version: &amp;apos;10.0&amp;apos;, java.version: &amp;apos;1.8.0_151&amp;apos;
Driver info: org.openqa.selenium.firefox.FirefoxDriver
Capabilities {acceptInsecureCerts: true, browserName: firefox, browserVersion: 56.0.2, javascriptEnabled: true, moz:accessibilityChecks: false, moz:headless: false, moz:processID: 12252, moz:profile: C:\Users\venka\AppData\Loca..., pageLoadStrategy: normal, platform: XP, platformName: XP, platformVersion: 10.0, rotatable: false, specificationLevel: 0, timeouts: {implicit: 0, pageLoad: 300000, script: 30000}}
Session ID: dbe5ab62-44ee-4eb5-8044-d60b05f96135
*** Element info: {Using=css selector, value=button[class=target]}">
      <![CDATA[org.openqa.selenium.WebDriverException: Failed to find value field
Build info: version: '3.7.1', revision: '8a0099a', time: '2017-11-06T21:01:39.354Z'
System info: host: 'NALLANS-NEWPC', ip: '192.168.186.1', os.name: 'Windows 10', os.arch: 'amd64', os.version: '10.0', java.version: '1.8.0_151'
Driver info: org.openqa.selenium.firefox.FirefoxDriver
Capabilities {acceptInsecureCerts: true, browserName: firefox, browserVersion: 56.0.2, javascriptEnabled: true, moz:accessibilityChecks: false, moz:headless: false, moz:processID: 12252, moz:profile: C:\Users\venka\AppData\Loca..., pageLoadStrategy: normal, platform: XP, platformName: XP, platformVersion: 10.0, rotatable: false, specificationLevel: 0, timeouts: {implicit: 0, pageLoad: 300000, script: 30000}}
Session ID: dbe5ab62-44ee-4eb5-8044-d60b05f96135
*** Element info: {Using=css selector, value=button[class=target]}
	at org.openqa.selenium.remote.http.W3CHttpResponseCodec.createException(W3CHttpResponseCodec.java:187)
	at org.openqa.selenium.remote.http.W3CHttpResponseCodec.decode(W3CHttpResponseCodec.java:122)
	at org.openqa.selenium.remote.http.W3CHttpResponseCodec.decode(W3CHttpResponseCodec.java:49)
	at org.openqa.selenium.remote.HttpCommandExecutor.execute(HttpCommandExecutor.java:164)
	at org.openqa.selenium.remote.service.DriverCommandExecutor.execute(DriverCommandExecutor.java:83)
	at org.openqa.selenium.remote.RemoteWebDriver.execute(RemoteWebDriver.java:600)
	at org.openqa.selenium.remote.RemoteWebDriver.findElement(RemoteWebDriver.java:370)
	at org.openqa.selenium.remote.RemoteWebDriver.findElementByCssSelector(RemoteWebDriver.java:464)
	at org.openqa.selenium.By$ByCssSelector.findElement(By.java:430)
	at org.openqa.selenium.remote.RemoteWebDriver.findElement(RemoteWebDriver.java:362)
	at org.openqa.selenium.support.pagefactory.DefaultElementLocator.findElement(DefaultElementLocator.java:69)
	at org.openqa.selenium.support.pagefactory.internal.LocatingElementHandler.invoke(LocatingElementHandler.java:38)
	at com.sun.proxy.$Proxy10.click(Unknown Source)
	at com.JusDone.qa.Pages.AcctPage.VerifyingErrorPage(AcctPage.java:54)
	at com.JusDone.qa.TestCases.AcctPageTest.VerifyingErrorPageTest(AcctPageTest.java:64)
... Removed 29 stack frames]]>
    </failure>
  </testcase> <!-- VerifyingErrorPageTest -->
  <testcase name="VerifyErrorMsgTest" time="21.528" classname="com.JusDone.qa.TestCases.ErrorPageTest"/>
</testsuite> <!-- JusDone App Test Cases -->
