<?xml version="1.0" encoding="UTF-8"?>
<!-- Generated by org.testng.reporters.JUnitXMLReporter -->
<testsuite hostname="Nallans-NewPC" ignored="0" name="LoginPageTests" tests="8" failures="1" timestamp="06 Feb 2018 00:58:46 GMT" time="115.315" errors="0">
  <testcase name="verifyLoginNameTest" time="0.045" classname="com.JusDone.qa.TestCases.LoginPageTest"/>
  <testcase name="verifyLForgotPwdTest" time="0.034" classname="com.JusDone.qa.TestCases.LoginPageTest"/>
  <testcase name="verifyLoginBtnTest" time="0.045" classname="com.JusDone.qa.TestCases.LoginPageTest"/>
  <testcase name="verifyLRememberMeTest" time="0.04" classname="com.JusDone.qa.TestCases.LoginPageTest">
    <failure type="java.lang.AssertionError" message="expected [true] but found [false]">
      <![CDATA[java.lang.AssertionError: expected [true] but found [false]
	at com.JusDone.qa.TestCases.LoginPageTest.verifyLRememberMeTest(LoginPageTest.java:59)
... Removed 29 stack frames]]>
    </failure>
  </testcase> <!-- verifyLRememberMeTest -->
  <testcase name="verifyLCreateAcctBtnTest" time="0.037" classname="com.JusDone.qa.TestCases.LoginPageTest"/>
  <testcase name="ValidLoginTest" time="9.428" classname="com.JusDone.qa.TestCases.LoginPageTest"/>
  <testcase name="InvalidLoginTest" time="3.875" classname="com.JusDone.qa.TestCases.LoginPageTest"/>
  <testcase name="BlankInputLoginTest" time="0.629" classname="com.JusDone.qa.TestCases.LoginPageTest"/>
</testsuite> <!-- LoginPageTests -->
