<?xml version="1.0" encoding="UTF-8"?>
<!-- Generated by org.testng.reporters.JUnitXMLReporter -->
<testsuite hostname="Nallans-NewPC" ignored="0" name="LoginTest" tests="8" failures="1" timestamp="16 Feb 2018 20:02:01 GMT" time="122.852" errors="0">
  <testcase name="verifyLoginNameTest" time="0.094" classname="com.JusDone.qa.TestCases.LoginPageTest"/>
  <testcase name="verifyLForgotPwdTest" time="0.062" classname="com.JusDone.qa.TestCases.LoginPageTest"/>
  <testcase name="verifyLoginBtnTest" time="0.062" classname="com.JusDone.qa.TestCases.LoginPageTest"/>
  <testcase name="verifyLRememberMeTest" time="0.094" classname="com.JusDone.qa.TestCases.LoginPageTest">
    <failure type="java.lang.AssertionError" message="expected [true] but found [false]">
      <![CDATA[java.lang.AssertionError: expected [true] but found [false]
	at com.JusDone.qa.TestCases.LoginPageTest.verifyLRememberMeTest(LoginPageTest.java:62)
... Removed 29 stack frames]]>
    </failure>
  </testcase> <!-- verifyLRememberMeTest -->
  <testcase name="verifyLCreateAcctBtnTest" time="0.062" classname="com.JusDone.qa.TestCases.LoginPageTest"/>
  <testcase name="ValidLoginTest" time="7.554" classname="com.JusDone.qa.TestCases.LoginPageTest"/>
  <testcase name="InvalidLoginTest" time="2.125" classname="com.JusDone.qa.TestCases.LoginPageTest"/>
  <testcase name="BlankInputLoginTest" time="0.609" classname="com.JusDone.qa.TestCases.LoginPageTest"/>
</testsuite> <!-- LoginTest -->
